  300.000  5.157342e+00  3.757079e+00 -2.221641e-16  4.167395e-01  5.651968e-01 -8.365915e-17 
  310.000  8.517149e+01  6.388165e+01 -2.651756e-14  6.882289e+00  1.009388e+01 -3.936321e-15 
  320.000  2.343738e+02  1.579714e+02 -4.299378e-15  1.893860e+01  2.570039e+01 -1.107124e-14 
  330.000  4.515991e+02  2.680545e+02 -2.500179e-13  3.649150e+01  4.475198e+01 -2.795550e-14 
  340.000  4.617805e+02  2.318644e+02  1.202216e-13  3.731421e+01  3.952661e+01  3.829609e-14 
  350.000  5.906260e+02  2.536265e+02 -6.465653e-13  4.772558e+01  4.410729e+01 -6.812983e-14 
  360.000  6.616058e+02  2.427971e+02 -6.192420e-14  5.346112e+01  4.286941e+01 -2.897231e-14 
  370.000  7.959274e+02  2.548462e+02  1.189143e-12  6.431499e+01  4.587654e+01  1.966479e-13 
  380.000  6.897508e+02  1.921120e+02  1.964270e-13  5.573537e+01  3.504156e+01 -1.246249e-14 
  390.000  8.428779e+02  2.069928e+02  1.424119e-12  6.810882e+01  3.833844e+01  2.073472e-13 
  400.000  1.169045e+03  2.536403e+02 -6.640946e-12  9.446477e+01  4.755472e+01 -1.056939e-12 
  410.000  1.103785e+03  2.126524e+02  4.467304e-12  8.919146e+01  4.031021e+01  5.220347e-13 
  420.000  1.085334e+03  1.865035e+02 -1.125714e-12  8.770049e+01  3.570191e+01 -1.546541e-14 
  430.000  8.510766e+02  1.309949e+02 -5.316860e-13  6.877132e+01  2.529848e+01  3.932788e-15 
  440.000  1.377071e+03  1.905415e+02 -4.716701e-13  1.112743e+02  3.708829e+01 -2.485119e-14 
  450.000  1.612572e+03  2.012895e+02 -6.907817e-13  1.303040e+02  3.945651e+01 -1.531135e-13 
  460.000  1.617241e+03  1.827361e+02 -5.623023e-13  1.306813e+02  3.605066e+01 -1.542696e-13 
  470.000  1.675660e+03  1.716758e+02  7.085752e-14  1.354019e+02  3.403699e+01  7.149538e-15 
  480.000  1.718227e+03  1.596609e+02  1.131163e-13  1.388415e+02  3.174821e+01  3.267633e-14 
  490.000  1.762406e+03  1.501793e+02  1.303200e-12  1.424114e+02  3.008542e+01  1.207762e-13 
  500.000  1.612119e+03  1.256233e+02 -7.542017e-13  1.302674e+02  2.526448e+01 -6.638034e-14 
  510.000  1.658534e+03  1.184622e+02  1.882514e-13  1.340180e+02  2.390763e+01  3.387238e-14 
  520.000  1.587662e+03  1.041588e+02 -5.104483e-13  1.282912e+02  2.108541e+01 -5.150433e-14 
  530.000  1.606384e+03  9.683450e+01  7.364695e-14  1.298040e+02  1.963705e+01  4.548551e-14 
  540.000  1.630299e+03  9.073145e+01  1.195514e-13  1.317364e+02  1.845806e+01  3.606215e-14 
  550.000  1.611735e+03  8.287968e+01  2.170787e-13  1.302364e+02  1.689950e+01 -6.456755e-15 
  560.000  1.549966e+03  7.368315e+01  2.218990e-13  1.252451e+02  1.504432e+01  4.964865e-14 
  570.000  1.579018e+03  6.806396e+01 -9.170032e-14  1.275927e+02  1.372511e+01 -2.334688e-14 
  580.000  1.620624e+03  6.547614e+01 -1.732825e-14  1.309547e+02  1.330468e+01 -6.525207e-15 
  590.000  1.445756e+03  5.282885e+01  7.993555e-14  1.168245e+02  1.056574e+01  1.067416e-14 
  600.000  1.551896e+03  5.447573e+01 -8.076951e-14  1.254011e+02  1.112309e+01 -5.476796e-15 
  610.000  1.517760e+03  5.026966e+01  7.904541e-14  1.226428e+02  1.035472e+01  2.976570e-14 
  620.000  1.528000e+03  4.718602e+01 -6.113676e-14  1.234701e+02  9.720094e+00 -1.488735e-14 
  630.000  1.437786e+03  4.067205e+01  3.131749e-15  1.161804e+02  8.276264e+00  1.179306e-15 
  640.000  1.443339e+03  3.904404e+01  8.033230e-14  1.166291e+02  8.061776e+00  0.000000e+00 
  650.000  1.345666e+03  3.372815e+01 -1.003474e-14  1.087367e+02  6.918336e+00 -3.778727e-15 
  660.000  1.428826e+03  3.388769e+01  0.000000e+00  1.154564e+02  6.993988e+00  0.000000e+00 
  670.000  1.429863e+03  3.219566e+01 -4.919721e-14  1.155402e+02  6.696248e+00  1.069595e-14 
  680.000  1.393613e+03  2.950356e+01 -2.450302e-13  1.126110e+02  6.140062e+00 -2.851955e-14 
  690.000  1.248852e+03  2.356385e+01  7.447234e-14  1.009136e+02  4.744594e+00  1.238917e-14 
  700.000  1.274966e+03  2.285782e+01  0.000000e+00  1.030238e+02  4.625093e+00  0.000000e+00 
  710.000  1.285942e+03  2.204255e+01  6.686521e-15  1.039107e+02  4.500682e+00  2.517908e-15 
  720.000  1.020112e+03  1.522486e+01 -1.598604e-15  8.243024e+01  2.946811e+00 -6.019777e-16 
  730.000  1.112114e+03  1.629772e+01 -6.352532e-15  8.986443e+01  3.245922e+00 -2.392139e-15 
  740.000  1.195565e+03  1.749885e+01 -1.050559e-14  9.660770e+01  3.606847e+00  2.341151e-15 
  750.000  1.201335e+03  1.700593e+01  4.489799e-14  9.707401e+01  3.556804e+00  1.093306e-14 
  760.000  4.396763e+02  4.225402e+00 -8.615660e-17  3.552808e+01  6.934319e-01 -3.244353e-17 
  770.000  1.152167e+03  1.452731e+01 -5.180265e-14  9.310092e+01  3.025619e+00 -1.463329e-14 
  780.000  1.145461e+03  1.382707e+01 -1.654422e-13  9.255907e+01  2.898149e+00 -2.274892e-14 
  790.000  1.084596e+03  1.200438e+01 -3.064583e-14  8.764091e+01  2.461052e+00 -7.066047e-16 
  800.000  1.042656e+03  1.097055e+01 -2.070039e-14  8.425191e+01  2.250968e+00 -2.598635e-15 
  810.000  1.026542e+03  1.033834e+01 -9.894236e-15  8.294984e+01  2.131340e+00 -3.725819e-15 
  820.000  9.184565e+02  8.481735e+00  4.253393e-15  7.421597e+01  1.709627e+00  1.601677e-15 
  830.000  9.506974e+02  8.433790e+00  9.505799e-15  7.682118e+01  1.709936e+00  3.579548e-15 
  840.000  9.753728e+02  8.465988e+00 -1.755591e-15  7.881508e+01  1.746335e+00 -6.610935e-16 
  850.000  8.470861e+02  7.102095e+00  3.495769e-13  6.844887e+01  1.478299e+00  3.747216e-14 
  860.000  9.471202e+02  7.677249e+00 -2.945786e-14  7.653213e+01  1.612965e+00 -2.036651e-14 
  870.000  9.378004e+02  7.259496e+00 -9.325697e-14  7.577904e+01  1.526486e+00 -1.677988e-14 
  880.000  9.130050e+02  6.716029e+00  4.756064e-14  7.377545e+01  1.408251e+00  0.000000e+00 
  890.000  8.978301e+02  6.267289e+00  8.601309e-15  7.254925e+01  1.308752e+00  3.238949e-15 
  900.000  6.749705e+02  4.046082e+00 -4.546424e-17  5.454105e+01  7.888111e-01 -1.712023e-17 
  910.000  6.648871e+02  3.821140e+00  3.520596e-19  5.372625e+01  7.466086e-01  1.325732e-19 
  920.000  7.514712e+02  4.302559e+00  0.000000e+00  6.072269e+01  8.635633e-01  0.000000e+00 
  930.000  5.410130e+02  2.596988e+00  5.664977e-17  4.371660e+01  4.710645e-01  2.133230e-17 
  940.000  5.456439e+02  2.516217e+00 -2.104939e-17  4.409079e+01  4.575317e-01 -7.926458e-18 
  950.000  4.491113e+02  1.833691e+00 -1.602295e-22  3.629047e+01  3.133701e-01 -6.033677e-23 
  960.000  5.346393e+02  2.329437e+00 -1.014962e-17  4.320158e+01  4.337437e-01 -3.821987e-18 
  970.000  6.803987e+02  3.142153e+00  3.577104e-15  5.497968e+01  6.308087e-01  5.676709e-16 
  980.000  6.770070e+02  3.027049e+00 -9.701743e-16  5.470561e+01  6.111401e-01 -3.653334e-16 
  990.000  7.120634e+02  3.199675e+00  6.242864e-15  5.753834e+01  6.652271e-01  2.390374e-15 
 1000.000  7.068628e+02  3.077168e+00  6.286981e-15  5.711811e+01  6.435581e-01  6.343576e-16 
 1010.000  6.875121e+02  2.832450e+00 -6.203112e-15  5.555448e+01  5.867110e-01 -2.335872e-15 
 1020.000  6.690671e+02  2.682138e+00 -1.596897e-15  5.406403e+01  5.601503e-01 -6.013351e-16 
 1030.000  6.726969e+02  2.610624e+00  0.000000e+00  5.435733e+01  5.478148e-01  0.000000e+00 
 1040.000  6.530389e+02  2.444041e+00  4.945560e-14  5.276886e+01  5.138418e-01  1.862323e-14 
 1050.000  6.406392e+02  2.296257e+00  3.045185e-15  5.176691e+01  4.813523e-01  1.146709e-15 
 1060.000  6.262179e+02  2.139286e+00  0.000000e+00  5.060159e+01  4.455535e-01  0.000000e+00 
 1070.000  5.925901e+02  1.918800e+00 -6.679679e-16  4.788429e+01  3.954907e-01 -2.515331e-16 
 1080.000  5.741649e+02  1.757849e+00 -7.265002e-16  4.639545e+01  3.580686e-01 -1.431814e-16 
 1090.000  5.414878e+02  1.573670e+00  3.819821e-16  4.375497e+01  3.176970e-01  1.438410e-16 
 1100.000  4.453813e+02  1.183845e+00  8.628905e-17  3.598907e+01  2.309878e-01  3.249340e-17 
