  300.000  3.676871e-02  2.018340e+00  3.609166e-17  8.536434e-03  2.524181e-01  5.555491e-18 
  310.000  7.697986e-01  3.762064e+01 -6.640724e-16  1.705723e-01  4.714714e+00 -1.345422e-16 
  320.000  2.636598e+00  1.090928e+02 -2.525513e-15  5.596582e-01  1.364880e+01 -6.487057e-17 
  330.000  6.220078e+00  2.186208e+02 -2.246678e-15  1.269038e+00  2.729002e+01  2.912031e-17 
  340.000  7.673133e+00  2.266238e+02  7.020478e-15  1.507408e+00  2.817722e+01 -7.712407e-16 
  350.000  1.168327e+01  2.893962e+02 -5.457448e-16  2.209722e+00  3.577387e+01  2.159913e-16 
  360.000  1.539378e+01  3.235088e+02 -3.502127e-15  2.810403e+00  3.974623e+01 -2.586813e-16 
  370.000  2.154682e+01  3.909669e+02 -4.657341e-16  3.806143e+00  4.777367e+01 -1.963570e-15 
  380.000  2.151133e+01  3.396808e+02 -7.804835e-15  3.684532e+00  4.126560e+01 -1.138401e-15 
  390.000  3.001171e+01  4.174782e+02  2.545346e-14  4.994242e+00  5.044751e+01  5.016464e-15 
  400.000  4.713396e+01  5.819879e+02  2.411014e-14  7.634025e+00  6.994982e+01  7.051210e-15 
  410.000  5.001418e+01  5.524198e+02  4.369049e-15  7.897037e+00  6.605013e+01  1.183369e-15 
  420.000  5.488802e+01  5.460427e+02  7.409882e-15  8.461588e+00  6.495710e+01 -1.610980e-15 
  430.000  4.773436e+01  4.303612e+02  1.018151e-14  7.194616e+00  5.094461e+01  2.826691e-15 
  440.000  8.515848e+01  6.996348e+02  2.062328e-15  1.256487e+01  8.242638e+01  7.765997e-16 
  450.000  1.093596e+02  8.228308e+02  1.434229e-14  1.581427e+01  9.649430e+01  6.008813e-15 
  460.000  1.196777e+02  8.284460e+02  1.877758e-14  1.698000e+01  9.672216e+01  7.669655e-15 
  470.000  1.346852e+02  8.610439e+02 -4.110636e-15  1.876771e+01  1.000874e+02  8.936923e-16 
  480.000  1.493655e+02  8.847954e+02  4.771224e-14  2.046030e+01  1.023964e+02  6.807569e-15 
  490.000  1.650379e+02  9.105043e+02  4.859570e-15  2.224285e+01  1.049837e+02  1.829942e-15 
  500.000  1.620227e+02  8.342690e+02 -3.173441e-14  2.150183e+01  9.581955e+01 -1.535045e-14 
  510.000  1.782816e+02  8.592678e+02  1.094260e-14  2.331434e+01  9.831952e+01  2.963834e-15 
  520.000  1.819475e+02  8.230249e+02 -4.274194e-15  2.346292e+01  9.382894e+01 -1.609510e-15 
  530.000  1.956764e+02  8.325529e+02 -2.644094e-14  2.489865e+01  9.456998e+01  4.467327e-15 
  540.000  2.104921e+02  8.447319e+02 -6.956438e-15  2.644466e+01  9.563480e+01  4.097972e-15 
  550.000  2.199876e+02  8.343290e+02 -2.114594e-14  2.730310e+01  9.414629e+01 -6.860302e-15 
  560.000  2.230949e+02  8.010634e+02 -1.263659e-14  2.736819e+01  9.009705e+01 -5.818201e-15 
  570.000  2.391098e+02  8.111981e+02  1.016327e-14  2.900799e+01  9.075141e+01  2.345170e-15 
  580.000  2.576412e+02  8.322996e+02  2.107993e-14  3.092426e+01  9.293401e+01  5.709556e-15 
  590.000  2.407875e+02  7.354254e+02  2.125259e-14  2.860751e+01  8.153478e+01  2.960113e-15 
  600.000  2.702602e+02  7.925110e+02 -2.857881e-14  3.179577e+01  8.798598e+01 -4.692392e-15 
  610.000  2.758824e+02  7.739719e+02  2.265461e-14  3.215295e+01  8.580280e+01  4.464856e-15 
  620.000  2.893918e+02  7.759182e+02  1.528419e-14  3.342388e+01  8.577336e+01  3.721837e-15 
  630.000  2.832591e+02  7.248218e+02  5.720328e-14  3.243266e+01  7.976743e+01  1.094841e-14 
  640.000  2.953513e+02  7.264114e+02 -4.888826e-15  3.353554e+01  7.988602e+01  7.612261e-15 
  650.000  2.855855e+02  6.724353e+02  2.672377e-14  3.216700e+01  7.365321e+01  3.023676e-15 
  660.000  3.140730e+02  7.113434e+02  3.670333e-14  3.510241e+01  7.781110e+01  2.711057e-15 
  670.000  3.251028e+02  7.090859e+02  1.112719e-14  3.606475e+01  7.747556e+01  6.016472e-15 
  680.000  3.273453e+02  6.870395e+02 -3.258066e-14  3.605281e+01  7.489331e+01 -5.185373e-15 
  690.000  3.026862e+02  6.069440e+02 -3.309547e-14  3.310606e+01  6.562820e+01 -7.029299e-15 
  700.000  3.185096e+02  6.152653e+02  3.195438e-14  3.460225e+01  6.632754e+01  1.036051e-14 
  710.000  3.307704e+02  6.180148e+02  6.371855e-15  3.569957e+01  6.662395e+01  9.879303e-16 
  720.000  2.698949e+02  4.780781e+02  1.314540e-14  2.894555e+01  5.067281e+01  3.061386e-15 
  730.000  3.023578e+02  5.216109e+02  1.897386e-14  3.222924e+01  5.554949e+01  1.635396e-15 
  740.000  3.337123e+02  5.631801e+02 -2.636912e-15  3.536143e+01  6.043670e+01 -1.358828e-15 
  750.000  3.439686e+02  5.633915e+02  3.289553e-14  3.623985e+01  6.051301e+01  4.919877e-15 
  760.000  1.290216e+02  1.937124e+02  2.315078e-15  1.351831e+01  1.983417e+01 -5.793378e-16 
  770.000  3.462467e+02  5.312117e+02 -4.573858e-15  3.608369e+01  5.680028e+01  8.081943e-16 
  780.000  3.522628e+02  5.242114e+02  9.880272e-15  3.651974e+01  5.599087e+01 -5.170209e-16 
  790.000  3.410672e+02  4.895211e+02  2.544406e-14  3.518099e+01  5.193651e+01  6.195856e-15 
  800.000  3.350456e+02  4.666049e+02  2.991041e-15  3.439085e+01  4.942109e+01 -6.141499e-16 
  810.000  3.368540e+02  4.559012e+02  2.530843e-14  3.441233e+01  4.825340e+01  3.371931e-15 
  820.000  3.075733e+02  4.014161e+02  1.299271e-15  3.127618e+01  4.213335e+01  7.453533e-16 
  830.000  3.247079e+02  4.125934e+02 -2.143540e-14  3.287059e+01  4.331150e+01 -3.677966e-15 
  840.000  3.395688e+02  4.214878e+02 -1.273631e-14  3.422523e+01  4.437862e+01 -9.153762e-16 
  850.000  3.004329e+02  3.633716e+02 -1.072031e-14  3.015242e+01  3.827281e+01 -6.430236e-16 
  860.000  3.420273e+02  4.031804e+02 -1.291743e-14  3.418533e+01  4.247652e+01 -2.545814e-15 
  870.000  3.446441e+02  3.954183e+02  1.633168e-14  3.430861e+01  4.159753e+01  4.194970e-16 
  880.000  3.412893e+02  3.809905e+02  1.653380e-14  3.384183e+01  3.999300e+01  2.867983e-15 
  890.000  3.412134e+02  3.706524e+02 -2.006283e-14  3.370539e+01  3.881368e+01 -2.024343e-15 
  900.000  2.606712e+02  2.702355e+02  2.346805e-15  2.565379e+01  2.767280e+01  1.188240e-15 
  910.000  2.608244e+02  2.636527e+02  2.120714e-15  2.557587e+01  2.696917e+01  3.609133e-16 
  920.000  2.993100e+02  2.976024e+02  7.976725e-15  2.924590e+01  3.066670e+01  2.094016e-15 
  930.000  2.186989e+02  2.065450e+02 -9.390223e-15  2.129554e+01  2.063433e+01 -2.137284e-15 
  940.000  2.237735e+02  2.065487e+02  5.465643e-15  2.171619e+01  2.065036e+01  7.371667e-16 
  950.000  1.867880e+02  1.651861e+02  1.468150e-15  1.806717e+01  1.616800e+01  4.459667e-16 
  960.000  2.254207e+02  1.990040e+02 -1.078150e-14  2.173367e+01  1.993016e+01 -1.914416e-15 
  970.000  2.907249e+02  2.554593e+02  5.697419e-15  2.794149e+01  2.612360e+01  4.859931e-16 
  980.000  2.930555e+02  2.518716e+02  3.962700e-15  2.807853e+01  2.577165e+01  5.752123e-17 
  990.000  3.121558e+02  2.639376e+02  1.037050e-14  2.981814e+01  2.719524e+01  1.930262e-15 
 1000.000  3.137269e+02  2.593367e+02 -1.549176e-14  2.987934e+01  2.671931e+01 -6.343576e-16 
 1010.000  3.088291e+02  2.488384e+02  1.300365e-14  2.932748e+01  2.554216e+01  3.147693e-15 
 1020.000  3.040964e+02  2.397348e+02 -3.407739e-15  2.879563e+01  2.462102e+01 -2.104673e-15 
 1030.000  3.092688e+02  2.383645e+02 -1.829321e-14  2.920342e+01  2.446892e+01 -3.605294e-15 
 1040.000  3.036068e+02  2.286858e+02 -3.298031e-15  2.858991e+01  2.345145e+01 -2.036916e-15 
 1050.000  3.011109e+02  2.214964e+02 -2.637207e-15  2.827818e+01  2.266927e+01  5.733545e-16 
 1060.000  2.974866e+02  2.135972e+02  8.203781e-15  2.786346e+01  2.180190e+01  0.000000e+00 
 1070.000  2.844545e+02  2.000230e+02 -8.595639e-15  2.658434e+01  2.035537e+01 -2.641383e-15 
 1080.000  2.784272e+02  1.915821e+02 -8.627832e-15  2.596515e+01  1.941474e+01 -1.442950e-15 
 1090.000  2.652035e+02  1.786146e+02  1.979189e-15  2.467999e+01  1.802813e+01  4.136220e-16 
 1100.000  2.202621e+02  1.440807e+02 -2.293085e-15  2.045559e+01  1.435532e+01 -2.313727e-16 
