  300.000  1.068416e-02  1.371076e+00 -2.244450e-17  3.228640e-03  1.735852e-01 -5.773353e-18 
  310.000  2.373545e-01  2.628439e+01  1.164427e-16  6.766292e-02  3.333464e+00  9.898464e-17 
  320.000  8.586723e-01  7.829191e+01 -4.265507e-16  2.319917e-01  9.919766e+00  7.568233e-17 
  330.000  2.130870e+00  1.609340e+02  3.700065e-15  5.479091e-01  2.036225e+01  1.601617e-16 
  340.000  2.754910e+00  1.705923e+02  1.405687e-16  6.756761e-01  2.152359e+01 -4.919984e-16 
  350.000  4.381549e+00  2.214648e+02  3.747308e-15  1.024839e+00  2.781049e+01  1.326804e-15 
  360.000  6.012184e+00  2.514677e+02  4.624587e-15  1.345475e+00  3.141808e+01  1.034725e-15 
  370.000  8.739987e+00  3.084458e+02  7.812854e-15  1.876960e+00  3.835766e+01  1.054510e-15 
  380.000  9.039854e+00  2.717827e+02  1.022425e-14  1.867988e+00  3.362807e+01  2.786086e-15 
  390.000  1.303685e+01  3.385341e+02 -1.220796e-14  2.598468e+00  4.168905e+01 -1.741828e-15 
  400.000  2.112079e+01  4.779883e+02  2.604583e-14  4.069656e+00  5.857716e+01  5.752303e-15 
  410.000  2.307520e+01  4.592472e+02  9.782245e-14  4.307095e+00  5.601087e+01  2.459717e-14 
  420.000  2.602894e+01  4.592330e+02 -8.666711e-15  4.715213e+00  5.574421e+01 -4.027451e-16 
  430.000  2.322989e+01  3.659658e+02  1.518167e-14  4.091159e+00  4.421631e+01  1.351896e-15 
  440.000  4.246649e+01  6.012634e+02  2.425945e-14  7.282642e+00  7.231297e+01  3.300549e-15 
  450.000  5.580739e+01  7.143120e+02  3.387626e-15  9.332833e+00  8.552390e+01  6.676459e-16 
  460.000  6.241992e+01  7.261663e+02  4.840286e-14  1.019322e+01  8.656284e+01  7.450521e-15 
  470.000  7.171394e+01  7.617468e+02  5.456255e-15  1.144991e+01  9.040868e+01  2.234231e-16 
  480.000  8.110411e+01  7.897173e+02  4.738931e-14  1.267522e+01  9.331777e+01  5.446055e-15 
  490.000  9.129634e+01  8.195993e+02 -1.263722e-14  1.398132e+01  9.647849e+01 -6.633541e-15 
  500.000  9.122644e+01  7.571144e+02 -7.696374e-14  1.370354e+01  8.876705e+01 -1.991410e-14 
  510.000  1.020827e+02  7.859164e+02  2.323014e-14  1.505520e+01  9.178462e+01  2.963834e-15 
  520.000  1.058628e+02  7.584328e+02  1.965307e-14  1.534186e+01  8.823740e+01  8.047552e-16 
  530.000  1.156008e+02  7.727574e+02  8.253272e-14  1.647585e+01  8.956225e+01  2.497642e-14 
  540.000  1.261764e+02  7.895083e+02  1.016400e-14  1.769893e+01  9.117941e+01  9.425335e-15 
  550.000  1.337133e+02  7.849904e+02 -1.368640e-13  1.847284e+01  9.033897e+01 -3.389796e-14 
  560.000  1.374142e+02  7.585311e+02  1.508097e-15  1.870984e+01  8.698904e+01 -1.551520e-15 
  570.000  1.491591e+02  7.728198e+02  6.465051e-15  2.002829e+01  8.816866e+01  2.213244e-15 
  580.000  1.626854e+02  7.976844e+02  4.229454e-14  2.155500e+01  9.079080e+01  3.670429e-15 
  590.000  1.538220e+02  7.087214e+02  2.483860e-14  2.012201e+01  8.012318e+01  2.165514e-15 
  600.000  1.745870e+02  7.681206e+02  1.268233e-14  2.256013e+01  8.687836e+01  6.504839e-15 
  610.000  1.801375e+02  7.541791e+02 -4.477972e-14  2.300498e+01  8.513509e+01 -6.697283e-15 
  620.000  1.909093e+02  7.599612e+02  3.452184e-14  2.410669e+01  8.552186e+01  8.932407e-15 
  630.000  1.887149e+02  7.134238e+02  6.076890e-15  2.357232e+01  7.992966e+01  1.142926e-15 
  640.000  1.986468e+02  7.184250e+02  3.160186e-14  2.455489e+01  8.038474e+01  6.228213e-15 
  650.000  1.938366e+02  6.680906e+02 -7.676008e-15  2.372071e+01  7.444942e+01 -2.568676e-15 
  660.000  2.150521e+02  7.099271e+02  1.606953e-14  2.606309e+01  7.897029e+01 -1.355529e-15 
  670.000  2.244928e+02  7.107391e+02  2.414001e-14  2.695442e+01  7.893205e+01  6.350721e-15 
  680.000  2.278884e+02  6.915134e+02  2.867689e-14  2.711683e+01  7.659782e+01  1.944515e-15 
  690.000  2.123797e+02  6.133080e+02  9.765130e-15  2.505287e+01  6.742731e+01  1.888753e-15 
  700.000  2.251793e+02  6.240719e+02 -1.168299e-14  2.633946e+01  6.838750e+01  6.715324e-16 
  710.000  2.355607e+02  6.292331e+02 -1.569603e-15  2.732907e+01  6.891190e+01 -8.672934e-16 
  720.000  1.935670e+02  4.882934e+02  8.840771e-16  2.228010e+01  5.266016e+01  8.374150e-17 
  730.000  2.183303e+02  5.347190e+02 -2.307902e-14  2.493891e+01  5.787123e+01 -5.562794e-15 
  740.000  2.425615e+02  5.794443e+02 -9.465429e-15  2.750246e+01  6.309846e+01 -2.438850e-15 
  750.000  2.516127e+02  5.815752e+02 -6.195715e-15  2.832499e+01  6.334149e+01 -3.826571e-15 
  760.000  9.496085e+01  2.004260e+02  7.067566e-15  1.061628e+01  2.092339e+01  1.490769e-15 
  770.000  2.563618e+02  5.517936e+02 -7.922355e-15  2.846840e+01  5.979931e+01 -8.013313e-16 
  780.000  2.623244e+02  5.461423e+02 -1.024816e-14  2.894131e+01  5.909811e+01 -1.034042e-15 
  790.000  2.554070e+02  5.114615e+02  2.449577e-14  2.800089e+01  5.499644e+01  7.777936e-15 
  800.000  2.522578e+02  4.888915e+02 -7.382976e-15  2.748668e+01  5.246445e+01 -1.441129e-15 
  810.000  2.549517e+02  4.789868e+02  1.223944e-14  2.761547e+01  5.134387e+01  2.276487e-15 
  820.000  2.339759e+02  4.228206e+02 -3.086975e-14  2.519747e+01  4.496810e+01 -4.977294e-15 
  830.000  2.482306e+02  4.357304e+02 -7.928957e-15  2.658297e+01  4.632406e+01  1.124206e-15 
  840.000  2.608358e+02  4.462609e+02  5.144443e-15  2.778083e+01  4.754741e+01  1.294962e-15 
  850.000  2.318475e+02  3.856645e+02 -6.860437e-16  2.456269e+01  4.108364e+01  5.675213e-16 
  860.000  2.651398e+02  4.289212e+02 -1.712259e-14  2.794499e+01  4.567939e+01 -2.970117e-15 
  870.000  2.683404e+02  4.216255e+02 -2.984983e-16  2.814050e+01  4.482364e+01 -1.258491e-15 
  880.000  2.668611e+02  4.071463e+02  7.538060e-15  2.784868e+01  4.318262e+01 -1.638847e-15 
  890.000  2.679071e+02  3.969566e+02  2.006283e-14  2.782477e+01  4.199373e+01  2.024343e-15 
  900.000  2.054921e+02  2.899690e+02 -4.406266e-15  2.124341e+01  3.005453e+01 -6.887918e-17 
  910.000  2.064184e+02  2.834879e+02 -1.158179e-14  2.124258e+01  2.934092e+01 -1.907046e-15 
  920.000  2.377789e+02  3.206634e+02 -9.086435e-16  2.436181e+01  3.339629e+01 -1.408578e-16 
  930.000  1.743839e+02  2.229270e+02 -5.961339e-15  1.778957e+01  2.256883e+01 -1.601321e-15 
  940.000  1.790744e+02  2.233670e+02 -1.093747e-14  1.819110e+01  2.262036e+01 -1.216729e-15 
  950.000  1.500023e+02  1.789156e+02 -1.420545e-15  1.517509e+01  1.776313e+01 -8.605003e-17 
  960.000  1.816465e+02  2.159928e+02 -8.309317e-15  1.830240e+01  2.188736e+01 -3.607105e-15 
  970.000  2.350508e+02  2.777776e+02 -2.277938e-15  2.359002e+01  2.867171e+01  4.735328e-16 
  980.000  2.377053e+02  2.743372e+02 -3.745928e-15  2.376441e+01  2.832017e+01 -6.337719e-16 
  990.000  2.540005e+02  2.879397e+02 -6.545149e-15  2.529757e+01  2.989855e+01 -9.310444e-16 
 1000.000  2.560684e+02  2.833606e+02 -1.302535e-14  2.540903e+01  2.940870e+01 -3.171788e-15 
 1010.000  2.528295e+02  2.723093e+02  1.692416e-15  2.499663e+01  2.815634e+01 -1.111718e-15 
 1020.000  2.496874e+02  2.627294e+02  8.939554e-15  2.459797e+01  2.716734e+01  9.020026e-16 
 1030.000  2.546627e+02  2.615974e+02 -2.550042e-15  2.500035e+01  2.702740e+01  1.502206e-15 
 1040.000  2.507002e+02  2.513215e+02 -2.883919e-15  2.452676e+01  2.593109e+01 -2.909880e-16 
 1050.000  2.493187e+02  2.437499e+02 -3.045185e-15  2.430918e+01  2.509503e+01 -1.146709e-15 
 1060.000  2.469750e+02  2.353680e+02  1.721216e-14  2.400059e+01  2.416380e+01  3.392236e-15 
 1070.000  2.367704e+02  2.207699e+02 -9.516204e-16  2.294582e+01  2.260001e+01 -9.601868e-17 
 1080.000  2.323434e+02  2.117897e+02 -2.756246e-15  2.245637e+01  2.159432e+01 -2.914870e-16 
 1090.000  2.218588e+02  1.977585e+02 -1.416427e-15  2.138674e+01  2.008597e+01 -5.561753e-16 
 1100.000  1.847105e+02  1.597630e+02 -5.741780e-16  1.776000e+01  1.603176e+01 -1.398175e-16 
