  300.000  4.354643e-01  4.010868e+00  2.156961e-17  5.967437e-02  4.833593e-01 -1.568609e-17 
  310.000  8.097214e+00  7.050164e+01 -2.753975e-15  1.083982e+00  8.548502e+00 -3.229013e-16 
  320.000  2.485856e+01  1.925594e+02  5.725823e-15  3.257030e+00  2.329814e+01  1.210917e-15 
  330.000  5.299973e+01  3.643458e+02  1.055555e-14  6.807787e+00  4.393513e+01  1.747219e-15 
  340.000  5.952553e+01  3.583477e+02 -3.238564e-15  7.502642e+00  4.295416e+01 -6.382682e-16 
  350.000  8.306873e+01  4.392051e+02  5.419841e-15  1.027307e+01  5.226839e+01  2.715320e-15 
  360.000  1.009187e+02  4.721580e+02  4.391198e-15  1.226179e+01  5.576343e+01 -2.586813e-15 
  370.000  1.309566e+02  5.500612e+02  3.090033e-15  1.565108e+01  6.457959e+01  1.163597e-15 
  380.000  1.218089e+02  4.614947e+02 -1.900201e-14  1.433500e+01  5.382442e+01 -1.917307e-15 
  390.000  1.590475e+02  5.488101e+02 -1.144486e-14  1.844901e+01  6.365977e+01 -2.786924e-15 
  400.000  2.347372e+02  7.414897e+02  1.103416e-14  2.686237e+01  8.553663e+01  1.113349e-15 
  410.000  2.349569e+02  6.832190e+02 -4.811661e-16  2.654744e+01  7.840592e+01 -2.028632e-15 
  420.000  2.440730e+02  6.565471e+02 -9.808908e-15  2.724911e+01  7.497527e+01 -1.933176e-15 
  430.000  2.015576e+02  5.037668e+02 -9.394450e-15  2.224998e+01  5.726191e+01  4.915985e-16 
  440.000  3.424455e+02  7.983482e+02  7.696712e-15  3.740206e+01  9.034711e+01  7.765997e-16 
  450.000  4.199402e+02  9.164086e+02 -1.764505e-14  4.540667e+01  1.032751e+02 -1.780389e-15 
  460.000  4.399399e+02  9.015731e+02 -1.737424e-14  4.711823e+01  1.012045e+02 -1.753064e-15 
  470.000  4.750642e+02  9.165984e+02  7.149344e-14  5.042303e+01  1.024872e+02  9.830615e-15 
  480.000  5.065995e+02  9.222144e+02 -3.598311e-14  5.331191e+01  1.026964e+02 -3.630703e-15 
  490.000  5.393174e+02  9.302290e+02  7.189360e-14  5.629556e+01  1.033048e+02  4.574856e-15 
  500.000  5.110766e+02  8.361382e+02  2.952109e-15  5.293709e+01  9.255125e+01  1.244631e-14 
  510.000  5.437697e+02  8.455374e+02  6.653781e-14  5.591079e+01  9.329768e+01  4.234048e-15 
  520.000  5.374668e+02  7.957850e+02  2.507253e-14  5.487697e+01  8.754207e+01  7.242797e-15 
  530.000  5.606522e+02  7.915639e+02  3.335571e-14  5.686316e+01  8.680618e+01  8.122413e-15 
  540.000  5.858023e+02  7.903438e+02 -2.553485e-14  5.903634e+01  8.644667e+01 -7.376349e-15 
  550.000  5.954504e+02  7.686738e+02  1.599788e-14  5.964421e+01  8.385387e+01  1.614189e-15 
  560.000  5.880382e+02  7.271825e+02  1.592878e-14  5.855956e+01  7.911283e+01  3.878801e-15 
  570.000  6.144586e+02  7.258148e+02  1.641292e-14  6.085062e+01  7.845576e+01  5.279045e-15 
  580.000  6.461725e+02  7.346747e+02  7.507521e-14  6.365043e+01  7.937361e+01  1.712867e-14 
  590.000  5.900175e+02  6.407035e+02 -4.044429e-15  5.782254e+01  6.860465e+01  3.834778e-15 
  600.000  6.476238e+02  6.818923e+02 -2.382599e-14  6.315738e+01  7.335094e+01 -1.673323e-15 
  610.000  6.470880e+02  6.580209e+02  0.000000e+00  6.280850e+01  7.078892e+01  0.000000e+00 
  620.000  6.649737e+02  6.520280e+02 -9.855274e-14  6.425326e+01  6.997552e+01 -2.084228e-14 
  630.000  6.381742e+02  6.021237e+02 -1.989993e-15  6.139637e+01  6.427558e+01 -1.058049e-15 
  640.000  6.529100e+02  5.971602e+02 -1.470183e-14  6.255177e+01  6.382892e+01 -5.536190e-15 
  650.000  6.199219e+02  5.470165e+02  2.246747e-14  5.915289e+01  5.821129e+01  4.645498e-15 
  660.000  6.698918e+02  5.729418e+02 -1.439889e-14  6.367351e+01  6.096258e+01 -5.422114e-15 
  670.000  6.818004e+02  5.657144e+02  6.149651e-15  6.456369e+01  6.020680e+01 -1.336994e-15 
  680.000  6.754199e+02  5.430439e+02 -1.377021e-14  6.372935e+01  5.769028e+01 -5.185373e-15 
  690.000  6.148256e+02  4.751291e+02 -1.567813e-14  5.781061e+01  4.991409e+01 -5.353905e-15 
  700.000  6.372513e+02  4.776552e+02  1.166735e-14  5.971715e+01  5.005983e+01 -7.753411e-16 
  710.000  6.521901e+02  4.758744e+02  1.612135e-14  6.091708e+01  4.995491e+01 -3.417222e-15 
  720.000  5.247125e+02  3.651153e+02 -2.889760e-14  4.885524e+01  3.746740e+01 -3.182834e-15 
  730.000  5.798762e+02  3.953371e+02 -7.903398e-15  5.382639e+01  4.091288e+01 -2.976141e-15 
  740.000  6.316445e+02  4.237636e+02 -1.589434e-14  5.845834e+01  4.439882e+01  8.137081e-16 
  750.000  6.428228e+02  4.209770e+02  2.322695e-14  5.932250e+01  4.424039e+01  8.746448e-15 
  760.000  2.381759e+02  1.433481e+02 -5.716477e-16  2.191904e+01  1.406942e+01 -1.171235e-15 
  770.000  6.316122e+02  3.914598e+02 -2.967294e-14  5.797042e+01  4.097872e+01 -5.977507e-15 
  780.000  6.352187e+02  3.838317e+02  9.512379e-15  5.814959e+01  4.017929e+01 -2.068083e-15 
  790.000  6.082108e+02  3.560200e+02 -1.951580e-15  5.553676e+01  3.694869e+01 -1.310866e-15 
  800.000  5.910478e+02  3.372732e+02 -9.231797e-16  5.383739e+01  3.496426e+01 -1.042633e-15 
  810.000  5.880435e+02  3.275990e+02  4.559628e-15  5.343637e+01  3.397167e+01  2.644457e-15 
  820.000  5.315005e+02  2.867005e+02 -1.027601e-14  4.818671e+01  2.942365e+01 -3.547463e-15 
  830.000  5.556069e+02  2.930497e+02  3.396999e-15  5.025920e+01  3.011430e+01  8.937848e-16 
  840.000  5.755053e+02  2.978161e+02  6.143980e-15  5.194560e+01  3.076935e+01  5.548345e-16 
  850.000  5.044726e+02  2.554434e+02 -2.391111e-14  4.543753e+01  2.643808e+01 -4.318202e-15 
  860.000  5.691578e+02  2.820351e+02  1.742451e-14  5.115778e+01  2.923909e+01  4.243024e-15 
  870.000  5.685129e+02  2.752408e+02 -4.456043e-15  5.099711e+01  2.850861e+01 -1.677988e-15 
  880.000  5.582101e+02  2.639078e+02  2.436339e-14  4.997490e+01  2.728094e+01  2.458271e-15 
  890.000  5.534901e+02  2.555275e+02  3.210052e-14  4.945781e+01  2.635268e+01  3.238949e-15 
  900.000  4.194585e+02  1.852903e+02  2.982168e-17  3.741159e+01  1.856629e+01 -5.613981e-16 
  910.000  4.164359e+02  1.799832e+02  9.160079e-15  3.707463e+01  1.802803e+01  7.892469e-16 
  920.000  4.742604e+02  2.023372e+02  1.314748e-14  4.214790e+01  2.048109e+01  3.271478e-15 
  930.000  3.439753e+02  1.397222e+02  9.988268e-15  3.051653e+01  1.359466e+01  2.007263e-15 
  940.000  3.494290e+02  1.391452e+02  3.414168e-15  3.094803e+01  1.356207e+01  8.315573e-16 
  950.000  2.896354e+02  1.108062e+02  4.112383e-14  2.560993e+01  1.052518e+01  1.001402e-14 
  960.000  3.471582e+02  1.330638e+02  5.531903e-15  3.064664e+01  1.302977e+01  1.853867e-15 
  970.000  4.447571e+02  1.703144e+02  6.250602e-15  3.920053e+01  1.715282e+01  1.287270e-15 
  980.000  4.454218e+02  1.673376e+02  1.957636e-15  3.919845e+01  1.688140e+01  2.598338e-16 
  990.000  4.714602e+02  1.748474e+02  4.207070e-15  4.142709e+01  1.782184e+01  7.561654e-16 
 1000.000  4.709158e+02  1.712457e+02 -2.851711e-14  4.131781e+01  1.747181e+01 -3.806146e-15 
 1010.000  4.607860e+02  1.637455e+02  1.638859e-15  4.037025e+01  1.663831e+01 -3.639295e-16 
 1020.000  4.510662e+02  1.572859e+02 -3.193795e-15  3.946222e+01  1.601082e+01 -1.202670e-15 
 1030.000  4.561183e+02  1.559265e+02 -1.510182e-14  3.984827e+01  1.587992e+01 -2.403529e-15 
 1040.000  4.452717e+02  1.491595e+02 -1.153568e-14  3.884708e+01  1.518593e+01 -1.163952e-15 
 1050.000  4.392076e+02  1.440470e+02  0.000000e+00  3.826612e+01  1.464085e+01  0.000000e+00 
 1060.000  4.316147e+02  1.385046e+02 -1.420937e-14  3.755446e+01  1.403989e+01 -2.261491e-15 
 1070.000  4.105665e+02  1.292378e+02  5.419850e-16  3.568377e+01  1.305260e+01  4.820553e-16 
 1080.000  3.998289e+02  1.233466e+02 -7.722133e-15  3.471311e+01  1.239447e+01 -1.703891e-15 
 1090.000  3.789518e+02  1.146077e+02  5.153561e-15  3.286592e+01  1.146257e+01  1.277308e-15 
 1100.000  3.132102e+02  9.211060e+01  3.757977e-15  2.713628e+01  9.068955e+00  6.598286e-16 
