  300.000  1.498608e+00  4.887409e+00  2.517504e-16  1.577760e-01  5.888628e-01  6.623017e-17 
  310.000  2.626118e+01  8.356686e+01 -4.354470e-15  2.732605e+00  1.022396e+01 -7.995653e-16 
  320.000  7.632940e+01  2.199255e+02 -1.591357e-15  7.857233e+00  2.693728e+01  3.459764e-16 
  330.000  1.547079e+02  4.009546e+02 -1.583035e-14  1.576776e+01  4.905636e+01 -2.329625e-16 
  340.000  1.657940e+02  3.798694e+02 -4.822715e-15  1.673804e+01  4.623583e+01 -2.978585e-15 
  350.000  2.215004e+02  4.513200e+02  1.835468e-14  2.215034e+01  5.461164e+01  6.911723e-15 
  360.000  2.583954e+02  4.708296e+02  3.223736e-14  2.561211e+01  5.656334e+01  9.312528e-15 
  370.000  3.228493e+02  5.337713e+02  3.376850e-14  3.173750e+01  6.384711e+01  0.000000e+00 
  380.000  2.898578e+02  4.361767e+02 -1.968415e-14  2.827510e+01  5.184678e+01 -4.793266e-15 
  390.000  3.661384e+02  5.062799e+02 -5.484459e-14  3.545879e+01  5.991303e+01 -3.901694e-15 
  400.000  5.238489e+02  6.684274e+02 -8.940542e-15  5.038936e+01  7.870057e+01 -7.422327e-15 
  410.000  5.092556e+02  6.026643e+02 -6.701780e-14  4.867445e+01  7.061006e+01 -6.762108e-15 
  420.000  5.146844e+02  5.673984e+02  1.368991e-14  4.889921e+01  6.616104e+01  5.155137e-15 
  430.000  4.141746e+02  4.270358e+02  4.107583e-14  3.912820e+01  4.956469e+01  1.278156e-14 
  440.000  6.867101e+02  6.645133e+02  1.105198e-15  6.453029e+01  7.678064e+01  4.659599e-15 
  450.000  8.229108e+02  7.497443e+02 -9.455955e-15  7.694036e+01  8.624976e+01 -3.560778e-15 
  460.000  8.434971e+02  7.256844e+02 -3.474847e-14  7.848996e+01  8.313345e+01 -3.506128e-15 
  470.000  8.922133e+02  7.264207e+02 -1.271835e-15  8.264893e+01  8.284868e+01 -5.362154e-15 
  480.000  9.329800e+02  7.200870e+02 -4.562477e-14  8.605576e+01  8.172034e+01 -7.261407e-15 
  490.000  9.749332e+02  7.165586e+02 -1.450893e-13  8.956028e+01  8.111340e+01 -1.463954e-14 
  500.000  9.076976e+02  6.356340e+02 -8.223515e-14  8.306190e+01  7.167931e+01 -8.297542e-15 
  510.000  9.496627e+02  6.347708e+02 -9.292057e-14  8.658279e+01  7.131785e+01 -1.185533e-14 
  520.000  9.237501e+02  5.903384e+02  2.449990e-14  8.392548e+01  6.608637e+01  4.828531e-15 
  530.000  9.490109e+02  5.805253e+02  1.138552e-13  8.593268e+01  6.473344e+01  1.624483e-14 
  540.000  9.772571e+02  5.734406e+02 -1.507926e-14  8.820840e+01  6.374904e+01  3.278377e-15 
  550.000  9.796465e+02  5.520103e+02  0.000000e+00  8.815486e+01  6.116931e+01  0.000000e+00 
  560.000  9.546927e+02  5.170778e+02  1.427278e-14  8.565910e+01  5.710263e+01 -3.103040e-15 
  570.000  9.850088e+02  5.107149e+02  5.204114e-14  8.813296e+01  5.584565e+01  8.242336e-15 
  580.000  1.023329e+03  5.125771e+02  1.091513e-13  9.131712e+01  5.605877e+01  2.773213e-14 
  590.000  9.235922e+02  4.426789e+02 -3.001019e-14  8.220636e+01  4.779765e+01 -8.823219e-15 
  600.000  1.002520e+03  4.679431e+02  5.693011e-14  8.901257e+01  5.092084e+01  6.474984e-15 
  610.000  9.910214e+02  4.482842e+02  5.794128e-14  8.778436e+01  4.883194e+01  1.488285e-15 
  620.000  1.008007e+03  4.408433e+02 -3.056838e-14  8.908700e+01  4.787196e+01 -7.443673e-15 
  630.000  9.578926e+02  4.037915e+02  9.868063e-15  8.447392e+01  4.349046e+01 -7.925262e-16 
  640.000  9.707572e+02  3.981075e+02 -4.016615e-14  8.542929e+01  4.301849e+01  0.000000e+00 
  650.000  9.133501e+02  3.620911e+02  1.048974e-14  8.021558e+01  3.888400e+01  6.269275e-15 
  660.000  9.783442e+02  3.769849e+02  1.103684e-13  8.575705e+01  4.050010e+01  2.304399e-14 
  670.000  9.873601e+02  3.701369e+02  5.490534e-14  8.638558e+01  3.980646e+01  1.336994e-14 
  680.000  9.701924e+02  3.532220e+02  0.000000e+00  8.473053e+01  3.790357e+01  0.000000e+00 
  690.000  8.762573e+02  3.065883e+02  2.354519e-14  7.639373e+01  3.234284e+01  1.283218e-15 
  700.000  9.013737e+02  3.067144e+02 -1.452385e-14  7.845068e+01  3.228973e+01 -1.227975e-15 
  710.000  9.157942e+02  3.041608e+02 -7.576571e-15  7.957513e+01  3.210958e+01  6.122434e-17 
  720.000  7.316187e+02  2.315825e+02  1.007311e-15  6.347110e+01  2.370430e+01  3.825485e-16 
  730.000  8.030496e+02  2.498665e+02 -1.361858e-14  6.956137e+01  2.589096e+01 -1.860554e-15 
  740.000  8.690065e+02  2.671247e+02 -6.149541e-15  7.516318e+01  2.816234e+01  5.290427e-16 
  750.000  8.787747e+02  2.644173e+02 -2.167104e-14  7.589906e+01  2.801829e+01 -2.186612e-15 
  760.000  3.236053e+02  8.857799e+01 -4.961255e-15  2.791076e+01  8.507760e+00 -4.829517e-16 
  770.000  8.530667e+02  2.437335e+02  1.476669e-14  7.347754e+01  2.569720e+01  2.036428e-15 
  780.000  8.530050e+02  2.381165e+02  7.357851e-16  7.337642e+01  2.512188e+01  3.102125e-15 
  790.000  8.121967e+02  2.197210e+02  2.067680e-15  6.977779e+01  2.290177e+01 -8.545469e-16 
  800.000  7.850221e+02  2.073828e+02  8.346199e-15  6.736044e+01  2.159085e+01 -3.762696e-15 
  810.000  7.769503e+02  2.007613e+02 -1.729953e-14  6.658844e+01  2.091901e+01 -4.459629e-15 
  820.000  6.986847e+02  1.748604e+02 -7.884090e-15  5.981147e+01  1.797280e+01  1.848049e-15 
  830.000  7.267834e+02  1.781886e+02  3.251874e-14  6.214699e+01  1.835159e+01  4.796277e-15 
  840.000  7.492212e+02  1.806710e+02 -2.468631e-14  6.399565e+01  1.875068e+01 -4.172815e-15 
  850.000  6.537063e+02  1.545540e+02  1.787751e-14  5.577782e+01  1.608712e+01  3.077330e-15 
  860.000  7.342074e+02  1.702092e+02 -2.462718e-14  6.258183e+01  1.776771e+01  0.000000e+00 
  870.000  7.301720e+02  1.656242e+02 -3.326035e-14  6.217524e+01  1.727364e+01 -3.355976e-15 
  880.000  7.138965e+02  1.583244e+02 -1.740840e-14  6.072977e+01  1.647199e+01 -6.555389e-15 
  890.000  7.049396e+02  1.528371e+02 -3.267670e-14  5.991055e+01  1.585383e+01 -5.668161e-15 
  900.000  5.320923e+02  1.101511e+02 -4.169654e-15  4.517875e+01  1.100716e+01 -8.217709e-16 
  910.000  5.261967e+02  1.067286e+02 -1.029807e-14  4.463758e+01  1.066445e+01 -1.951581e-15 
  920.000  5.969867e+02  1.198228e+02 -1.730768e-15  5.059786e+01  1.213633e+01  2.145406e-16 
  930.000  4.313875e+02  8.224255e+01  2.330816e-15  3.653080e+01  7.922248e+00  1.233803e-15 
  940.000  4.366507e+02  8.170937e+01 -1.834248e-14  3.694524e+01  7.887047e+00 -1.363327e-15 
  950.000  3.606640e+02  6.478167e+01 -5.001888e-15  3.049076e+01  6.060125e+00 -9.857908e-16 
  960.000  4.308185e+02  7.785883e+01 -8.014616e-15  3.639223e+01  7.570411e+00 -8.086764e-16 
  970.000  5.501021e+02  9.971456e+01 -1.570039e-15  4.643166e+01  1.005148e+01 -1.081633e-15 
  980.000  5.491392e+02  9.779807e+01  1.531775e-16  4.631451e+01  9.882155e+00  2.640527e-15 
  990.000  5.794045e+02  1.021405e+02  8.058251e-16  4.883006e+01  1.046581e+01 -1.300076e-15 
 1000.000  5.769512e+02  9.987258e+01  6.286981e-15  4.858715e+01  1.025160e+01  6.343576e-16 
 1010.000  5.628464e+02  9.527052e+01 -3.670874e-15  4.736482e+01  9.728528e+00 -1.667993e-16 
 1020.000  5.493572e+02  9.138432e+01  4.278874e-16  4.619660e+01  9.358696e+00  1.804005e-15 
 1030.000  5.539217e+02  9.045606e+01 -2.382086e-14  4.654773e+01  9.274192e+00 -2.403529e-15 
 1040.000  5.392398e+02  8.639084e+01  2.307135e-14  4.528269e+01  8.857578e+00  2.327904e-15 
 1050.000  5.304465e+02  8.327954e+01 -1.095681e-14  4.451405e+01  8.522348e+00  5.733545e-16 
 1060.000  5.198891e+02  7.992176e+01 -1.160887e-14  4.359895e+01  8.151855e+00 -2.826863e-15 
 1070.000  4.932521e+02  7.439345e+01  2.918385e-15  4.134228e+01  7.550387e+00  3.224745e-16 
 1080.000  4.791323e+02  7.082628e+01  2.501005e-15  4.013712e+01  7.141520e+00  1.102638e-15 
 1090.000  4.529876e+02  6.565683e+01 -8.055856e-15  3.792692e+01  6.582214e+00 -1.356228e-15 
 1100.000  3.734943e+02  5.259763e+01  6.305652e-17  3.125508e+01  5.173140e+00  5.292900e-16 
