  300.000  1.265365e-01  2.912256e+00 -6.587190e-17  2.257004e-02  3.579774e-01 -2.004334e-17 
  310.000  2.496644e+00  5.273229e+01  4.436136e-15  4.299970e-01  6.502706e+00  8.303178e-16 
  320.000  8.095805e+00  1.486177e+02  3.644308e-15  1.350120e+00  1.828550e+01  1.254164e-15 
  330.000  1.815661e+01  2.898482e+02  2.350283e-15  2.939276e+00  3.555285e+01  4.076844e-16 
  340.000  2.137165e+01  2.932248e+02 -2.222121e-15  3.362967e+00  3.578328e+01 -6.914572e-16 
  350.000  3.115308e+01  3.675352e+02  1.003666e-15  4.764518e+00  4.454977e+01 -8.022535e-16 
  360.000  3.941471e+01  4.036490e+02  2.829312e-14  5.870312e+00  4.858285e+01  3.233517e-15 
  370.000  5.311966e+01  4.797240e+02 -2.805789e-14  7.718175e+00  5.739529e+01 -2.618093e-15 
  380.000  5.118859e+01  4.102172e+02 -2.631054e-15  7.267582e+00  4.876579e+01 -1.318148e-15 
  390.000  6.908897e+01  4.966244e+02 -2.140953e-14  9.598895e+00  5.870612e+01 -5.016464e-15 
  400.000  1.051860e+02  6.824655e+02  2.286054e-14  1.432019e+01  8.022095e+01  5.566745e-15 
  410.000  1.084028e+02  6.390197e+02  2.967684e-14  1.447916e+01  7.471060e+01  1.014316e-15 
  420.000  1.157441e+02  6.234987e+02 -4.445929e-15  1.518456e+01  7.252132e+01  9.665880e-16 
  430.000  9.808784e+01  4.853713e+02  2.436063e-15  1.265227e+01  5.617841e+01  2.457992e-16 
  440.000  1.707693e+02  7.798224e+02  1.471259e-14  2.167837e+01  8.983552e+01  6.601098e-15 
  450.000  2.143000e+02  9.068894e+02  1.542805e-14  2.679688e+01  1.040050e+02 -7.566654e-15 
  460.000  2.294581e+02  9.033362e+02 -1.539181e-13  2.828546e+01  1.031560e+02 -4.119700e-14 
  470.000  2.529508e+02  9.293085e+02  1.676051e-14  3.076239e+01  1.056755e+02 -2.234231e-15 
  480.000  2.750791e+02  9.456257e+02 -5.462054e-14  3.302693e+01  1.070756e+02 -8.169082e-15 
  490.000  2.983418e+02  9.640437e+02 -3.557453e-15  3.538606e+01  1.087999e+02  3.659885e-15 
  500.000  2.877603e+02  8.754406e+02 -2.173963e-14  3.373787e+01  9.844414e+01 -7.052911e-15 
  510.000  3.113585e+02  8.939656e+02  3.477530e-14  3.610434e+01  1.001792e+02  8.468096e-15 
  520.000  3.127151e+02  8.492459e+02  2.137097e-14  3.588277e+01  9.485011e+01  8.047552e-15 
  530.000  3.312195e+02  8.523256e+02  5.779603e-16  3.762732e+01  9.487508e+01  2.436724e-15 
  540.000  3.511506e+02  8.582825e+02 -3.249129e-14  3.951197e+01  9.525519e+01 -3.278377e-15 
  550.000  3.619277e+02  8.415850e+02  4.799363e-14  4.035432e+01  9.312656e+01  4.842566e-15 
  560.000  3.621993e+02  8.024166e+02  8.898831e-14  4.003334e+01  8.853032e+01  2.715160e-14 
  570.000  3.833055e+02  8.071310e+02  1.771243e-14  4.201374e+01  8.855274e+01  3.765975e-15 
  580.000  4.080204e+02  8.228014e+02  1.371542e-13  4.436600e+01  9.015593e+01  2.936343e-14 
  590.000  3.769202e+02  7.226318e+02 -5.927245e-15  4.067135e+01  7.857319e+01  2.390529e-15 
  600.000  4.183622e+02  7.740253e+02 -1.515485e-14  4.481224e+01  8.438835e+01 -1.966058e-15 
  610.000  4.225165e+02  7.515997e+02 -1.001115e-13  4.493860e+01  8.187959e+01 -2.753328e-14 
  620.000  4.386774e+02  7.493344e+02  4.479324e-14  4.634212e+01  8.142342e+01  6.699306e-15 
  630.000  4.251689e+02  6.962324e+02 -6.692019e-15  4.462339e+01  7.530260e+01 -5.744199e-16 
  640.000  4.391331e+02  6.942289e+02 -2.841883e-14  4.580073e+01  7.509528e+01 -6.920237e-15 
  650.000  4.207620e+02  6.394706e+02 -1.493459e-14  4.362075e+01  6.889214e+01 -1.868375e-15 
  660.000  4.586883e+02  6.732470e+02  3.455042e-14  4.727677e+01  7.247523e+01  7.455407e-15 
  670.000  4.708027e+02  6.680402e+02  1.325066e-14  4.825424e+01  7.187672e+01  1.336994e-15 
  680.000  4.702080e+02  6.443973e+02  6.423889e-15  4.793351e+01  6.919382e+01  6.481716e-16 
  690.000  4.313922e+02  5.667769e+02 -2.347822e-14  4.374792e+01  6.030695e+01 -6.185467e-15 
  700.000  4.505227e+02  5.722485e+02 -2.161223e-14  4.545708e+01  6.072361e+01 -1.838246e-15 
  710.000  4.644623e+02  5.725237e+02 -1.041017e-14  4.663382e+01  6.079752e+01 -1.214708e-16 
  720.000  3.763207e+02  4.412837e+02 -4.131866e-14  3.760507e+01  4.597316e+01 -6.242122e-15 
  730.000  4.187243e+02  4.796445e+02  1.704872e-14  4.165073e+01  5.028487e+01  4.721549e-16 
  740.000  4.591161e+02  5.159628e+02 -1.586049e-14  4.546615e+01  5.461349e+01  9.874323e-16 
  750.000  4.702242e+02  5.143904e+02 -1.122450e-14  4.636634e+01  5.454486e+01 -2.733265e-15 
  760.000  1.752993e+02  1.762508e+02 -4.363596e-16  1.721360e+01  1.767862e+01 -8.569583e-16 
  770.000  4.676469e+02  4.817979e+02  4.014893e-15  4.573603e+01  5.088168e+01  4.111836e-15 
  780.000  4.730370e+02  4.739693e+02  4.756190e-15  4.608261e+01  5.002497e+01 -1.034042e-15 
  790.000  4.554566e+02  4.412217e+02 -7.051448e-15  4.420223e+01  4.622828e+01  2.048298e-16 
  800.000  4.450033e+02  4.193211e+02 -6.842028e-15  4.302921e+01  4.387290e+01  9.217703e-16 
  810.000  4.450672e+02  4.085288e+02  4.472147e-16  4.288203e+01  4.273403e+01 -1.097741e-15 
  820.000  4.043209e+02  3.586991e+02  2.184428e-14  3.882132e+01  3.718255e+01  4.063886e-15 
  830.000  4.247469e+02  3.676860e+02 -6.975785e-16  4.064540e+01  3.813955e+01 -1.579968e-15 
  840.000  4.420674e+02  3.746359e+02 -4.924613e-15  4.216455e+01  3.901737e+01 -4.008078e-16 
  850.000  3.893073e+02  3.221685e+02 -1.325595e-14  3.701420e+01  3.358580e+01  1.809470e-17 
  860.000  4.412114e+02  3.565967e+02  2.583485e-14  4.181919e+01  3.720762e+01  5.091629e-15 
  870.000  4.426450e+02  3.488949e+02 -8.315089e-15  4.182868e+01  3.636120e+01 -8.389941e-16 
  880.000  4.364758e+02  3.353772e+02 -2.001129e-14  4.112469e+01  3.488219e+01 -8.194236e-16 
  890.000  4.345782e+02  3.255323e+02  1.662644e-14  4.082883e+01  3.377995e+01  4.048686e-15 
  900.000  3.306671e+02  2.367950e+02  1.189430e-14  3.097981e+01  2.396760e+01  3.356414e-15 
  910.000  3.295704e+02  2.305324e+02 -5.171328e-15  3.079311e+01  2.331659e+01 -1.947339e-15 
  920.000  3.767637e+02  2.596746e+02 -8.173079e-15  3.510915e+01  2.649398e+01 -5.338408e-16 
  930.000  2.742754e+02  1.798476e+02  1.569750e-14  2.549246e+01  1.772833e+01  3.466406e-15 
  940.000  2.796300e+02  1.794863e+02  2.027076e-15  2.592437e+01  1.771474e+01  1.434695e-15 
  950.000  2.325949e+02  1.432794e+02  5.665913e-15  2.151043e+01  1.381880e+01  1.235950e-15 
  960.000  2.797440e+02  1.722878e+02 -4.655604e-15  2.580821e+01  1.705540e+01 -6.484634e-16 
  970.000  3.595858e+02  2.207908e+02  3.480793e-14  3.309563e+01  2.238563e+01  6.544587e-15 
  980.000  3.612939e+02  2.173146e+02 -4.641934e-15  3.317580e+01  2.205724e+01 -5.511612e-16 
  990.000  3.836262e+02  2.273728e+02 -1.575116e-15  3.514652e+01  2.327225e+01 -1.143965e-15 
 1000.000  3.843682e+02  2.230529e+02  0.000000e+00  3.513614e+01  2.283940e+01  0.000000e+00 
 1010.000  3.772322e+02  2.136725e+02 -7.761181e-15  3.440868e+01  2.179572e+01 -2.124871e-15 
 1020.000  3.703614e+02  2.055499e+02 -2.383881e-14  3.370962e+01  2.099033e+01 -2.405340e-15 
 1030.000  3.755838e+02  2.040779e+02  5.955215e-15  3.411312e+01  2.083932e+01  6.008824e-16 
 1040.000  3.676786e+02  1.955122e+02 -1.421254e-14  3.332617e+01  1.995110e+01 -5.819760e-16 
 1050.000  3.636622e+02  1.890977e+02  0.000000e+00  3.289522e+01  1.926197e+01  0.000000e+00 
 1060.000  3.583289e+02  1.820995e+02 -1.680986e-14  3.234805e+01  1.850056e+01 -1.696118e-15 
 1070.000  3.417419e+02  1.702353e+02  7.170700e-15  3.079982e+01  1.723974e+01  1.372957e-15 
 1080.000  3.336513e+02  1.627780e+02  6.475258e-15  3.002216e+01  1.641032e+01  7.127901e-16 
 1090.000  3.170162e+02  1.515148e+02 -3.982408e-15  2.848034e+01  1.521002e+01 -3.050304e-16 
 1100.000  2.626563e+02  1.220180e+02 -3.102184e-15  2.356031e+01  1.207784e+01 -8.440446e-16 
