  300.000  1.909616e-03  4.682597e-01  1.155772e-17  7.691399e-04  6.004346e-02  3.815145e-18 
  310.000  9.183803e-02  1.829029e+01  3.392891e-16  3.486140e-02  2.351608e+00  1.946057e-17 
  320.000  4.046882e-01  6.269155e+01  4.550996e-16  1.454065e-01  8.063648e+00 -3.547609e-18 
  330.000  1.119185e+00  1.363996e+02  3.308572e-16  3.822302e-01  1.754511e+01  3.371586e-16 
  340.000  1.504024e+00  1.428607e+02 -1.465194e-15  4.893107e-01  1.835626e+01 -3.473907e-16 
  350.000  2.474320e+00  1.839812e+02 -4.465058e-15  7.666712e-01  2.357737e+01  5.235861e-16 
  360.000  3.479911e+00  2.062690e+02  2.231922e-15  1.030384e+00  2.635528e+01  8.791123e-16 
  370.000  5.184285e+00  2.510527e+02  4.318439e-15  1.471359e+00  3.199681e+01  6.886131e-16 
  380.000  5.466927e+00  2.191122e+02 -8.268279e-15  1.491325e+00  2.784567e+01 -1.870497e-15 
  390.000  8.033502e+00  2.711511e+02  1.658820e-14  2.111671e+00  3.437176e+01  3.248509e-15 
  400.000  1.322414e+01  3.802976e+02  2.830718e-14  3.357213e+00  4.808142e+01  5.589940e-15 
  410.000  1.465534e+01  3.632255e+02  5.042180e-15  3.600898e+00  4.580686e+01  1.220349e-15 
  420.000  1.674380e+01  3.612908e+02  1.336367e-14  3.989419e+00  4.545189e+01  3.574362e-15 
  430.000  1.511547e+01  2.865407e+02  6.474310e-15  3.498543e+00  3.596425e+01  1.294287e-15 
  440.000  2.791708e+01  4.687055e+02  4.313992e-15  6.287150e+00  5.869778e+01  1.856559e-15 
  450.000  3.703073e+01  5.546562e+02 -1.018338e-14  8.126768e+00  6.931608e+01 -2.656674e-15 
  460.000  4.176332e+01  5.617804e+02 -1.313648e-14  8.943883e+00  7.006905e+01 -6.437031e-16 
  470.000  4.834209e+01  5.872866e+02  4.530098e-15  1.011559e+01  7.310934e+01  2.583329e-15 
  480.000  5.497248e+01  6.060946e+02  1.316499e-14  1.125286e+01  7.530360e+01  3.446332e-15 
  490.000  6.235057e+01  6.281649e+02 -1.380850e-14  1.249947e+01  7.794508e+01 -4.574856e-15 
  500.000  6.261211e+01  5.783316e+02 -2.032224e-15  1.230522e+01  7.165459e+01 -1.068309e-14 
  510.000  7.039046e+01  5.985649e+02 -1.766469e-14  1.357505e+01  7.405904e+01 -1.084975e-15 
  520.000  7.331343e+01  5.760986e+02 -2.203367e-14  1.388661e+01  7.118788e+01 -4.174668e-15 
  530.000  8.028674e+01  5.848640e+02  4.191397e-14  1.494870e+01  7.217808e+01  1.314816e-14 
  540.000  8.795632e+01  5.962256e+02  6.818752e-14  1.611063e+01  7.350791e+01  1.797985e-14 
  550.000  9.349769e+01  5.913992e+02 -2.713364e-14  1.685967e+01  7.284238e+01 -1.256041e-14 
  560.000  9.628094e+01  5.697207e+02 -1.452295e-14  1.710360e+01  7.010468e+01 -4.872743e-15 
  570.000  1.042499e+02  5.762778e+02 -1.250129e-14  1.825696e+01  7.069377e+01  4.461359e-16 
  580.000  1.142253e+02  5.948751e+02  7.215765e-16  1.973033e+01  7.300050e+01 -7.646728e-17 
  590.000  1.077030e+02  5.254785e+02  1.919113e-14  1.836199e+01  6.417160e+01  2.584856e-15 
  600.000  1.234344e+02  5.724711e+02 -5.230387e-15  2.078032e+01  7.016732e+01 -2.075337e-15 
  610.000  1.280067e+02  5.629644e+02 -8.211805e-15  2.128983e+01  6.905899e+01  1.418522e-15 
  620.000  1.361038e+02  5.672701e+02  8.154018e-15  2.237511e+01  6.954082e+01  3.070515e-15 
  630.000  1.343764e+02  5.301932e+02 -9.816306e-15  2.184684e+01  6.484002e+01 -4.152377e-15 
  640.000  1.426607e+02  5.370712e+02  2.975206e-14  2.294495e+01  6.578570e+01  8.131278e-15 
  650.000  1.394115e+02  4.989024e+02  2.920508e-14  2.219289e+01  6.098987e+01  5.991229e-15 
  660.000  1.554076e+02  5.313365e+02  7.470569e-16  2.449298e+01  6.501324e+01 -2.033293e-15 
  670.000  1.629635e+02  5.331191e+02  2.573688e-14  2.543852e+01  6.529940e+01  6.267159e-15 
  680.000  1.658613e+02  5.189166e+02 -8.233850e-17  2.565231e+01  6.354520e+01  2.957283e-15 
  690.000  1.524456e+02  4.531071e+02 -2.006718e-15  2.336851e+01  5.513394e+01 -2.873418e-16 
  700.000  1.630447e+02  4.642877e+02 -1.219165e-14  2.477750e+01  5.642575e+01 -2.424732e-15 
  710.000  1.715294e+02  4.697758e+02 -2.790857e-14  2.584833e+01  5.721836e+01 -4.643049e-15 
  720.000  1.369559e+02  3.541119e+02  3.723840e-14  2.047120e+01  4.236810e+01  8.438053e-15 
  730.000  1.571090e+02  3.937520e+02  1.052708e-14  2.329949e+01  4.751858e+01  2.298985e-15 
  740.000  1.779888e+02  4.337580e+02 -1.300158e-15  2.619586e+01  5.291028e+01 -9.987268e-16 
  750.000  1.855626e+02  4.369249e+02  8.213411e-16  2.710916e+01  5.346551e+01 -7.174821e-16 
  760.000  6.027245e+01  1.299619e+02  2.408602e-15  8.742899e+00  1.507833e+01  3.844278e-16 
  770.000  1.893990e+02  4.141585e+02  2.098543e-14  2.728486e+01  5.063926e+01  4.259506e-15 
  780.000  1.943867e+02  4.106793e+02  1.576313e-14  2.781561e+01  5.025750e+01  3.199067e-15 
  790.000  1.883429e+02  3.823034e+02  3.115419e-14  2.677725e+01  4.652700e+01  9.480361e-15 
  800.000  1.862519e+02  3.654792e+02  3.232738e-15  2.631363e+01  4.448386e+01 -7.619340e-16 
  810.000  1.887051e+02  3.585630e+02  6.568633e-15  2.649764e+01  4.369484e+01  2.194639e-15 
  820.000  1.716069e+02  3.135069e+02 -5.299050e-15  2.395404e+01  3.791243e+01 -7.519374e-16 
  830.000  1.828274e+02  3.240420e+02  4.633211e-15  2.537338e+01  3.926874e+01  2.034392e-15 
  840.000  1.935973e+02  3.340429e+02 -2.627237e-15  2.671773e+01  4.070314e+01 -6.357933e-16 
  850.000  1.726483e+02  2.893895e+02  1.749999e-14  2.369695e+01  3.534491e+01  4.603053e-15 
  860.000  1.980156e+02  3.225540e+02  9.237902e-15  2.703403e+01  3.948400e+01  2.174550e-15 
  870.000  2.006083e+02  3.171466e+02 -4.101576e-15  2.724679e+01  3.882932e+01 -1.835300e-16 
  880.000  1.995316e+02  3.060673e+02  1.488615e-14  2.696446e+01  3.744878e+01  4.276367e-15 
  890.000  2.002939e+02  2.981541e+02 -2.137206e-14  2.693501e+01  3.644462e+01 -3.416079e-15 
  900.000  1.481105e+02  2.101488e+02  8.405523e-15  1.982308e+01  2.503547e+01  2.330557e-15 
  910.000  1.490088e+02  2.056375e+02  2.648568e-15  1.985048e+01  2.451105e+01  1.046823e-15 
  920.000  1.753423e+02  2.372218e+02 -8.134188e-16  2.325240e+01  2.859884e+01 -9.430003e-16 
  930.000  1.224168e+02  1.567458e+02  1.320156e-15  1.616192e+01  1.815271e+01  1.585394e-16 
  940.000  1.259610e+02  1.572089e+02  6.346606e-15  1.655778e+01  1.824425e+01  1.542763e-15 
  950.000  1.028168e+02  1.231287e+02 -9.958237e-17  1.345821e+01  1.397412e+01  7.872535e-17 
  960.000  1.289315e+02  1.532384e+02 -9.348283e-16  1.680661e+01  1.788947e+01 -3.989025e-16 
  970.000  1.738515e+02  2.055291e+02  5.311242e-15  2.257020e+01  2.475988e+01  1.139973e-15 
  980.000  1.765276e+02  2.036654e+02  1.669297e-15  2.282674e+01  2.459397e+01 -3.459352e-17 
  990.000  1.908348e+02  2.161308e+02  5.308294e-15  2.458093e+01  2.636738e+01  3.714940e-16 
 1000.000  1.927729e+02  2.130414e+02 -1.193927e-15  2.473548e+01  2.603193e+01 -9.911838e-16 
 1010.000  1.899619e+02  2.042256e+02 -1.900733e-15  2.428433e+01  2.488081e+01 -6.360296e-16 
 1020.000  1.880831e+02  1.974831e+02  2.199265e-14  2.395555e+01  2.411477e+01  4.585180e-15 
 1030.000  1.920720e+02  1.968153e+02  4.268868e-15  2.437561e+01  2.405731e+01  1.915313e-15 
 1040.000  1.891861e+02  1.891167e+02 -8.175727e-15  2.392451e+01  2.312283e+01 -1.091205e-15 
 1050.000  1.880018e+02  1.832001e+02  6.219694e-16  2.369213e+01  2.237882e+01  4.300159e-16 
 1060.000  1.858888e+02  1.764793e+02  1.424160e-15  2.334573e+01  2.151714e+01 -1.201417e-15 
 1070.000  1.778877e+02  1.651586e+02 -2.356678e-15  2.227823e+01  2.008970e+01 -1.115258e-15 
 1080.000  1.741037e+02  1.579795e+02  3.323557e-15  2.174415e+01  1.914372e+01  6.977501e-16 
 1090.000  1.656046e+02  1.469208e+02  8.078876e-16  2.062685e+01  1.773826e+01  5.174806e-16 
 1100.000  1.343558e+02  1.157044e+02  2.912709e-15  1.669051e+01  1.374466e+01  1.416767e-16 
