  300.000  9.346045e-03  6.948612e-01 -2.686027e-17  2.683152e-03  8.849206e-02 -5.092533e-18 
  310.000  4.165812e-01  2.639936e+01 -1.685579e-16  1.143981e-01  3.373433e+00 -2.474616e-17 
  320.000  1.711130e+00  8.811607e+01  9.419536e-16  4.509315e-01  1.126099e+01  5.263977e-16 
  330.000  4.434358e+00  1.869382e+02  1.592416e-15  1.124939e+00  2.388180e+01  1.073812e-16 
  340.000  5.610492e+00  1.915137e+02 -7.414496e-15  1.372378e+00  2.442529e+01 -1.025551e-15 
  350.000  8.727228e+00  2.426980e+02 -5.009744e-15  2.058090e+00  3.085732e+01 -2.244767e-15 
  360.000  1.165036e+01  2.679376e+02  6.221567e-15  2.655418e+00  3.395119e+01 -8.043372e-16 
  370.000  1.653220e+01  3.213508e+02  1.808833e-15  3.650238e+00  4.061520e+01  5.817985e-16 
  380.000  1.665853e+01  2.765345e+02 -1.041666e-14  3.570459e+00  3.484799e+01 -1.917307e-15 
  390.000  2.345888e+01  3.376172e+02  2.143924e-15  4.890034e+00  4.244659e+01  1.402171e-15 
  400.000  3.710456e+01  4.674072e+02 -3.179160e-14  7.535248e+00  5.862640e+01 -5.381187e-15 
  410.000  3.960630e+01  4.408874e+02  3.871227e-15  7.848472e+00  5.518119e+01 -2.208251e-15 
  420.000  4.368122e+01  4.333072e+02 -3.722356e-15  8.458518e+00  5.412603e+01 -1.731804e-15 
  430.000  3.814351e+01  3.397118e+02 -3.871937e-15  7.227296e+00  4.235968e+01 -6.605855e-16 
  440.000  6.827203e+01  5.495372e+02 -1.111335e-14  1.267317e+01  6.841422e+01  6.552560e-16 
  450.000  8.791470e+01  6.433867e+02  1.500536e-14  1.600595e+01  7.998405e+01  8.623760e-16 
  460.000  9.640884e+01  6.449663e+02 -1.027197e-13  1.723323e+01  8.008163e+01 -3.089775e-14 
  470.000  1.086711e+02  6.675768e+02 -2.673341e-14  1.909033e+01  8.278877e+01 -5.641433e-15 
  480.000  1.205031e+02  6.823685e+02  1.105738e-15  2.082261e+01  8.451512e+01  1.191325e-15 
  490.000  1.334482e+02  7.007390e+02  2.044972e-14  2.270119e+01  8.675842e+01  6.919470e-15 
  500.000  1.309984e+02  6.394231e+02 -4.479711e-14  2.195511e+01  7.911115e+01 -1.120168e-14 
  510.000  1.441246e+02  6.561271e+02 -4.174740e-15  2.381518e+01  8.112940e+01  1.825933e-15 
  520.000  1.470529e+02  6.262805e+02  1.320856e-14  2.397326e+01  7.739951e+01  3.017832e-16 
  530.000  1.579134e+02  6.307267e+02  1.728935e-14  2.541448e+01  7.790483e+01  4.568858e-15 
  540.000  1.697929e+02  6.380316e+02  3.265662e-14  2.699264e+01  7.879193e+01  5.020016e-15 
  550.000  1.772957e+02  6.281583e+02  1.131643e-14  2.785641e+01  7.755517e+01 -1.664632e-15 
  560.000  1.794847e+02  6.007751e+02  6.713179e-14  2.788540e+01  7.415389e+01  1.706672e-14 
  570.000  1.912092e+02  6.034041e+02  9.828775e-15  2.939076e+01  7.424051e+01  1.144004e-15 
  580.000  2.062433e+02  6.186760e+02  6.028094e-14  3.137588e+01  7.622516e+01  1.712867e-14 
  590.000  1.915938e+02  5.429108e+02 -1.225401e-14  2.886266e+01  6.652390e+01 -4.378694e-17 
  600.000  2.164516e+02  5.878467e+02 -1.877993e-15  3.230039e+01  7.243731e+01  7.017002e-17 
  610.000  2.213882e+02  5.745761e+02 -1.088929e-13  3.273736e+01  7.093473e+01 -2.092901e-14 
  620.000  2.323052e+02  5.755467e+02  5.698468e-15  3.405372e+01  7.104273e+01  1.256120e-15 
  630.000  2.264807e+02  5.347986e+02  1.320297e-15  3.292410e+01  6.584618e+01  2.655356e-16 
  640.000  2.375172e+02  5.388029e+02  1.745400e-15  3.425042e+01  6.652424e+01  3.027604e-16 
  650.000  2.294179e+02  4.978165e+02 -4.290620e-14  3.282816e+01  6.134307e+01 -5.290753e-15 
  660.000  2.528580e+02  5.274284e+02 -1.040300e-14  3.591177e+01  6.510357e+01  1.059007e-15 
  670.000  2.622888e+02  5.265927e+02 -2.777527e-15  3.698397e+01  6.512400e+01  1.921929e-15 
  680.000  2.641752e+02  5.100665e+02 -1.044089e-14  3.699223e+01  6.309208e+01 -2.714219e-15 
  690.000  2.403845e+02  4.431230e+02  5.486141e-15  3.343682e+01  5.438750e+01  2.046749e-15 
  700.000  2.546105e+02  4.520138e+02 -3.372048e-16  3.518607e+01  5.542693e+01  1.825098e-15 
  710.000  2.653584e+02  4.554038e+02  1.545090e-14  3.644051e+01  5.602191e+01  2.447002e-15 
  720.000  2.099634e+02  3.415781e+02  3.688031e-15  2.865803e+01  4.112053e+01  1.366694e-15 
  730.000  2.387607e+02  3.784042e+02  1.767160e-14  3.239684e+01  4.606453e+01  3.480577e-15 
  740.000  2.682137e+02  4.153568e+02 -5.227934e-15  3.618608e+01  5.125319e+01 -1.499119e-15 
  750.000  2.773374e+02  4.168272e+02  1.927995e-14  3.720985e+01  5.165789e+01  4.646550e-15 
  760.000  8.937703e+01  1.232313e+02 -4.476897e-15  1.192771e+01  1.429974e+01 -7.654350e-16 
  770.000  2.787141e+02  3.921708e+02  1.186021e-14  3.700383e+01  4.858276e+01  1.918824e-15 
  780.000  2.839315e+02  3.875021e+02  3.361853e-15  3.750680e+01  4.807145e+01 -3.231380e-16 
  790.000  2.731497e+02  3.593794e+02  1.232625e-14  3.590810e+01  4.429029e+01  2.866816e-15 
  800.000  2.682467e+02  3.424096e+02  1.908399e-15  3.509729e+01  4.221545e+01  2.147828e-15 
  810.000  2.699555e+02  3.348513e+02  2.125360e-15  3.515918e+01  4.135516e+01  1.598993e-15 
  820.000  2.438980e+02  2.917487e+02 -4.712259e-15  3.162422e+01  3.570941e+01 -1.248515e-16 
  830.000  2.582043e+02  3.006415e+02  1.540336e-14  3.333456e+01  3.689911e+01  3.657043e-15 
  840.000  2.717390e+02  3.090634e+02 -9.278456e-15  3.493456e+01  3.819233e+01 -1.626836e-15 
  850.000  2.408928e+02  2.670010e+02 -5.030275e-15  3.084249e+01  3.309559e+01  6.412714e-16 
  860.000  2.746812e+02  2.967807e+02  3.978731e-15  3.502801e+01  3.689473e+01 -5.303780e-16 
  870.000  2.767165e+02  2.910010e+02  1.956713e-14  3.515099e+01  3.619093e+01  5.505899e-15 
  880.000  2.737308e+02  2.800659e+02  9.282039e-15  3.464066e+01  3.480952e+01  1.536419e-15 
  890.000  2.733203e+02  2.720923e+02 -1.504712e-15  3.446166e+01  3.378353e+01 -1.518257e-16 
  900.000  2.010775e+02  1.910936e+02  4.695705e-16  2.526267e+01  2.302365e+01  1.003983e-15 
  910.000  2.012829e+02  1.865323e+02  3.326550e-15  2.520013e+01  2.249342e+01  7.375533e-16 
  920.000  2.356985e+02  2.147548e+02  5.524377e-15  2.940824e+01  2.624680e+01  2.664975e-15 
  930.000  1.637747e+02  1.413503e+02 -1.503338e-15  2.036629e+01  1.648638e+01 -1.026066e-16 
  940.000  1.677373e+02  1.414438e+02  4.768283e-15  2.079123e+01  1.654019e+01  1.393539e-15 
  950.000  1.363010e+02  1.104723e+02 -7.416839e-16  1.684099e+01  1.259166e+01 -1.550397e-16 
  960.000  1.701711e+02  1.373048e+02 -1.055216e-15  2.096053e+01  1.617824e+01 -3.217218e-16 
  970.000  2.284780e+02  1.840025e+02  1.029115e-15  2.805676e+01  2.248997e+01  4.364874e-16 
  980.000  2.310292e+02  1.819786e+02  4.619746e-15  2.828560e+01  2.230778e+01  9.160829e-16 
  990.000  2.487397e+02  1.928273e+02 -8.551678e-15  3.036516e+01  2.392493e+01 -9.237749e-16 
 1000.000  2.502642e+02  1.897166e+02 -6.258769e-15  3.046348e+01  2.358685e+01 -5.154155e-16 
 1010.000  2.456703e+02  1.815042e+02 -2.249977e-15  2.982097e+01  2.249119e+01  3.882059e-16 
 1020.000  2.423177e+02  1.752108e+02 -7.143797e-16  2.933268e+01  2.177347e+01  3.119426e-15 
 1030.000  2.465477e+02  1.743242e+02 -1.233800e-14  2.976416e+01  2.169275e+01 -3.004412e-15 
 1040.000  2.419724e+02  1.672244e+02 -2.316373e-15  2.913433e+01  2.081988e+01  6.183495e-16 
 1050.000  2.396158e+02  1.617169e+02 -9.869522e-15  2.877533e+01  2.011592e+01 -2.150079e-15 
 1060.000  2.361127e+02  1.555177e+02  2.726213e-15  2.828186e+01  1.930543e+01 -3.533579e-17 
 1070.000  2.252012e+02  1.452361e+02 -3.060789e-15  2.691808e+01  1.797817e+01 -1.064099e-15 
 1080.000  2.196917e+02  1.386276e+02 -4.504718e-15  2.620514e+01  1.708417e+01 -6.310149e-16 
 1090.000  2.083011e+02  1.286597e+02 -2.060791e-15  2.479609e+01  1.578858e+01 -4.224281e-16 
 1100.000  1.684697e+02  1.010725e+02 -1.164534e-15  2.001485e+01  1.217749e+01 -5.226663e-16 
