  300.000  2.237993e-01  1.356708e+00 -1.526377e-17  3.264951e-02  1.731141e-01  2.287555e-18 
  310.000  8.569804e+00  4.843060e+01  5.445052e-16  1.231778e+00  6.283493e+00  2.575523e-16 
  320.000  3.058845e+01  1.512856e+02  8.411789e-15  4.336524e+00  1.975100e+01  1.070364e-15 
  330.000  6.960817e+01  3.008321e+02 -1.475956e-14  9.743669e+00  3.946420e+01 -1.062891e-15 
  340.000  7.806727e+01  2.897959e+02 -1.280015e-15  1.079541e+01  3.809838e+01  2.659451e-17 
  350.000  1.085666e+02  3.495266e+02  2.337458e-14  1.483077e+01  4.601534e+01  4.165547e-15 
  360.000  1.305758e+02  3.677208e+02  8.865403e-15  1.763562e+01  4.841170e+01 -2.845495e-15 
  370.000  1.681113e+02  4.215834e+02 -2.111646e-14  2.246551e+01  5.564461e+01 -8.945152e-15 
  380.000  1.546704e+02  3.471886e+02  1.966131e-14  2.046533e+01  4.584497e+01  3.475118e-15 
  390.000  2.000312e+02  4.067027e+02  1.855009e-14  2.622256e+01  5.381044e+01  5.748031e-15 
  400.000  2.921015e+02  5.410670e+02 -3.592467e-14  3.796007e+01  7.166605e+01 -1.994750e-15 
  410.000  2.892602e+02  4.913188e+02  2.976922e-14  3.728433e+01  6.514139e+01  3.127475e-15 
  420.000  2.972791e+02  4.656383e+02  5.731564e-17  3.802389e+01  6.178951e+01  2.416470e-16 
  430.000  2.428888e+02  3.526061e+02  4.511449e-15  3.084229e+01  4.682613e+01  7.742677e-15 
  440.000  4.082989e+02  5.517845e+02  1.786028e-15  5.149223e+01  7.332275e+01 -3.882999e-16 
  450.000  4.955084e+02  6.258611e+02 -2.746015e-14  6.208728e+01  8.320910e+01 -9.124495e-15 
  460.000  5.137499e+02  6.086840e+02  4.585246e-14  6.397975e+01  8.096560e+01  1.457234e-14 
  470.000  5.491398e+02  6.119628e+02  4.950945e-14  6.799129e+01  8.140006e+01  8.266654e-15 
  480.000  5.790226e+02  6.082097e+02 -5.341534e-14  7.129753e+01  8.083688e+01 -7.715244e-15 
  490.000  6.112925e+02  6.085276e+02 -2.987233e-14  7.487859e+01  8.101241e+01  0.000000e+00 
  500.000  5.734211e+02  5.413419e+02 -2.187664e-14  6.989132e+01  7.207335e+01  8.297542e-16 
  510.000  6.041982e+02  5.421252e+02 -1.978166e-14  7.329501e+01  7.217818e+01 -1.376066e-15 
  520.000  5.916248e+02  5.055326e+02  2.577804e-14  7.144706e+01  6.730067e+01  2.011888e-15 
  530.000  6.108879e+02  4.977874e+02  2.480005e-14  7.345689e+01  6.623036e+01  5.178039e-15 
  540.000  6.327277e+02  4.929281e+02 -1.089396e-13  7.577158e+01  6.559929e+01 -1.639189e-14 
  550.000  6.375076e+02  4.754311e+02  1.256755e-14  7.604533e+01  6.326339e+01 -5.044340e-16 
  560.000  6.237249e+02  4.457741e+02  3.770241e-15  7.412270e+01  5.928797e+01 -3.878801e-15 
  570.000  6.432283e+02  4.385836e+02  1.234625e-14  7.616762e+01  5.787285e+01 -9.894563e-17 
  580.000  6.723664e+02  4.418093e+02  1.110993e-14  7.934403e+01  5.848286e+01 -3.058691e-15 
  590.000  6.062883e+02  3.803376e+02  4.708196e-14  7.131229e+01  4.976802e+01  7.747766e-15 
  600.000  6.655809e+02  4.058362e+02 -1.256582e-14  7.803935e+01  5.373828e+01 -3.180080e-15 
  610.000  6.622001e+02  3.905997e+02  1.086874e-14  7.740726e+01  5.192175e+01  4.092784e-15 
  620.000  6.767513e+02  3.851503e+02  1.265013e-14  7.887857e+01  5.114954e+01  4.000974e-15 
  630.000  6.433391e+02  3.520404e+02  1.935438e-14  7.477563e+01  4.643911e+01  3.209796e-15 
  640.000  6.583708e+02  3.501075e+02 -2.088767e-14  7.631673e+01  4.646846e+01 -6.920237e-15 
  650.000  6.212674e+02  3.187773e+02 -1.937622e-14  7.183051e+01  4.211120e+01 -3.082199e-15 
  660.000  6.693928e+02  3.333903e+02  1.397691e-14  7.720131e+01  4.416691e+01  3.642983e-15 
  670.000  6.794453e+02  3.288467e+02  3.697445e-14  7.817266e+01  4.371329e+01  5.932910e-15 
  680.000  6.701663e+02  3.145652e+02  4.347655e-14  7.692667e+01  4.179805e+01  4.861287e-15 
  690.000  5.977020e+02  2.690676e+02  1.561556e-15  6.845585e+01  3.513848e+01  6.425097e-16 
  700.000  6.208858e+02  2.714438e+02  3.278791e-14  7.095714e+01  3.541494e+01  5.141041e-15 
  710.000  6.350643e+02  2.707009e+02 -1.550078e-14  7.242474e+01  3.550723e+01 -1.139305e-15 
  720.000  4.934759e+02  1.998069e+02  2.305868e-15  5.616322e+01  2.521639e+01  4.394111e-17 
  730.000  5.514213e+02  2.196959e+02 -3.569412e-14  6.263459e+01  2.827225e+01 -5.277784e-15 
  740.000  6.090529e+02  2.395378e+02  1.584610e-14  6.904910e+01  3.154579e+01  6.233550e-17 
  750.000  6.195010e+02  2.383987e+02 -1.281856e-14  7.010372e+01  3.163721e+01 -1.093306e-15 
  760.000  1.965326e+02  6.848618e+01  1.459060e-15  2.220035e+01  8.022736e+00  5.566591e-17 
  770.000  6.035587e+02  2.201047e+02 -1.206161e-16  6.806069e+01  2.913812e+01 -9.985515e-16 
  780.000  6.057679e+02  2.156855e+02 -4.858681e-14  6.819500e+01  2.861708e+01 -4.523933e-15 
  790.000  5.745153e+02  1.978964e+02 -1.542876e-14  6.457216e+01  2.592206e+01 -2.049934e-16 
  800.000  5.564164e+02  1.870122e+02  4.234460e-15  6.243940e+01  2.449929e+01  1.455505e-15 
  810.000  5.524688e+02  1.815088e+02  4.253218e-15  6.190157e+01  2.383750e+01  7.870149e-16 
  820.000  4.926668e+02  1.565765e+02  7.009141e-15  5.511906e+01  2.024629e+01 -1.687993e-16 
  830.000  5.149993e+02  1.602254e+02 -1.480501e-15  5.753441e+01  2.079985e+01 -9.562035e-16 
  840.000  5.353721e+02  1.637919e+02 -6.413108e-15  5.972647e+01  2.149633e+01 -1.399416e-16 
  850.000  4.689706e+02  1.406286e+02 -2.592909e-15  5.224726e+01  1.854610e+01 -1.120175e-15 
  860.000  5.285514e+02  1.553739e+02  2.851959e-15  5.880648e+01  2.058691e+01 -9.546804e-16 
  870.000  5.265096e+02  1.513487e+02  2.141935e-14  5.850358e+01  2.005701e+01  2.621856e-15 
  880.000  5.151652e+02  1.446813e+02 -2.878837e-14  5.717096e+01  1.914113e+01 -4.404402e-15 
  890.000  5.089550e+02  1.396257e+02 -2.402405e-15  5.641246e+01  1.842838e+01 -1.872517e-15 
  900.000  3.706101e+02  9.685822e+01  3.524734e-15  4.102950e+01  1.218963e+01  1.304642e-15 
  910.000  3.672784e+02  9.400982e+01  5.563628e-15  4.061320e+01  1.184523e+01  6.965586e-16 
  920.000  4.258883e+02  1.078685e+02  5.692884e-15  4.704054e+01  1.386477e+01  1.006169e-15 
  930.000  2.931277e+02  7.001608e+01  4.170673e-16  3.234083e+01  8.375340e+00 -7.728000e-17 
  940.000  2.974513e+02  6.968939e+01  2.888599e-15  3.278220e+01  8.363244e+00  7.643393e-16 
  950.000  2.395347e+02  5.396217e+01 -1.166568e-15  2.637118e+01  6.229650e+00 -4.112339e-16 
  960.000  2.964411e+02  6.707635e+01 -1.953771e-15  3.260229e+01  8.152073e+00 -6.523301e-16 
  970.000  3.946164e+02  9.003622e+01  4.110033e-15  4.335537e+01  1.156090e+01  1.396209e-15 
  980.000  3.957072e+02  8.866629e+01  1.027431e-14  4.343197e+01  1.143198e+01  2.341809e-15 
  990.000  4.225897e+02  9.377817e+01  2.667841e-15  4.633735e+01  1.231880e+01  1.389296e-15 
 1000.000  4.217974e+02  9.189739e+01  1.684591e-15  4.620609e+01  1.210930e+01  6.343576e-16 
 1010.000  4.108882e+02  8.746233e+01  7.656707e-15  4.496911e+01  1.146091e+01  2.696185e-15 
 1020.000  4.022122e+02  8.413398e+01 -6.280618e-15  4.397893e+01  1.107402e+01 -1.954339e-15 
 1030.000  4.062319e+02  8.340296e+01 -4.893977e-15  4.437837e+01  1.100161e+01 -2.253309e-15 
 1040.000  3.958389e+02  7.970293e+01 -9.014105e-15  4.320466e+01  1.052139e+01 -2.400651e-15 
 1050.000  3.892438e+02  7.676003e+01  1.169274e-15  4.244777e+01  1.011644e+01  2.006741e-15 
 1060.000  3.809349e+02  7.349689e+01  2.677730e-15  4.150600e+01  9.652882e+00  1.201417e-15 
 1070.000  3.609267e+02  6.827096e+01  7.946487e-16  3.929818e+01  8.918303e+00 -9.904730e-17 
 1080.000  3.498034e+02  6.481006e+01  2.449293e-15  3.806064e+01  8.403550e+00  1.395726e-15 
 1090.000  3.295558e+02  5.984459e+01  7.906077e-16  3.583324e+01  7.707667e+00  1.190737e-16 
 1100.000  2.648814e+02  4.667936e+01  1.157364e-15  2.878196e+01  5.855897e+00  3.025725e-16 
