  300.000  3.901536e-04  3.135236e-01 -1.693855e-18  2.204721e-04  4.036398e-02 -9.459142e-19 
  310.000  2.024567e-02  1.257770e+01 -3.106959e-16  1.062343e-02  1.623405e+00 -9.144668e-18 
  320.000  9.570857e-02  4.421363e+01 -1.418275e-15  4.688708e-02  5.711679e+00 -4.045964e-17 
  330.000  2.824681e-01  9.851978e+01  3.519446e-15  1.298730e-01  1.273479e+01  4.656975e-16 
  340.000  4.031857e-01  1.053263e+02 -6.357681e-15  1.744590e-01  1.360968e+01 -6.627850e-16 
  350.000  7.015079e-01  1.376073e+02  1.747408e-15  2.855958e-01  1.774654e+01  1.311376e-16 
  360.000  1.039428e+00  1.563921e+02  3.150390e-17  3.998188e-01  2.012380e+01 -5.471716e-16 
  370.000  1.625716e+00  1.928244e+02 -2.117925e-15  5.930818e-01  2.476201e+01 -1.238594e-16 
  380.000  1.794105e+00  1.703771e+02  6.522478e-15  6.229007e-01  2.182769e+01  1.573727e-15 
  390.000  2.751063e+00  2.133347e+02  1.431433e-15  9.118826e-01  2.727119e+01 -2.253490e-16 
  400.000  4.713090e+00  3.025916e+02 -1.809779e-15  1.495749e+00  3.859080e+01 -5.943660e-16 
  410.000  5.422830e+00  2.921389e+02  4.410761e-14  1.652095e+00  3.717027e+01  1.197633e-14 
  420.000  6.418186e+00  2.936033e+02 -5.996748e-15  1.881585e+00  3.726892e+01 -1.054689e-15 
  430.000  5.989933e+00  2.351833e+02  1.570724e-14  1.693549e+00  2.978393e+01  2.079692e-15 
  440.000  1.141554e+01  3.883939e+02  2.289603e-14  3.119045e+00  4.907386e+01  3.367288e-15 
  450.000  1.559774e+01  4.638685e+02  4.271990e-15  4.126227e+00  5.847821e+01 -7.093738e-16 
  460.000  1.809140e+01  4.740143e+02  4.050057e-14  4.641778e+00  5.962682e+01  6.252138e-15 
  470.000  2.150482e+01  4.997958e+02  9.648522e-15  5.360034e+00  6.273228e+01  1.382430e-15 
  480.000  2.507793e+01  5.200836e+02  4.549435e-15  6.081204e+00  6.513309e+01  1.538794e-15 
  490.000  2.913180e+01  5.433345e+02 -8.867548e-15  6.882300e+00  6.792577e+01 -2.401799e-15 
  500.000  2.992609e+01  5.041012e+02 -7.374517e-14  6.896717e+00  6.290036e+01 -1.824163e-14 
  510.000  3.437862e+01  5.256383e+02  1.264599e-14  7.737986e+00  6.546722e+01  2.050867e-15 
  520.000  3.655046e+01  5.095656e+02 -8.780378e-15  8.043863e+00  6.335342e+01 -3.684270e-15 
  530.000  4.081953e+01  5.209368e+02  9.868680e-14  8.792745e+00  6.465295e+01  2.682935e-14 
  540.000  4.556314e+01  5.346450e+02  6.798055e-14  9.615650e+00  6.625284e+01  1.919644e-14 
  550.000  4.930632e+01  5.337857e+02 -1.080768e-13  1.020404e+01  6.604662e+01 -2.670978e-14 
  560.000  5.164786e+01  5.174773e+02  1.852177e-14  1.049052e+01  6.393316e+01  5.418200e-15 
  570.000  5.683834e+01  5.266344e+02  7.140567e-15  1.134084e+01  6.486212e+01  1.015630e-15 
  580.000  6.326213e+01  5.468976e+02  1.516673e-14  1.240715e+01  6.732783e+01  2.090105e-15 
  590.000  6.054435e+01  4.858497e+02  1.952773e-14  1.168161e+01  5.954054e+01  2.467444e-15 
  600.000  7.038992e+01  5.322444e+02 -4.916400e-15  1.336891e+01  6.537133e+01  2.029383e-16 
  610.000  7.401344e+01  5.262609e+02  2.403981e-15  1.384523e+01  6.463537e+01  6.511248e-16 
  620.000  7.974078e+01  5.330766e+02 -6.120500e-15  1.470162e+01  6.539648e+01  3.605529e-15 
  630.000  7.972853e+01  5.007803e+02  1.654471e-15  1.449648e+01  6.128144e+01 -1.133388e-15 
  640.000  8.568658e+01  5.097793e+02  1.756614e-14  1.537120e+01  6.242244e+01  7.028366e-15 
  650.000  8.471677e+01  4.758105e+02  7.330756e-15  1.500308e+01  5.813771e+01  2.561566e-15 
  660.000  9.551404e+01  5.091247e+02 -7.751664e-15  1.670498e+01  6.221831e+01 -7.201245e-16 
  670.000  1.012512e+02  5.131159e+02  3.548056e-14  1.749724e+01  6.272375e+01  5.598662e-15 
  680.000  1.041352e+02  5.016385e+02 -4.178647e-15  1.778860e+01  6.127777e+01 -5.225884e-15 
  690.000  9.667688e+01  4.399383e+02  9.505887e-16  1.633189e+01  5.344029e+01  5.329663e-16 
  700.000  1.044087e+02  4.526328e+02 -8.490452e-15  1.744792e+01  5.489750e+01 -1.323261e-15 
  710.000  1.108777e+02  4.597729e+02 -9.049566e-15  1.833496e+01  5.583611e+01 -1.494845e-15 
  720.000  8.933422e+01  3.480216e+02  6.630740e-15  1.462311e+01  4.162726e+01  7.682944e-16 
  730.000  1.033805e+02  3.883424e+02 -9.015931e-15  1.675675e+01  4.675743e+01 -9.311119e-16 
  740.000  1.181147e+02  4.292737e+02 -2.780428e-15  1.896371e+01  5.212347e+01 -1.485774e-15 
  750.000  1.241573e+02  4.339101e+02  4.020059e-16  1.975030e+01  5.280013e+01  2.391607e-15 
  760.000  4.064535e+01  1.296457e+02  1.106840e-15  6.408451e+00  1.509142e+01 -3.031466e-16 
  770.000  1.287052e+02  4.140862e+02  1.237333e-14  2.011853e+01  5.031547e+01  4.123376e-15 
  780.000  1.330820e+02  4.119461e+02 -5.306378e-15  2.062847e+01  5.007190e+01  3.231380e-17 
  790.000  1.298667e+02  3.847497e+02  4.117494e-14  1.996820e+01  4.653651e+01  8.571046e-15 
  800.000  1.293204e+02  3.689518e+02  4.185286e-15  1.972822e+01  4.461342e+01  1.112057e-16 
  810.000  1.319091e+02  3.630446e+02  2.471010e-15  1.996988e+01  4.392826e+01  1.457235e-15 
  820.000  1.207427e+02  3.184117e+02  8.615242e-15  1.814418e+01  3.826659e+01  2.285940e-15 
  830.000  1.294549e+02  3.300365e+02  6.060911e-16  1.931352e+01  3.972134e+01  1.576226e-16 
  840.000  1.379261e+02  3.411174e+02 -1.138060e-14  2.043353e+01  4.123236e+01 -2.345735e-15 
  850.000  1.237372e+02  2.962921e+02  2.050329e-14  1.820686e+01  3.587376e+01  6.161390e-15 
  860.000  1.427478e+02  3.311013e+02 -1.483402e-14  2.086439e+01  4.015215e+01 -4.136948e-15 
  870.000  1.454328e+02  3.263812e+02 -1.087758e-14  2.111995e+01  3.957501e+01 -2.018830e-15 
  880.000  1.454452e+02  3.157731e+02 -2.335087e-14  2.098925e+01  3.825808e+01 -4.455616e-15 
  890.000  1.467788e+02  3.083685e+02  1.997668e-14  2.105222e+01  3.732045e+01  4.757206e-15 
  900.000  1.090958e+02  2.180043e+02  2.146026e-15  1.555474e+01  2.580063e+01  5.283091e-17 
  910.000  1.103105e+02  2.138131e+02 -6.064256e-15  1.563648e+01  2.530866e+01 -1.273231e-15 
  920.000  1.304417e+02  2.471355e+02  6.559283e-15  1.838511e+01  2.953446e+01  1.057297e-15 
  930.000  9.150299e+01  1.638233e+02 -1.042839e-16  1.282549e+01  1.890471e+01 -4.572091e-18 
  940.000  9.458931e+01  1.646598e+02  8.966109e-15  1.318632e+01  1.903069e+01  2.880816e-15 
  950.000  7.755836e+01  1.292748e+02  3.971668e-15  1.075491e+01  1.464910e+01  9.799218e-16 
  960.000  9.768591e+01  1.611316e+02 -1.297866e-14  1.347590e+01  1.870649e+01 -3.029602e-15 
  970.000  1.322855e+02  2.163486e+02  4.985103e-15  1.815653e+01  2.580591e+01  1.997928e-15 
  980.000  1.348834e+02  2.147822e+02 -9.740116e-15  1.842138e+01  2.566642e+01 -3.662673e-15 
  990.000  1.464098e+02  2.282751e+02 -6.605453e-15  1.989853e+01  2.751537e+01 -5.693319e-16 
 1000.000  1.484885e+02  2.254101e+02 -3.188846e-15  2.008450e+01  2.720127e+01 -2.933904e-15 
 1010.000  1.468860e+02  2.164756e+02 -5.464135e-15  1.977563e+01  2.605027e+01 -5.361296e-16 
 1020.000  1.459870e+02  2.096721e+02  1.490886e-15  1.956412e+01  2.527608e+01  9.207944e-16 
 1030.000  1.496329e+02  2.092963e+02 -1.130924e-15  1.996261e+01  2.524664e+01 -9.388787e-16 
 1040.000  1.479151e+02  2.014267e+02 -4.892495e-15  1.964631e+01  2.429762e+01 -6.001627e-16 
 1050.000  1.475056e+02  1.954340e+02 -1.636421e-15  1.950687e+01  2.355058e+01 -3.225119e-16 
 1060.000  1.463481e+02  1.885615e+02  1.714214e-15  1.927111e+01  2.268002e+01  7.420516e-16 
 1070.000  1.405145e+02  1.768111e+02  1.734615e-15  1.843815e+01  2.122316e+01  7.974005e-16 
 1080.000  1.379756e+02  1.694601e+02  1.047046e-17  1.804257e+01  2.027283e+01 -2.138217e-17 
 1090.000  1.316597e+02  1.578995e+02  4.076094e-15  1.715862e+01  1.882785e+01  1.208220e-15 
 1100.000  1.071497e+02  1.246287e+02 -4.877734e-16  1.391831e+01  1.464696e+01  8.300158e-17 
