  300.000  4.573717e-02  1.009157e+00 -4.945371e-18  9.359878e-03  1.275169e-01 -8.578332e-19 
  310.000  1.889532e+00  3.721671e+01  1.311147e-15  3.753905e-01  4.731424e+00  2.758116e-16 
  320.000  7.234895e+00  1.206083e+02  2.839417e-15  1.398400e+00  1.534707e+01  1.756911e-16 
  330.000  1.756923e+01  2.487054e+02 -1.301868e-14  3.310774e+00  3.165667e+01 -1.739939e-15 
  340.000  2.092865e+01  2.483019e+02 -7.592919e-15  3.849106e+00  3.156453e+01 -1.642211e-15 
  350.000  3.078164e+01  3.084554e+02  1.613795e-14  5.524806e+00  3.911749e+01  2.599610e-15 
  360.000  3.900373e+01  3.340341e+02 -1.495062e-14  6.843287e+00  4.224496e+01 -4.017644e-15 
  370.000  5.271917e+01  3.933624e+02  7.050363e-16  9.055691e+00  4.968245e+01 -2.218107e-15 
  380.000  5.076054e+01  3.325627e+02  9.640330e-15  8.548186e+00  4.192070e+01  2.156970e-15 
  390.000  6.850253e+01  3.992357e+02  1.035773e-14  1.132390e+01  5.027624e+01  1.045097e-15 
  400.000  1.041080e+02  5.438181e+02  6.236170e-16  1.691276e+01  6.840916e+01 -2.087529e-16 
  410.000  1.070360e+02  5.050429e+02  1.755030e-14  1.710637e+01  6.347661e+01  4.184054e-15 
  420.000  1.139548e+02  4.890058e+02 -1.565496e-14  1.793401e+01  6.141934e+01 -3.584431e-15 
  430.000  9.625360e+01  3.779299e+02 -1.932375e-14  1.493012e+01  4.744476e+01 -6.452230e-16 
  440.000  1.669603e+02  6.030192e+02  1.326450e-14  2.554556e+01  7.567537e+01  2.475412e-15 
  450.000  2.087175e+02  6.967562e+02  2.936176e-14  3.152418e+01  8.741938e+01  2.392398e-15 
  460.000  2.225547e+02  6.896877e+02 -4.649815e-15  3.320522e+01  8.652691e+01  2.739162e-15 
  470.000  2.442872e+02  7.052282e+02  4.830551e-17  3.602758e+01  8.846075e+01  7.037827e-15 
  480.000  2.641490e+02  7.124348e+02 -4.626483e-14  3.853064e+01  8.932581e+01 -5.332595e-15 
  490.000  2.856163e+02  7.235432e+02  1.470371e-14  4.122918e+01  9.079986e+01  8.349112e-15 
  500.000  2.740767e+02  6.531558e+02 -5.065894e-15  3.917247e+01  8.198389e+01 -2.074386e-16 
  510.000  2.950944e+02  6.633135e+02  2.629932e-14  4.177973e+01  8.328003e+01  7.938840e-16 
  520.000  2.949594e+02  6.268663e+02 -2.830626e-14  4.138636e+01  7.872558e+01 -2.414265e-15 
  530.000  3.105936e+02  6.252756e+02 -1.400998e-15  4.320742e+01  7.853115e+01  3.045905e-16 
  540.000  3.277709e+02  6.267343e+02  8.776297e-15  4.522486e+01  7.875785e+01  1.485515e-15 
  550.000  3.361973e+02  6.115923e+02 -2.349430e-14  4.602569e+01  7.688609e+01 -3.026604e-16 
  560.000  3.345897e+02  5.799451e+02 -5.385571e-14  4.546379e+01  7.292477e+01 -7.563661e-15 
  570.000  3.507032e+02  5.774940e+02  2.884574e-14  4.731428e+01  7.231744e+01  5.503470e-15 
  580.000  3.723877e+02  5.874897e+02  1.696030e-14  4.989494e+01  7.375263e+01  8.156509e-16 
  590.000  3.408261e+02  5.114329e+02 -2.336634e-14  4.536823e+01  6.375125e+01  4.984326e-16 
  600.000  3.795627e+02  5.499941e+02  3.379101e-14  5.020677e+01  6.912424e+01  3.186572e-15 
  610.000  3.828901e+02  5.338557e+02  5.134150e-15  5.034010e+01  6.729646e+01 -1.116214e-15 
  620.000  3.965027e+02  5.310817e+02 -1.034711e-14  5.182784e+01  6.694833e+01 -5.675800e-15 
  630.000  3.817138e+02  4.900595e+02 -7.836195e-16  4.961789e+01  6.156556e+01 -1.285423e-16 
  640.000  3.954436e+02  4.907542e+02  2.064146e-14  5.112624e+01  6.191312e+01  5.882201e-15 
  650.000  3.775328e+02  4.505650e+02  2.180409e-14  4.856002e+01  5.670004e+01  6.358891e-15 
  660.000  4.114152e+02  4.745684e+02  1.076454e-15  5.265403e+01  5.986753e+01 -2.372175e-15 
  670.000  4.221515e+02  4.711963e+02 -2.662450e-14  5.376937e+01  5.960480e+01 -6.601407e-15 
  680.000  4.207638e+02  4.538704e+02 -7.115711e-15  5.334508e+01  5.743136e+01 -3.564944e-15 
  690.000  3.790505e+02  3.918468e+02  2.106795e-15  4.784300e+01  4.906254e+01 -1.450799e-15 
  700.000  3.975988e+02  3.976879e+02  5.723299e-15  4.996708e+01  4.975317e+01  2.154070e-15 
  710.000  4.105124e+02  3.987753e+02  1.212081e-14  5.137314e+01  5.010180e+01  2.905654e-15 
  720.000  3.218886e+02  2.972300e+02  4.981300e-15  4.011894e+01  3.633141e+01  8.763444e-16 
  730.000  3.628474e+02  3.280052e+02  1.390359e-14  4.504626e+01  4.067513e+01  2.096844e-15 
  740.000  4.041744e+02  3.587346e+02  4.593436e-15  4.998621e+01  4.526008e+01  4.085779e-16 
  750.000  4.145012e+02  3.585586e+02  4.078256e-14  5.107399e+01  4.549605e+01  7.516479e-15 
  760.000  1.325353e+02  1.050261e+02 -2.834732e-15  1.627267e+01  1.223833e+01 -7.964044e-16 
  770.000  4.101474e+02  3.345147e+02  2.759178e-14  5.018476e+01  4.241882e+01  6.377267e-15 
  780.000  4.147252e+02  3.292509e+02 -1.784892e-14  5.057447e+01  4.182858e+01 -6.721271e-15 
  790.000  3.961428e+02  3.039988e+02  9.142421e-15  4.815253e+01  3.829340e+01 -2.236925e-16 
  800.000  3.863383e+02  2.885621e+02 -6.581877e-15  4.681298e+01  3.636657e+01 -2.434004e-15 
  810.000  3.861895e+02  2.811999e+02 -9.647881e-15  4.665201e+01  3.551574e+01 -2.758689e-15 
  820.000  3.466421e+02  2.439870e+02  2.811808e-15  4.175042e+01  3.047420e+01  3.545468e-15 
  830.000  3.646579e+02  2.505987e+02  2.100049e-14  4.379367e+01  3.140528e+01  4.863952e-15 
  840.000  3.814208e+02  2.568810e+02 -1.286198e-14  4.567842e+01  3.246495e+01 -1.953433e-15 
  850.000  3.361129e+02  2.212574e+02  1.615268e-14  4.014269e+01  2.806970e+01  2.604384e-16 
  860.000  3.810294e+02  2.452144e+02 -2.343035e-14  4.538583e+01  3.122294e+01 -3.606570e-15 
  870.000  3.816990e+02  2.397104e+02 -7.462265e-15  4.534819e+01  3.053617e+01 -1.520677e-15 
  880.000  3.755221e+02  2.300000e+02 -1.914715e-14  4.450212e+01  2.927445e+01 -5.531109e-15 
  890.000  3.729717e+02  2.227821e+02  1.956126e-14  4.409156e+01  2.831722e+01  1.973735e-15 
  900.000  2.729863e+02  1.557413e+02 -1.889786e-15  3.219493e+01  1.909116e+01  2.581695e-16 
  910.000  2.718952e+02  1.516191e+02 -1.792980e-15  3.199151e+01  1.860629e+01 -3.176118e-16 
  920.000  3.168303e+02  1.742222e+02  7.855756e-16  3.719379e+01  2.172402e+01 -5.803981e-16 
  930.000  2.191049e+02  1.140866e+02  1.714709e-15  2.566441e+01  1.345390e+01  1.447703e-16 
  940.000  2.233691e+02  1.138799e+02  1.619505e-15  2.610711e+01  1.347047e+01  7.018884e-16 
  950.000  1.806900e+02  8.863795e+01 -4.148807e-15  2.107406e+01  1.017187e+01 -1.337858e-15 
  960.000  2.246013e+02  1.100753e+02 -2.470028e-15  2.614116e+01  1.314487e+01 -7.898660e-16 
  970.000  3.002687e+02  1.474734e+02 -1.476841e-15  3.487706e+01  1.839275e+01  6.589116e-16 
  980.000  3.023575e+02  1.455502e+02  3.465503e-16  3.504993e+01  1.821598e+01  8.081921e-17 
  990.000  3.242144e+02  1.540212e+02 -2.355436e-15  3.751052e+01  1.955704e+01 -9.510320e-16 
 1000.000  3.249014e+02  1.512393e+02  2.891612e-15  3.751794e+01  1.925148e+01  8.722417e-16 
 1010.000  3.177155e+02  1.443658e+02  3.953044e-15  3.661995e+01  1.830354e+01  8.514796e-16 
 1020.000  3.121911e+02  1.391128e+02 -5.825850e-16  3.591681e+01  1.769902e+01  2.142256e-15 
 1030.000  3.164737e+02  1.381625e+02 -3.004330e-15  3.634394e+01  1.760817e+01 -4.131066e-16 
 1040.000  3.094870e+02  1.322971e+02  1.084058e-14  3.547867e+01  1.687198e+01  1.200325e-15 
 1050.000  3.053999e+02  1.277003e+02  1.014451e-15  3.494919e+01  1.626855e+01 -1.075040e-16 
 1060.000  2.999061e+02  1.225697e+02  3.701398e-15  3.426170e+01  1.557723e+01 -2.473506e-16 
 1070.000  2.850986e+02  1.141983e+02 -6.631704e-16  3.252429e+01  1.446052e+01  5.047769e-16 
 1080.000  2.772166e+02  1.087429e+02 -2.622673e-15  3.158135e+01  1.369510e+01 -7.852741e-16 
 1090.000  2.620055e+02  1.006955e+02 -7.479478e-16  2.980809e+01  1.261707e+01 -6.677774e-16 
 1100.000  2.112452e+02  7.887417e+01 -6.060294e-16  2.400136e+01  9.675142e+00 -7.570997e-16 
