  300.000  1.095010e+00  1.263967e+00  4.078646e-17  1.137508e-01  1.913288e-01 -1.307174e-18 
  310.000  3.886187e+01  4.375174e+01 -1.812670e-15  4.037010e+00  7.024923e+00 -4.305351e-16 
  320.000  1.293056e+02  1.277644e+02 -4.203153e-15  1.343240e+01  2.123504e+01 -1.405529e-15 
  330.000  2.757448e+02  2.358795e+02  9.579767e-14  2.864466e+01  4.041315e+01  1.077452e-14 
  340.000  2.911647e+02  2.076650e+02  9.570260e-14  3.024648e+01  3.649133e+01  3.037093e-14 
  350.000  3.828642e+02  2.307211e+02  1.449759e-13  3.977232e+01  4.152935e+01  5.122080e-14 
  360.000  4.370846e+02  2.228937e+02 -3.661534e-15  4.540479e+01  4.088745e+01  3.880220e-16 
  370.000  5.360109e+02  2.363255e+02  1.082460e-12  5.568135e+01  4.435109e+01  1.354136e-13 
  380.000  4.712358e+02  1.794343e+02 -1.481427e-13  4.895245e+01  3.422629e+01 -3.810647e-14 
  390.000  5.840376e+02  1.947911e+02 -1.723026e-12  6.067042e+01  3.783358e+01 -1.291739e-13 
  400.000  8.194772e+02  2.401383e+02  6.584519e-13  8.512812e+01  4.733129e+01  7.811999e-14 
  410.000  7.816323e+02  2.024114e+02  1.772190e-13  8.119675e+01  4.042611e+01  2.535790e-15 
  420.000  7.754482e+02  1.783589e+02 -5.663163e-13  8.055435e+01  3.604560e+01  7.249411e-15 
  430.000  6.128527e+02  1.257911e+02  5.759850e-13  6.366376e+01  2.569355e+01  1.241286e-14 
  440.000  9.983958e+02  1.836214e+02 -1.092782e-13  1.037144e+02  3.786231e+01  3.417039e-14 
  450.000  1.176262e+03  1.945959e+02  3.435133e-14  1.221913e+02  4.046686e+01  8.679397e-15 
  460.000  1.185847e+03  1.771239e+02  5.486918e-13  1.231870e+02  3.711954e+01  6.113810e-14 
  470.000  1.234322e+03  1.667917e+02 -4.216819e-13  1.282226e+02  3.517004e+01 -5.563234e-14 
  480.000  1.269130e+03  1.552451e+02  3.154402e-15  1.318386e+02  3.286872e+01  1.792660e-14 
  490.000  1.308219e+03  1.464433e+02  5.622966e-13  1.358991e+02  3.126429e+01  5.238210e-14 
  500.000  1.199614e+03  1.225949e+02 -5.679338e-13  1.246171e+02  2.629840e+01 -5.517866e-14 
  510.000  1.236985e+03  1.156974e+02  2.045687e-13  1.284993e+02  2.492559e+01  8.108202e-14 
  520.000  1.186583e+03  1.018007e+02  1.583919e-14  1.232634e+02  2.201507e+01  2.575216e-14 
  530.000  1.201430e+03  9.459962e+01 -1.150678e-13  1.248057e+02  2.050792e+01 -8.934654e-15 
  540.000  1.221326e+03  8.867951e+01  1.882829e-13  1.268726e+02  1.929714e+01  2.499763e-14 
  550.000  1.208774e+03  8.101334e+01 -7.480964e-15  1.255687e+02  1.767928e+01  1.372060e-14 
  560.000  1.162632e+03  7.197183e+01  1.340054e-14  1.207754e+02  1.573546e+01  1.299398e-14 
  570.000  1.179658e+03  6.631672e+01 -1.518729e-16  1.225440e+02  1.434083e+01 -1.929471e-15 
  580.000  1.213911e+03  6.381301e+01 -9.881821e-15  1.261023e+02  1.390216e+01  4.078254e-15 
  590.000  1.078433e+03  5.151196e+01 -6.734773e-14  1.120287e+02  1.106366e+01 -1.080359e-14 
  600.000  1.167038e+03  5.326375e+01 -4.973988e-14  1.212331e+02  1.167294e+01 -3.084360e-15 
  610.000  1.145185e+03  4.921216e+01  1.588002e-14  1.189630e+02  1.087576e+01  1.004593e-14 
  620.000  1.155007e+03  4.625666e+01 -5.020328e-14  1.199833e+02  1.022668e+01 -1.432907e-14 
  630.000  1.084208e+03  3.985178e+01 -3.031131e-14  1.126286e+02  8.716194e+00 -2.259705e-15 
  640.000  1.096053e+03  3.841903e+01 -2.229012e-14  1.138591e+02  8.518999e+00 -2.249077e-15 
  650.000  1.022292e+03  3.324996e+01  1.439373e-14  1.061967e+02  7.332328e+00  5.459270e-15 
  660.000  1.089078e+03  3.346965e+01  2.050457e-14  1.131345e+02  7.425369e+00 -3.388821e-15 
  670.000  1.093498e+03  3.185212e+01 -2.217357e-14  1.135937e+02  7.117514e+00  5.347975e-15 
  680.000  1.067346e+03  2.922219e+01 -1.748860e-14  1.108770e+02  6.535095e+00  2.268601e-15 
  690.000  9.424299e+02  2.319933e+01  1.295810e-14  9.790057e+01  5.033325e+00  7.939272e-16 
  700.000  9.695186e+02  2.262517e+01  4.822051e-15  1.007146e+02  4.932073e+00  1.665722e-15 
  710.000  9.823978e+02  2.186439e+01  6.206358e-15  1.020525e+02  4.809036e+00  1.451413e-15 
  720.000  7.564951e+02  1.478367e+01  1.145214e-15  7.858547e+01  3.079856e+00  2.256677e-16 
  730.000  8.379595e+02  1.606063e+01  8.733945e-15  8.704808e+01  3.448123e+00  6.989646e-16 
  740.000  9.177426e+02  1.739661e+01 -4.964195e-14  9.533604e+01  3.862395e+00 -1.003477e-14 
  750.000  9.258503e+02  1.691798e+01 -1.963589e-14  9.617828e+01  3.806178e+00  8.199795e-16 
  760.000  2.914208e+02  3.806149e+00 -9.998494e-19  3.027308e+01  6.688051e-01 -3.765079e-19 
  770.000  8.881379e+02  1.446855e+01 -1.083726e-13  9.226067e+01  3.244543e+00 -2.468619e-14 
  780.000  8.847822e+02  1.377734e+01  1.372994e-15  9.191207e+01  3.107002e+00  5.170209e-16 
  790.000  8.331706e+02  1.195454e+01 -1.168780e-14  8.655061e+01  2.643044e+00 -1.994913e-15 
  800.000  8.013364e+02  1.092734e+01  8.162919e-15  8.324364e+01  2.418089e+00  1.449992e-15 
  810.000  7.903112e+02  1.030297e+01  1.160338e-14  8.209832e+01  2.290267e+00  1.081841e-15 
  820.000  7.001790e+02  8.420645e+00 -1.975966e-15  7.273531e+01  1.831702e+00 -3.327580e-16 
  830.000  7.272968e+02  8.386134e+00  3.646252e-15  7.555233e+01  1.834955e+00 -4.999868e-19 
  840.000  7.514349e+02  8.440225e+00  1.453109e-14  7.805981e+01  1.877717e+00  3.751408e-15 
  850.000  6.543204e+02  7.084572e+00 -3.277077e-15  6.797147e+01  1.589284e+00 -1.808374e-15 
  860.000  7.331666e+02  7.658314e+00  5.144868e-14  7.616209e+01  1.732220e+00  1.357768e-14 
  870.000  7.262374e+02  7.243079e+00  4.386776e-15  7.544228e+01  1.639694e+00  5.663210e-15 
  880.000  7.067161e+02  6.701630e+00  9.714110e-15  7.341438e+01  1.513564e+00 -8.194236e-16 
  890.000  6.944969e+02  6.254949e+00  2.615887e-15  7.214505e+01  1.407753e+00  7.085201e-16 
  900.000  5.031299e+02  3.955082e+00  1.195275e-16  5.226564e+01  8.320722e-01  4.500984e-17 
  910.000  4.961075e+02  3.738366e+00 -4.811455e-16  5.153616e+01  7.882993e-01 -6.078806e-17 
  920.000  5.724683e+02  4.273330e+00 -1.054509e-16  5.946859e+01  9.263776e-01  3.177361e-16 
  930.000  3.921469e+02  2.475125e+00  5.664977e-17  4.073661e+01  4.831657e-01  2.133230e-17 
  940.000  3.960921e+02  2.398112e+00  4.784330e-17  4.114645e+01  4.691096e-01 -1.040777e-17 
  950.000  3.175341e+02  1.736708e+00  2.597001e-18  3.298576e+01  3.198598e-01  9.779389e-19 
  960.000  3.912480e+02  2.231710e+00  6.195494e-17  4.064324e+01  4.472046e-01  1.811940e-17 
  970.000  5.185948e+02  3.121424e+00 -6.905388e-17  5.387215e+01  6.769626e-01  1.501298e-17 
  980.000  5.178635e+02  3.012040e+00  7.882377e-16  5.379619e+01  6.569716e-01  3.617014e-16 
  990.000  5.507997e+02  3.195589e+00 -5.081686e-15  5.721764e+01  7.167667e-01 -1.023657e-15 
 1000.000  5.475783e+02  3.073517e+00 -2.891612e-15  5.688299e+01  6.930858e-01 -8.722417e-16 
 1010.000  5.313707e+02  2.828703e+00  6.046023e-15  5.519933e+01  6.324084e-01  2.920298e-16 
 1020.000  5.181798e+02  2.678874e+00 -5.348592e-17  5.382905e+01  6.033788e-01 -2.255007e-16 
 1030.000  5.214358e+02  2.606580e+00  2.340097e-15  5.416727e+01  5.894918e-01  6.759926e-16 
 1040.000  5.062736e+02  2.438998e+00 -1.279832e-14  5.259221e+01  5.524439e-01 -2.036916e-15 
 1050.000  4.960956e+02  2.289513e+00  1.522592e-15  5.153492e+01  5.171556e-01  5.733545e-16 
 1060.000  4.838461e+02  2.129756e+00 -6.501236e-16  5.026242e+01  4.781676e-01  1.413432e-16 
 1070.000  4.569121e+02  1.910956e+00  6.598750e-17  4.746449e+01  4.251527e-01  1.560125e-16 
 1080.000  4.413866e+02  1.751494e+00  9.000271e-16  4.585168e+01  3.855129e-01  2.335100e-16 
 1090.000  4.145126e+02  1.566109e+00 -1.297250e-16  4.305999e+01  3.416978e-01  4.444664e-18 
 1100.000  3.321288e+02  1.156124e+00 -6.126129e-20  3.450188e+01  2.434998e-01 -2.306884e-20 
