  300.000  3.634132e-07  8.094088e-03 -2.890745e-19  3.775767e-07  1.046381e-03 -6.035629e-20 
  310.000  1.115407e-03  3.568112e+00 -4.265541e-17  1.093964e-03  4.654904e-01 -1.081143e-17 
  320.000  1.413771e-02  2.456001e+01  1.147082e-16  1.308966e-02  3.220011e+00 -6.757351e-17 
  330.000  6.968574e-02  7.323885e+01 -3.538189e-15  6.110979e-02  9.651312e+00 -5.168856e-16 
  340.000  1.148373e-01  7.531080e+01  8.093012e-16  9.542130e-02  9.974140e+00 -1.130267e-16 
  350.000  2.256748e-01  9.617036e+01  2.545251e-15  1.776440e-01  1.279720e+01  6.634020e-16 
  360.000  3.608932e-01  1.044152e+02  5.143870e-16  2.700847e-01  1.396497e+01 -4.688599e-16 
  370.000  6.111687e-01  1.247576e+02  1.034965e-16  4.363220e-01  1.680042e+01  4.363489e-16 
  380.000  7.124015e-01  1.061980e+02  2.524470e-15  4.866582e-01  1.439683e+01  8.687795e-16 
  390.000  1.153975e+00  1.293224e+02  5.278017e-15  7.564233e-01  1.767080e+01  9.405869e-16 
  400.000  2.062395e+00  1.782907e+02 -5.781154e-15  1.300520e+00  2.455678e+01 -1.670023e-15 
  410.000  2.459402e+00  1.677239e+02 -2.036320e-15  1.495430e+00  2.329277e+01 -1.690527e-15 
  420.000  2.999830e+00  1.645963e+02 -6.501062e-15  1.762604e+00  2.305123e+01 -1.127686e-15 
  430.000  2.871181e+00  1.289662e+02 -4.959577e-15  1.633406e+00  1.821486e+01 -8.602974e-16 
  440.000  5.586233e+00  2.085903e+02  6.325133e-15  3.082575e+00  2.970965e+01  2.912249e-15 
  450.000  7.767927e+00  2.444452e+02  8.664169e-15  4.164745e+00  3.510648e+01  2.225486e-16 
  460.000  9.134768e+00  2.452082e+02  3.351226e-14  4.765792e+00  3.550481e+01  7.231389e-15 
  470.000  1.097779e+01  2.541456e+02  4.428595e-15  5.581300e+00  3.708361e+01  4.468461e-16 
  480.000  1.282243e+01  2.584788e+02  9.318713e-15  6.361065e+00  3.798383e+01  2.269190e-15 
  490.000  1.511246e+01  2.676485e+02 -1.781063e-14  7.324649e+00  3.965363e+01 -4.574856e-16 
  500.000  1.554893e+01  2.438178e+02 -8.518726e-15  7.370878e+00  3.637853e+01 -2.074386e-15 
  510.000  1.788369e+01  2.500901e+02  8.392546e-15  8.300628e+00  3.756623e+01  8.468096e-16 
  520.000  1.902315e+01  2.388009e+02 -8.262071e-15  8.653792e+00  3.610017e+01 -2.011888e-15 
  530.000  2.111080e+01  2.392640e+02 -4.024974e-15  9.420724e+00  3.638081e+01 -4.061207e-16 
  540.000  2.354591e+01  2.422734e+02  1.682884e-14  1.031669e+01  3.705981e+01  4.097972e-15 
  550.000  2.539866e+01  2.384247e+02 -8.573236e-15  1.093536e+01  3.667220e+01 -3.228378e-15 
  560.000  2.639277e+01  2.270327e+02 -7.136389e-15  1.117433e+01  3.509512e+01  1.551520e-15 
  570.000  2.815602e+01  2.234981e+02 -1.517246e-15  1.173820e+01  3.457218e+01 -5.097249e-17 
  580.000  3.154657e+01  2.306899e+02 -7.503353e-15  1.294405e+01  3.590840e+01  1.631302e-15 
  590.000  2.944511e+01  2.009070e+02 -7.296200e-15  1.191372e+01  3.120550e+01 -2.061373e-15 
  600.000  3.528555e+01  2.230702e+02 -5.241054e-16  1.407590e+01  3.504590e+01 -9.705049e-16 
  610.000  3.753979e+01  2.209380e+02  2.265461e-14  1.476639e+01  3.492006e+01  4.464856e-15 
  620.000  4.055276e+01  2.233400e+02  0.000000e+00  1.574722e+01  3.541228e+01  0.000000e+00 
  630.000  3.978011e+01  2.058498e+02 -2.838244e-15  1.526369e+01  3.263887e+01 -1.345912e-15 
  640.000  4.409068e+01  2.142711e+02 -7.843334e-15  1.671004e+01  3.420158e+01 -4.844166e-15 
  650.000  4.342071e+01  1.993339e+02 -3.562808e-15  1.627682e+01  3.184004e+01  7.967194e-16 
  660.000  4.958658e+01  2.145646e+02  1.439889e-14  1.837446e+01  3.443265e+01  5.422114e-15 
  670.000  5.314855e+01  2.176655e+02 -1.325066e-14  1.948567e+01  3.509054e+01 -1.336994e-15 
  680.000  5.478933e+01  2.127418e+02  1.377021e-14  1.988182e+01  3.437992e+01  5.185373e-15 
  690.000  4.746328e+01  1.755688e+02 -1.109042e-14  1.705968e+01  2.818906e+01 -3.551263e-15 
  700.000  5.268343e+01  1.854475e+02  2.059602e-14  1.875546e+01  2.980618e+01  5.788450e-15 
  710.000  5.689357e+01  1.904191e+02  2.232643e-14  2.006488e+01  3.077585e+01  5.493053e-15 
  720.000  3.993087e+01  1.285702e+02  3.302214e-16  1.395640e+01  2.020456e+01 -6.979797e-16 
  730.000  4.944716e+01  1.514943e+02 -6.383310e-15  1.713117e+01  2.425397e+01 -2.402124e-15 
  740.000  6.119312e+01  1.781736e+02  8.778710e-15  2.102032e+01  2.903437e+01  2.035306e-15 
  750.000  6.531966e+01  1.817897e+02 -3.406247e-14  2.224541e+01  2.979700e+01 -9.839754e-15 
  760.000  1.110670e+01  3.049615e+01  1.301411e-15  3.752965e+00  4.594909e+00  3.169051e-16 
  770.000  6.726763e+01  1.723217e+02 -6.807774e-15  2.256150e+01  2.830424e+01  1.852489e-15 
  780.000  7.000669e+01  1.720683e+02 -1.098395e-14  2.329770e+01  2.833184e+01 -4.136167e-15 
  790.000  6.636735e+01  1.570491e+02  9.600252e-15  2.193485e+01  2.571828e+01  2.260924e-15 
  800.000  6.600793e+01  1.502812e+02 -1.336734e-14  2.166305e+01  2.464408e+01 -1.238886e-15 
  810.000  6.761859e+01  1.482168e+02  5.318004e-15  2.204049e+01  2.436950e+01  5.365876e-16 
  820.000  5.903992e+01  1.250675e+02 -3.292309e-15  1.911737e+01  2.039039e+01 -3.576587e-16 
  830.000  6.410346e+01  1.308268e+02  4.759593e-15  2.062339e+01  2.140877e+01  1.840470e-15 
  840.000  7.026814e+01  1.382141e+02  1.047595e-14  2.246516e+01  2.279123e+01  8.539418e-16 
  850.000  6.358921e+01  1.208043e+02  1.238287e-14  2.020628e+01  1.999232e+01  3.960678e-15 
  860.000  7.392490e+01  1.356255e+02  9.014174e-15  2.334454e+01  2.252007e+01  3.394419e-15 
  870.000  7.524823e+01  1.335351e+02  9.509082e-15  2.362574e+01  2.219381e+01  5.872958e-15 
  880.000  7.489466e+01  1.286199e+02  8.121130e-15  2.338291e+01  2.137669e+01  8.194236e-16 
  890.000  7.515704e+01  1.249751e+02  8.601309e-15  2.333662e+01  2.076148e+01  3.238949e-15 
  900.000  4.723925e+01  7.666991e+01 -5.261102e-15  1.459478e+01  1.229726e+01 -1.583646e-15 
  910.000  4.788106e+01  7.531174e+01  2.376179e-15  1.471615e+01  1.210009e+01  8.270042e-16 
  920.000  6.190565e+01  9.414970e+01  6.716035e-15  1.892946e+01  1.542657e+01  1.212728e-15 
  930.000  3.461283e+01  5.175205e+01 -2.537038e-15  1.053184e+01  8.056830e+00 -2.559878e-16 
  940.000  3.558819e+01  5.155135e+01 -9.819941e-16  1.077615e+01  8.008320e+00 -9.908340e-17 
  950.000  2.604230e+01  3.717125e+01  1.938413e-17  7.848392e+00  5.662001e+00  1.955860e-18 
  960.000  3.841700e+01  5.235197e+01 -4.874251e-21  1.152416e+01  8.241626e+00 -1.353238e-21 
  970.000  6.220746e+01  8.167818e+01  3.753339e-15  1.857562e+01  1.340828e+01  4.898095e-16 
  980.000  6.432613e+01  8.202268e+01 -3.828185e-15  1.912304e+01  1.350747e+01 -6.434993e-16 
  990.000  7.320911e+01  9.062033e+01  3.151950e-15  2.166908e+01  1.509328e+01  1.028787e-15 
 1000.000  7.463374e+01  8.979252e+01  6.286981e-15  2.199167e+01  1.498580e+01  6.343576e-16 
 1010.000  7.289700e+01  8.540611e+01 -2.570769e-15  2.139530e+01  1.421471e+01 -1.765776e-15 
 1020.000  7.300317e+01  8.317117e+01  6.387589e-15  2.133391e+01  1.387980e+01  2.405340e-15 
 1030.000  7.493753e+01  8.311846e+01  0.000000e+00  2.181131e+01  1.388776e+01  0.000000e+00 
 1040.000  7.394333e+01  7.985675e+01  0.000000e+00  2.143699e+01  1.334781e+01  0.000000e+00 
 1050.000  7.314774e+01  7.691956e+01  1.218074e-14  2.112384e+01  1.284590e+01  4.586836e-15 
 1060.000  7.157497e+01  7.328957e+01  5.603286e-15  2.059049e+01  1.221475e+01  5.653727e-16 
 1070.000  6.796984e+01  6.812192e+01  1.938770e-15  1.949559e+01  1.132665e+01  3.418290e-16 
 1080.000  6.591577e+01  6.466825e+01  4.281182e-15  1.884835e+01  1.071586e+01  1.090570e-15 
 1090.000  6.170360e+01  5.930709e+01 -2.579104e-15  1.759083e+01  9.792090e+00 -9.711992e-16 
 1100.000  4.471745e+01  4.220786e+01  1.332550e-15  1.271105e+01  6.808185e+00  7.637189e-16 
