  300.000  1.246088e-05  1.209197e-02  2.741699e-19  6.125870e-06  1.566132e-03  7.127334e-20 
  310.000  3.249112e-02  5.213381e+00  7.209244e-17  1.551740e-02  6.976972e-01 -9.610160e-18 
  320.000  3.529122e-01  3.510410e+01 -2.380447e-15  1.638003e-01  4.776471e+00 -3.351646e-16 
  330.000  1.506627e+00  1.025109e+02  5.421335e-15  6.807406e-01  1.416804e+01  2.912032e-16 
  340.000  2.170565e+00  1.035822e+02 -6.363585e-15  9.546465e-01  1.452588e+01 -7.978352e-16 
  350.000  3.764749e+00  1.307606e+02  8.650398e-15  1.611649e+00  1.860437e+01  1.234236e-15 
  360.000  5.359148e+00  1.403261e+02  1.071511e-14  2.236956e+00  2.023295e+01  2.974835e-15 
  370.000  8.142037e+00  1.658038e+02  6.897110e-15  3.319381e+00  2.428913e+01 -5.817985e-16 
  380.000  8.574876e+00  1.394708e+02 -2.375251e-15  3.419632e+00  2.070441e+01 -2.396633e-16 
  390.000  1.263097e+01  1.678527e+02  1.983070e-16  4.934276e+00  2.527835e+01  8.360773e-16 
  400.000  2.064946e+01  2.285761e+02  2.640724e-16  7.911966e+00  3.486429e+01  1.113349e-15 
  410.000  2.264677e+01  2.123203e+02 -6.701779e-15  8.520771e+00  3.277176e+01 -6.762108e-16 
  420.000  2.553067e+01  2.056650e+02  1.961782e-14  9.442710e+00  3.209400e+01  3.866352e-15 
  430.000  2.268773e+01  1.590119e+02  5.921535e-15  8.256846e+00  2.506489e+01  4.915985e-15 
  440.000  4.115596e+01  2.537135e+02  1.649862e-14  1.475151e+01  4.036049e+01  6.212798e-15 
  450.000  5.356512e+01  2.932477e+02 -9.455955e-15  1.892478e+01  4.703892e+01 -3.560778e-15 
  460.000  5.916803e+01  2.900891e+02 -1.737424e-14  2.062111e+01  4.688767e+01 -1.753064e-15 
  470.000  6.701279e+01  2.964363e+02 -1.898622e-14  2.305553e+01  4.822279e+01 -7.149538e-15 
  480.000  7.399295e+01  2.971878e+02  0.000000e+00  2.514624e+01  4.859075e+01  0.000000e+00 
  490.000  8.267596e+01  3.035208e+02  0.000000e+00  2.777200e+01  4.997478e+01  0.000000e+00 
  500.000  8.085568e+01  2.726232e+02 -1.644703e-14  2.686057e+01  4.510853e+01 -1.659508e-15 
  510.000  8.861539e+01  2.757411e+02  1.799021e-14  2.912903e+01  4.582521e+01  6.774477e-15 
  520.000  9.002836e+01  2.596536e+02 -1.595151e-14  2.929724e+01  4.331980e+01 -1.609510e-15 
  530.000  9.562571e+01  2.565701e+02  1.725582e-14  3.082054e+01  4.293491e+01  6.497931e-15 
  540.000  1.022915e+02  2.563070e+02  1.507926e-14  3.266792e+01  4.304132e+01 -3.278377e-15 
  550.000  1.060251e+02  2.488781e+02  1.148596e-15  3.356467e+01  4.191297e+01  4.842566e-15 
  560.000  1.060525e+02  2.338625e+02  3.185757e-14  3.329209e+01  3.947140e+01  7.757601e-15 
  570.000  1.092610e+02  2.270775e+02  1.074970e-14  3.403399e+01  3.816627e+01  2.567369e-17 
  580.000  1.180315e+02  2.314240e+02 -3.349573e-14  3.647543e+01  3.906808e+01 -8.156509e-15 
  590.000  1.067229e+02  1.988436e+02  4.279156e-15  3.275003e+01  3.333786e+01  1.611379e-15 
  600.000  1.238434e+02  2.184738e+02  1.345449e-14  3.773430e+01  3.706018e+01 -1.038867e-16 
  610.000  1.275821e+02  2.138285e+02  6.111831e-14  3.860265e+01  3.643644e+01  1.488285e-14 
  620.000  1.338227e+02  2.136163e+02  0.000000e+00  4.023147e+01  3.642077e+01  0.000000e+00 
  630.000  1.277703e+02  1.945756e+02 -3.256095e-14  3.818291e+01  3.304023e+01 -1.096468e-14 
  640.000  1.376479e+02  2.003671e+02  2.940366e-14  4.088339e+01  3.423355e+01  1.107238e-14 
  650.000  1.322336e+02  1.843761e+02  1.604142e-14  3.906074e+01  3.142914e+01  6.202329e-15 
  660.000  1.470651e+02  1.963465e+02  0.000000e+00  4.319303e+01  3.357763e+01  0.000000e+00 
  670.000  1.538572e+02  1.972063e+02  0.000000e+00  4.494842e+01  3.383520e+01  0.000000e+00 
  680.000  1.549485e+02  1.907997e+02  0.000000e+00  4.503600e+01  3.274916e+01  0.000000e+00 
  690.000  1.313956e+02  1.557701e+02  1.195285e-14  3.800801e+01  2.641990e+01  2.462395e-15 
  700.000  1.427188e+02  1.629262e+02 -2.688237e-14  4.108728e+01  2.762384e+01 -8.922215e-15 
  710.000  1.509212e+02  1.658423e+02  8.815990e-15  4.324529e+01  2.825378e+01  3.537708e-15 
  720.000  1.038166e+02  1.104598e+02  5.444984e-16  2.961533e+01  1.813410e+01  2.050515e-16 
  730.000  1.260633e+02  1.293820e+02  5.829719e-16  3.580341e+01  2.170109e+01  2.409942e-15 
  740.000  1.530697e+02  1.511981e+02  2.823294e-14  4.328788e+01  2.587009e+01  4.136423e-15 
  750.000  1.602707e+02  1.530175e+02 -1.555911e-15  4.513023e+01  2.633125e+01 -6.559836e-15 
  760.000  2.680153e+01  2.530075e+01  6.594918e-16  7.517547e+00  3.877318e+00  2.492413e-16 
  770.000  1.595617e+02  1.427634e+02  7.159269e-15  4.458881e+01  2.453965e+01 -3.705599e-16 
  780.000  1.631887e+02  1.414251e+02 -2.049633e-14  4.542574e+01  2.435013e+01 -2.068083e-15 
  790.000  1.523882e+02  1.280437e+02  1.753848e-14  4.227299e+01  2.185625e+01  3.895989e-15 
  800.000  1.492265e+02  1.216309e+02 -2.330278e-15  4.125052e+01  2.076726e+01 -9.800200e-16 
  810.000  1.505817e+02  1.191236e+02 -4.442246e-15  4.148316e+01  2.037791e+01 -2.650513e-15 
  820.000  1.295806e+02  9.972630e+01 -5.487708e-15  3.557993e+01  1.686294e+01 -5.282467e-16 
  830.000  1.387127e+02  1.036374e+02  8.920417e-16  3.796465e+01  1.758111e+01 -5.584325e-16 
  840.000  1.499709e+02  1.088370e+02  1.804525e-14  4.091717e+01  1.861508e+01  4.394180e-15 
  850.000  1.339165e+02  9.454318e+01  6.178722e-15  3.642573e+01  1.622501e+01 -1.229147e-15 
  860.000  1.535582e+02  1.054699e+02  1.682068e-14  4.163871e+01  1.815740e+01  1.697210e-15 
  870.000  1.543551e+02  1.032101e+02  1.663018e-14  4.173426e+01  1.777077e+01  1.677988e-15 
  880.000  1.517652e+02  9.880835e+01 -3.365066e-14  4.091885e+01  1.699509e+01 -8.194236e-15 
  890.000  1.504998e+02  9.543694e+01 -3.440523e-14  4.046669e+01  1.638995e+01 -1.295580e-14 
  900.000  9.359206e+01  5.804768e+01  4.546205e-15  2.510253e+01  9.554259e+00  1.711940e-15 
  910.000  9.380347e+01  5.671525e+01  2.750955e-16  2.509373e+01  9.347034e+00  1.158472e-15 
  920.000  1.199516e+02  7.065284e+01 -1.954127e-15  3.200638e+01  1.190340e+01 -1.462067e-15 
  930.000  6.636393e+01  3.848394e+01  1.691536e-15  1.766456e+01  6.094526e+00  3.372444e-16 
  940.000  6.753020e+01  3.812112e+01  1.877383e-15  1.793142e+01  6.018963e+00  4.795660e-16 
  950.000  4.892177e+01  2.736330e+01  8.726175e-16  1.295963e+01  4.215683e+00  3.285969e-16 
  960.000  7.146123e+01  3.838079e+01  3.365283e-15  1.888638e+01  6.150812e+00  8.086937e-16 
  970.000  1.146033e+02  5.979048e+01  1.397311e-14  3.021858e+01  1.006369e+01  5.795021e-15 
  980.000  1.174043e+02  5.977632e+01  4.879227e-15  3.088835e+01  1.009285e+01  1.198574e-15 
  990.000  1.324006e+02  6.579638e+01 -1.990326e-14  3.475779e+01  1.125537e+01 -3.349503e-15 
 1000.000  1.337034e+02  6.490247e+01 -1.257396e-14  3.502118e+01  1.112515e+01 -1.268715e-15 
 1010.000  1.295483e+02  6.147353e+01 -8.538263e-15  3.386573e+01  1.049667e+01 -1.999686e-15 
 1020.000  1.285697e+02  5.961297e+01  1.277518e-14  3.353737e+01  1.020835e+01  4.810681e-15 
 1030.000  1.308960e+02  5.934297e+01 -2.467599e-14  3.407558e+01  1.017321e+01 -6.008824e-15 
 1040.000  1.281271e+02  5.679360e+01  0.000000e+00  3.328878e+01  9.737057e+00  0.000000e+00 
 1050.000  1.257589e+02  5.449187e+01  6.498347e-15  3.260978e+01  9.329144e+00  4.013481e-15 
 1060.000  1.221165e+02  5.171831e+01  1.680986e-14  3.160448e+01  8.829000e+00  1.696118e-15 
 1070.000  1.151661e+02  4.786752e+01 -4.926023e-15  2.976131e+01  8.142903e+00 -1.031352e-15 
 1080.000  1.108757e+02  4.524099e+01  9.686771e-15  2.860853e+01  7.660992e+00  2.999246e-15 
 1090.000  1.030547e+02  4.131475e+01  7.129411e-15  2.655049e+01  6.963431e+00  2.684684e-15 
 1100.000  7.417160e+01  2.924136e+01  2.279655e-15  1.908136e+01  4.796989e+00  8.584377e-16 
