  300.000  8.886857e-12  2.414322e-03 -3.373080e-20  8.799052e-11  3.120286e-04 -8.867091e-21 
  310.000  4.470493e-08  1.149334e+00  9.070301e-17  3.819940e-07  1.490137e-01  2.002634e-17 
  320.000  9.036062e-07  8.498997e+00  3.048586e-18  6.664671e-06  1.103984e+00 -2.165025e-17 
  330.000  6.871848e-06  2.709857e+01 -7.315095e-16  4.414460e-05  3.526178e+00 -1.172669e-16 
  340.000  1.695549e-05  2.946007e+01 -1.066182e-16  9.516917e-05  3.837800e+00 -8.343247e-18 
  350.000  4.848282e-05  3.900318e+01  8.673174e-16  2.376242e-04  5.080358e+00  2.721437e-16 
  360.000  1.099471e-04  4.378347e+01  1.063526e-15  4.748516e-04  5.701668e+00  2.790171e-16 
  370.000  2.579218e-04  5.391932e+01 -3.558103e-16  9.899541e-04  7.022222e+00 -4.026853e-17 
  380.000  4.076943e-04  4.721710e+01  5.142754e-16  1.401340e-03  6.148875e+00  1.111719e-16 
  390.000  8.783396e-04  5.900520e+01  1.619294e-15  2.722691e-03  7.685325e+00  1.115858e-16 
  400.000  2.051220e-03  8.334316e+01 -1.729486e-15  5.770947e-03  1.085722e+01 -3.888748e-16 
  410.000  3.144894e-03  8.019795e+01  1.435863e-14  8.077568e-03  1.045044e+01  3.709254e-15 
  420.000  4.859124e-03  8.039137e+01  3.714990e-15  1.145517e-02  1.047984e+01  1.094963e-16 
  430.000  5.811285e-03  6.426182e+01  1.757167e-15  1.263644e-02  8.381701e+00  2.813249e-16 
  440.000  1.395148e-02  1.059262e+02  4.368709e-16  2.810934e-02  1.382547e+01 -7.583982e-17 
  450.000  2.366205e-02  1.263948e+02 -2.427078e-15  4.435899e-02  1.651097e+01 -1.634342e-16 
  460.000  3.357648e-02  1.289926e+02 -3.211554e-15  5.879452e-02  1.686765e+01 -2.739162e-16 
  470.000  4.820844e-02  1.359495e+02  8.902617e-15  7.913379e-02  1.779781e+01  1.654727e-15 
  480.000  6.665885e-02  1.405546e+02  2.566108e-15  1.029086e-01  1.842359e+01  9.856792e-16 
  490.000  9.220868e-02  1.477340e+02 -8.426857e-15  1.343026e-01  1.939901e+01 -2.001500e-15 
  500.000  1.104695e-01  1.366283e+02 -8.300629e-15  1.522265e-01  1.797239e+01 -3.798719e-15 
  510.000  1.468511e-01  1.422272e+02  1.179328e-14  1.919669e-01  1.874537e+01  1.693619e-15 
  520.000  1.792967e-01  1.377879e+02 -1.228959e-15  2.228990e-01  1.819892e+01 -5.658435e-16 
  530.000  2.269141e-01  1.400572e+02  2.246505e-14  2.688882e-01  1.854001e+01  5.685689e-15 
  540.000  2.868840e-01  1.437941e+02  1.026549e-14  3.247512e-01  1.908316e+01  3.585726e-15 
  550.000  3.487985e-01  1.434721e+02 -2.628756e-14  3.779498e-01  1.909101e+01 -6.935967e-15 
  560.000  4.063644e-01  1.385079e+02  9.646227e-15  4.222829e-01  1.848115e+01  2.109098e-15 
  570.000  4.812440e-01  1.385647e+02 -1.349101e-15  4.812626e-01  1.851605e+01  3.858264e-16 
  580.000  6.016445e-01  1.448278e+02  3.601372e-16  5.781227e-01  1.942419e+01 -5.607600e-16 
  590.000  6.177281e-01  1.283684e+02  9.632628e-16  5.731840e-01  1.722374e+01  1.558607e-16 
  600.000  8.152093e-01  1.436773e+02  3.607116e-15  7.301578e-01  1.939806e+01  4.831675e-16 
  610.000  9.553304e-01  1.440303e+02 -7.895036e-16  8.260269e-01  1.952825e+01  4.650891e-16 
  620.000  1.127416e+00  1.475511e+02 -2.567850e-15  9.438096e-01  2.007160e+01  5.582754e-16 
  630.000  1.199367e+00  1.380050e+02  1.576012e-15  9.745319e-01  1.881392e+01  1.940758e-16 
  640.000  1.447918e+00  1.452619e+02 -1.959949e-14  1.140443e+00  1.990118e+01 -5.017172e-15 
  650.000  1.536159e+00  1.370154e+02  1.266529e-16  1.177243e+00  1.881901e+01 -3.555156e-16 
  660.000  1.899583e+00  1.492674e+02  8.637605e-15  1.414027e+00  2.059402e+01  1.863852e-15 
  670.000  2.189636e+00  1.531631e+02  5.916082e-15  1.586975e+00  2.122708e+01  1.086307e-15 
  680.000  2.421074e+00  1.515923e+02 -1.033593e-15  1.710066e+00  2.108610e+01 -1.053279e-15 
  690.000  2.235812e+00  1.272313e+02 -3.249115e-15  1.542115e+00  1.768840e+01 -6.270085e-16 
  700.000  2.648832e+00  1.361702e+02  5.803533e-15  1.783498e+00  1.898100e+01  9.825736e-16 
  710.000  3.046610e+00  1.411670e+02  3.538800e-15  2.003637e+00  1.978416e+01  1.097546e-15 
  720.000  2.271288e+00  9.822202e+01  8.090309e-16  1.460394e+00  1.358568e+01 -1.787579e-16 
  730.000  2.982915e+00  1.159034e+02 -2.888863e-15  1.876248e+00  1.623040e+01 -7.335785e-16 
  740.000  3.908317e+00  1.365503e+02  4.759738e-15  2.406376e+00  1.936673e+01  6.116265e-16 
  750.000  4.420650e+00  1.406808e+02 -9.724441e-17  2.663649e+00  2.006740e+01 -4.099897e-16 
  760.000  7.899024e-01  2.485035e+01  6.283973e-16  4.668577e-01  3.398910e+00  6.343986e-17 
  770.000  5.038659e+00  1.363832e+02 -1.162749e-15  2.922231e+00  1.957807e+01 -2.288392e-16 
  780.000  5.525764e+00  1.377184e+02 -5.308029e-15  3.142561e+00  1.984596e+01 -1.292552e-15 
  790.000  5.480908e+00  1.274546e+02  3.128209e-15  3.063958e+00  1.835419e+01  1.084384e-15 
  800.000  5.711362e+00  1.232821e+02 -4.211106e-15  3.137079e+00  1.781098e+01 -3.592597e-16 
  810.000  6.121311e+00  1.228089e+02  2.035127e-15  3.305267e+00  1.781363e+01  5.074042e-16 
  820.000  5.582924e+00  1.052532e+02 -1.431546e-15  2.965110e+00  1.521837e+01 -2.498914e-16 
  830.000  6.325257e+00  1.110924e+02  1.209841e-16  3.305569e+00  1.613866e+01 -1.887055e-16 
  840.000  7.226338e+00  1.181897e+02  1.529198e-15  3.717615e+00  1.729458e+01 -1.166090e-16 
  850.000  6.806798e+00  1.042321e+02  1.064416e-14  3.448775e+00  1.532146e+01  2.716510e-15 
  860.000  8.246537e+00  1.181519e+02 -3.019176e-16  4.113418e+00  1.744236e+01 -1.272907e-15 
  870.000  8.716702e+00  1.174918e+02  2.078772e-15  4.285669e+00  1.739307e+01  2.097485e-16 
  880.000  8.999473e+00  1.143247e+02 -4.497868e-15  4.362950e+00  1.696052e+01 -2.253415e-15 
  890.000  9.358418e+00  1.122239e+02  0.000000e+00  4.475254e+00  1.667869e+01  0.000000e+00 
  900.000  6.073251e+00  7.062417e+01 -9.825640e-16  2.868219e+00  1.025896e+01 -9.636954e-17 
  910.000  6.366880e+00  6.997599e+01 -1.526769e-15  2.967952e+00  1.019446e+01 -1.048472e-16 
  920.000  8.507998e+00  8.750046e+01 -1.053976e-15  3.915670e+00  1.295269e+01 -6.294517e-16 
  930.000  4.910029e+00  4.963953e+01  8.456762e-16  2.232014e+00  7.099181e+00  8.532817e-17 
  940.000  5.207924e+00  4.992273e+01  2.056209e-15  2.338852e+00  7.139447e+00  5.090627e-16 
  950.000  3.927778e+00  3.660644e+01 -2.729280e-16  1.743176e+00  5.168973e+00 -1.535405e-16 
  960.000  5.967885e+00  5.128531e+01 -2.253960e-15  2.618068e+00  7.423544e+00 -6.351181e-16 
  970.000  9.947492e+00  7.928915e+01 -5.897624e-16  4.314416e+00  1.185058e+01 -3.728776e-17 
  980.000  1.057874e+01  8.018265e+01 -4.115412e-15  4.537478e+00  1.203139e+01 -1.549184e-15 
  990.000  1.237464e+01  8.891947e+01 -2.643420e-15  5.250185e+00  1.347501e+01 -6.239206e-16 
 1000.000  1.297972e+01  8.881326e+01 -1.796628e-14  5.445221e+00  1.349736e+01 -4.599092e-15 
 1010.000  1.298635e+01  8.517461e+01 -2.275047e-15  5.394665e+00  1.293762e+01 -9.318470e-16 
 1020.000  1.336302e+01  8.356237e+01 -6.066674e-15  5.491263e+00  1.273375e+01 -1.052336e-15 
 1030.000  1.405965e+01  8.410521e+01 -3.084499e-15  5.719738e+00  1.284412e+01 -7.511030e-16 
 1040.000  1.421117e+01  8.139154e+01  2.987447e-15  5.724534e+00  1.244846e+01  7.274700e-16 
 1050.000  1.439267e+01  7.898723e+01 -4.363789e-15  5.741528e+00  1.208767e+01 -8.600317e-16 
 1060.000  1.441027e+01  7.584203e+01  0.000000e+00  5.693774e+00  1.160227e+01  0.000000e+00 
 1070.000  1.397119e+01  7.114916e+01  4.159097e-15  5.479809e+00  1.088285e+01  1.185743e-15 
 1080.000  1.384827e+01  6.822681e+01 -1.262486e-15  5.389970e+00  1.042354e+01 -7.361936e-16 
 1090.000  1.324305e+01  6.320209e+01 -2.103821e-15  5.115762e+00  9.641420e+00 -7.036072e-16 
 1100.000  9.798332e+00  4.574681e+01  7.613555e-17  3.757466e+00  6.857832e+00 -3.330997e-17 
