  300.000  1.056901e-08  5.411076e-03 -5.309239e-20  2.325238e-08  6.993326e-04 -1.775850e-20 
  310.000  3.821211e-05  2.446150e+00 -1.152495e-16  7.706747e-05  3.176441e-01 -1.571787e-17 
  320.000  5.655958e-04  1.723543e+01 -1.354781e-16  1.045494e-03  2.243674e+00  6.757351e-19 
  330.000  3.220539e-03  5.252353e+01  1.359475e-15  5.483979e-03  6.853822e+00  2.943882e-16 
  340.000  6.071280e-03  5.497464e+01  2.052791e-17  9.534927e-03  7.187420e+00 -4.903362e-17 
  350.000  1.351933e-02  7.098659e+01 -1.755349e-15  1.957548e-02  9.290321e+00 -4.792308e-16 
  360.000  2.428887e-02  7.786507e+01 -1.158919e-15  3.260094e-02  1.020219e+01 -1.879481e-16 
  370.000  4.585164e-02  9.388714e+01  2.288416e-15  5.733911e-02  1.232735e+01  7.499746e-16 
  380.000  5.915689e-02  8.061350e+01 -1.309815e-15  6.924184e-02  1.060699e+01 -3.295371e-16 
  390.000  1.053792e-01  9.893931e+01 -1.153962e-15  1.159341e-01  1.305656e+01 -9.580052e-16 
  400.000  2.058966e-01  1.374254e+02 -4.367689e-15  2.137272e-01  1.819390e+01 -4.407007e-16 
  410.000  2.669809e-01  1.302007e+02  6.731852e-15  2.624026e-01  1.730071e+01  8.030003e-16 
  420.000  3.523472e-01  1.286460e+02 -2.394911e-15  3.289517e-01  1.716389e+01 -2.416470e-16 
  430.000  3.632289e-01  1.014654e+02 -3.414390e-15  3.230706e-01  1.359792e+01  1.536245e-17 
  440.000  7.579925e-01  1.651738e+02 -8.239392e-16  6.440467e-01  2.224198e+01  4.853748e-16 
  450.000  1.126151e+00  1.948023e+02  7.207892e-15  9.163812e-01  2.636511e+01  8.901946e-16 
  460.000  1.409884e+00  1.966452e+02 -4.569373e-14  1.101264e+00  2.675711e+01 -1.166883e-14 
  470.000  1.797856e+00  2.051136e+02 -1.044128e-14  1.350927e+00  2.806066e+01 -3.016211e-15 
  480.000  2.221448e+00  2.099679e+02 -2.410412e-15  1.608884e+00  2.887870e+01 -9.076758e-16 
  490.000  2.761732e+00  2.187361e+02 -8.138238e-17  1.931550e+00  3.027285e+01 -3.431142e-16 
  500.000  2.989384e+00  2.005296e+02 -1.160254e-14  2.022379e+00  2.791571e+01 -2.385543e-15 
  510.000  3.608256e+00  2.070069e+02 -2.248776e-15  2.365024e+00  2.898691e+01 -8.468096e-16 
  520.000  4.018635e+00  1.989387e+02  1.431583e-16  2.555796e+00  2.802035e+01  6.035663e-16 
  530.000  4.659342e+00  2.006341e+02 -4.169464e-15  2.879166e+00  2.841919e+01 -1.015302e-15 
  540.000  5.418514e+00  2.044676e+02 -4.061411e-15  3.257598e+00  2.913347e+01 -4.097972e-16 
  550.000  6.082752e+00  2.025334e+02  5.855629e-15  3.562216e+00  2.902273e+01  0.000000e+00 
  560.000  6.566467e+00  1.941311e+02  3.968396e-14  3.750047e+00  2.797115e+01  9.115182e-15 
  570.000  7.253444e+00  1.925529e+02  8.055383e-15  4.047795e+00  2.781422e+01  6.733573e-16 
  580.000  8.429197e+00  2.000038e+02 -2.166032e-15  4.592776e+00  2.907873e+01 -8.156509e-16 
  590.000  8.121687e+00  1.756041e+02  1.523865e-15  4.333288e+00  2.553703e+01  6.874127e-16 
  600.000  1.005063e+01  1.958557e+02  9.880399e-15  5.249833e+00  2.878199e+01  2.382331e-15 
  610.000  1.104284e+01  1.951918e+02 -2.713639e-14  5.647655e+00  2.887025e+01 -8.185569e-15 
  620.000  1.228590e+01  1.986232e+02 -1.897282e-14  6.162868e+00  2.950759e+01 -4.094020e-15 
  630.000  1.238210e+01  1.843595e+02  1.348273e-15  6.100854e+00  2.744589e+01 -5.422388e-16 
  640.000  1.412012e+01  1.930266e+02  3.675458e-15  6.829023e+00  2.893545e+01  1.384047e-15 
  650.000  1.425502e+01  1.807660e+02 -5.983314e-15  6.781877e+00  2.716402e+01 -3.796552e-16 
  660.000  1.671665e+01  1.957812e+02 -2.015153e-14  7.815825e+00  2.958234e+01 -2.033293e-15 
  670.000  1.835705e+01  1.997683e+02 -3.788342e-15  8.446527e+00  3.034807e+01 -2.339739e-15 
  680.000  1.937088e+01  1.964647e+02 -1.973288e-14  8.776445e+00  2.995745e+01 -3.889030e-15 
  690.000  1.714233e+01  1.633677e+02  2.845006e-15  7.656506e+00  2.482993e+01  1.503180e-15 
  700.000  1.944535e+01  1.736520e+02  5.641841e-15  8.560873e+00  2.645224e+01  1.543460e-15 
  710.000  2.144510e+01  1.792106e+02  6.118488e-15  9.309059e+00  2.746758e+01  1.546274e-15 
  720.000  1.535711e+01  1.224597e+02  1.161463e-15  6.576754e+00  1.836265e+01  8.484233e-16 
  730.000  1.939338e+01  1.446044e+02  3.158802e-15  8.196495e+00  2.205042e+01  1.194307e-15 
  740.000  2.446111e+01  1.704651e+02  4.035920e-15  1.020676e+01  2.642381e+01  1.519785e-15 
  750.000  2.661954e+01  1.748018e+02  5.806737e-15  1.096458e+01  2.726497e+01  2.186612e-15 
  760.000  4.601980e+00  2.986361e+01 -6.061728e-16  1.873503e+00  4.357759e+00  3.121988e-17 
  770.000  2.835640e+01  1.674747e+02 -1.302273e-15  1.141535e+01  2.624167e+01 -2.317949e-16 
  780.000  3.003060e+01  1.681304e+02 -2.123211e-14  1.194835e+01  2.643089e+01 -5.170209e-15 
  790.000  2.890203e+01  1.543824e+02 -8.189583e-15  1.138122e+01  2.419034e+01 -2.694796e-15 
  800.000  2.919566e+01  1.484780e+02  3.719011e-16  1.137609e+01  2.332038e+01  3.752489e-17 
  810.000  3.036218e+01  1.471371e+02  4.203501e-15  1.170993e+01  2.318839e+01  2.385304e-15 
  820.000  2.689833e+01  1.249593e+02 -2.205585e-15  1.027156e+01  1.957013e+01 -8.424247e-16 
  830.000  2.962245e+01  1.312841e+02 -1.868994e-15  1.120279e+01  2.064960e+01 -5.645902e-16 
  840.000  3.292191e+01  1.392115e+02  7.303334e-15  1.233385e+01  2.206537e+01  2.494874e-15 
  850.000  3.019322e+01  1.221952e+02 -1.807420e-15  1.120856e+01  1.944775e+01 -3.294744e-16 
  860.000  3.558685e+01  1.378064e+02 -4.507087e-15  1.308764e+01  2.201561e+01 -1.697210e-15 
  870.000  3.668201e+01  1.362909e+02 -4.157544e-15  1.337416e+01  2.181143e+01 -4.194970e-16 
  880.000  3.695822e+01  1.318681e+02  8.704201e-15  1.336171e+01  2.112277e+01  3.277694e-15 
  890.000  3.753059e+01  1.287064e+02  8.601309e-15  1.345760e+01  2.062624e+01  3.238949e-15 
  900.000  2.384231e+01  7.966992e+01 -1.546919e-15  8.485379e+00  1.238348e+01 -5.824689e-16 
  910.000  2.443940e+01  7.856440e+01 -3.517500e-15  8.630126e+00  1.223885e+01 -4.532277e-16 
  920.000  3.194736e+01  9.834599e+01 -1.459357e-15  1.119516e+01  1.560537e+01 -5.610127e-16 
  930.000  1.805200e+01  5.463857e+01 -6.649963e-17  6.279181e+00  8.289093e+00 -2.803666e-16 
  940.000  1.875418e+01  5.465113e+01  1.103914e-17  6.476061e+00  8.279765e+00  4.748429e-17 
  950.000  1.386249e+01  3.964013e+01  8.557149e-16  4.753005e+00  5.904524e+00  9.779613e-17 
  960.000  2.065195e+01  5.581770e+01  8.047806e-16  7.031820e+00  8.566296e+00  1.258816e-16 
  970.000  3.376534e+01  8.694864e+01  1.319651e-14  1.141840e+01  1.386395e+01  2.826274e-15 
  980.000  3.524313e+01  8.759428e+01  2.454467e-15  1.183891e+01  1.401513e+01  2.260290e-16 
  990.000  4.047855e+01  9.698951e+01 -3.744601e-15  1.350893e+01  1.568587e+01  2.927988e-16 
 1000.000  4.165963e+01  9.643774e+01 -6.738366e-15  1.380954e+01  1.563227e+01 -2.537430e-15 
 1010.000  4.101784e+01  9.203767e+01  1.128737e-15  1.351665e+01  1.489063e+01  7.652860e-16 
 1020.000  4.145078e+01  8.991998e+01  0.000000e+00  1.357082e+01  1.458896e+01  0.000000e+00 
 1030.000  4.290035e+01  9.013731e+01  0.000000e+00  1.396095e+01  1.464633e+01  0.000000e+00 
 1040.000  4.267226e+01  8.686565e+01  2.883919e-15  1.380461e+01  1.412534e+01  2.909880e-16 
 1050.000  4.254525e+01  8.393176e+01 -2.841196e-15  1.368336e+01  1.364342e+01 -2.866772e-16 
 1060.000  4.195032e+01  8.022376e+01 -2.011489e-16  1.341466e+01  1.302199e+01 -8.480590e-16 
 1070.000  4.011372e+01  7.483545e+01  2.441481e-15  1.277070e+01  1.212880e+01 -1.219242e-16 
 1080.000  3.918579e+01  7.131574e+01 -5.598305e-15  1.241784e+01  1.152843e+01 -2.027700e-15 
 1090.000  3.694367e+01  6.565261e+01  6.849134e-17  1.165455e+01  1.058278e+01  4.230133e-17 
 1100.000  2.695911e+01  4.699413e+01 -8.454168e-17  8.467461e+00  7.416303e+00 -3.559636e-16 
