  300.000  3.067104e-10  3.615196e-03  1.655580e-19  1.430798e-09  4.672244e-04  2.315501e-20 
  310.000  1.307488e-06  1.677023e+00  6.006259e-17  5.426606e-06  2.175281e-01  1.816569e-17 
  320.000  2.261143e-05  1.210414e+01 -1.975176e-16  8.348087e-05  1.573176e+00 -7.313777e-17 
  330.000  1.487803e-04  3.772589e+01  1.957362e-15  4.920478e-04  4.912338e+00  4.537252e-16 
  340.000  3.208733e-04  4.023513e+01  3.905371e-16  9.526319e-04  5.245551e+00 -1.117800e-16 
  350.000  8.096626e-04  5.259538e+01  3.586235e-16  2.156839e-03  6.857457e+00 -3.157909e-17 
  360.000  1.634273e-03  5.834854e+01 -2.803596e-15  3.934673e-03  7.607610e+00 -1.778434e-16 
  370.000  3.439123e-03  7.108068e+01 -8.969092e-16  7.534363e-03  9.272470e+00 -3.982820e-16 
  380.000  4.911269e-03  6.161760e+01  2.550105e-16  9.850733e-03  8.041294e+00 -8.940565e-17 
  390.000  9.621222e-03  7.628519e+01  2.994114e-15  1.776709e-02  9.963927e+00  3.690497e-16 
  400.000  2.055181e-02  1.068171e+02  3.312309e-15  3.512078e-02  1.396533e+01  1.159739e-17 
  410.000  2.897751e-02  1.019583e+02 -1.142740e-15  4.603991e-02  1.334636e+01 -2.932008e-16 
  420.000  4.137903e-02  1.014389e+02 -2.095805e-15  6.138691e-02  1.329805e+01 -4.178480e-16 
  430.000  4.594528e-02  8.052154e+01 -2.174888e-15  6.389539e-02  1.057450e+01 -8.449349e-17 
  440.000  1.028385e-01  1.318669e+02  2.242410e-15  1.345525e-01  1.735272e+01  5.460467e-16 
  450.000  1.632441e-01  1.563966e+02  7.974198e-16  2.016215e-01  2.062830e+01 -4.172787e-17 
  460.000  2.175812e-01  1.587116e+02 -4.259998e-16  2.544612e-01  2.098818e+01  4.382660e-16 
  470.000  2.944084e-01  1.663849e+02  6.926814e-16  3.269671e-01  2.206423e+01  6.423413e-16 
  480.000  3.848200e-01  1.711585e+02  1.412836e-16  4.069066e-01  2.276320e+01  5.956623e-16 
  490.000  5.046461e-01  1.790902e+02  1.263138e-14  5.093328e-01  2.390457e+01  1.944314e-15 
  500.000  5.746744e-01  1.649076e+02 -7.736039e-16  5.548590e-01  2.208990e+01 -2.204035e-15 
  510.000  7.279431e-01  1.709618e+02 -1.686582e-15  6.738100e-01  2.298681e+01 -6.351072e-16 
  520.000  8.488580e-01  1.649833e+02  4.626951e-16  7.547849e-01  2.226980e+01 -1.005944e-16 
  530.000  1.028260e+00  1.670773e+02  9.058786e-15  8.798842e-01  2.264178e+01  2.995140e-15 
  540.000  1.246819e+00  1.709419e+02  1.541516e-14  1.028562e+00  2.326490e+01  4.405320e-15 
  550.000  1.456625e+00  1.699911e+02 -1.271628e-14  1.160336e+00  2.323543e+01 -4.237245e-15 
  560.000  1.633557e+00  1.635802e+02 -4.140012e-16  1.258424e+00  2.245569e+01 -1.745460e-15 
  570.000  1.868387e+00  1.630256e+02  6.271615e-16  1.395750e+00  2.243325e+01 -1.073851e-16 
  580.000  2.252031e+00  1.699330e+02 -7.145821e-15  1.629501e+00  2.350846e+01 -1.019564e-15 
  590.000  2.239921e+00  1.500011e+02  1.423551e-15  1.576022e+00  2.076757e+01  4.391729e-16 
  600.000  2.862481e+00  1.676444e+02  3.566945e-15  1.957889e+00  2.340828e+01  3.934246e-16 
  610.000  3.248084e+00  1.676520e+02 -5.663653e-15  2.159919e+00  2.354229e+01 -1.116214e-15 
  620.000  3.721816e+00  1.712709e+02  7.642095e-15  2.411790e+00  2.415298e+01  1.860918e-15 
  630.000  3.853744e+00  1.596767e+02  1.147596e-14  2.438368e+00  2.257712e+01  2.722449e-15 
  640.000  4.521669e+00  1.677227e+02 -3.675458e-15  2.790751e+00  2.386311e+01 -1.384047e-15 
  650.000  4.679606e+00  1.577304e+02 -1.015647e-14  2.825614e+00  2.250748e+01 -1.774779e-15 
  660.000  5.635204e+00  1.714413e+02 -1.523421e-14  3.324452e+00  2.459554e+01 -2.033293e-15 
  670.000  6.340054e+00  1.755291e+02  0.000000e+00  3.661237e+00  2.531630e+01  0.000000e+00 
  680.000  6.848310e+00  1.732878e+02 -1.605972e-15  3.874085e+00  2.509523e+01 -1.620429e-16 
  690.000  6.190967e+00  1.448682e+02  1.552035e-14  3.436191e+00  2.095126e+01  3.748117e-15 
  700.000  7.176944e+00  1.546174e+02  9.682679e-15  3.907494e+00  2.242344e+01  3.169450e-15 
  710.000  8.083074e+00  1.600235e+02  5.223100e-15  4.318821e+00  2.334958e+01  6.750465e-16 
  720.000  5.906019e+00  1.104448e+02  1.176156e-14  3.099153e+00  1.584439e+01  2.508792e-15 
  730.000  7.605905e+00  1.304294e+02 -3.175629e-15  3.921586e+00  1.898913e+01 -1.061630e-15 
  740.000  9.777687e+00  1.537835e+02 -2.494117e-15  4.955962e+00  2.272295e+01 -7.033736e-17 
  750.000  1.084791e+01  1.581653e+02  5.612248e-15  5.404265e+00  2.351656e+01  1.366632e-15 
  760.000  1.906644e+00  2.750333e+01  1.095157e-15  9.352409e-01  3.877898e+00  1.098814e-16 
  770.000  1.195324e+01  1.526131e+02  6.210004e-15  5.775691e+00  2.282836e+01  2.256922e-15 
  780.000  1.288191e+01  1.537547e+02  7.686123e-15  6.127699e+00  2.308665e+01  7.755313e-16 
  790.000  1.258615e+01  1.418190e+02  9.915884e-15  5.905241e+00  2.125859e+01  3.877963e-15 
  800.000  1.291312e+01  1.368632e+02 -2.342403e-15  5.973940e+00  2.057802e+01 -1.242456e-15 
  810.000  1.363298e+01  1.360578e+02  3.587633e-15  6.221314e+00  2.053690e+01  9.497686e-16 
  820.000  1.225451e+01  1.161429e+02 -1.454158e-16  5.518746e+00  1.745192e+01  2.344198e-16 
  830.000  1.368838e+01  1.223684e+02 -3.360911e-15  6.085386e+00  1.847404e+01 -1.359363e-15 
  840.000  1.542424e+01  1.300393e+02 -3.062829e-16  6.771472e+00  1.978234e+01  3.388155e-16 
  850.000  1.433600e+01  1.144715e+02  1.600563e-14  6.217401e+00  1.749200e+01  4.625089e-15 
  860.000  1.713098e+01  1.294960e+02  8.410338e-15  7.337251e+00  1.987059e+01  8.486048e-16 
  870.000  1.788152e+01  1.284844e+02  8.613587e-15  7.570837e+00  1.976267e+01  2.097485e-15 
  880.000  1.823752e+01  1.247267e+02 -8.412666e-15  7.635238e+00  1.921658e+01 -2.048559e-15 
  890.000  1.874112e+01  1.221415e+02 -8.313220e-15  7.760574e+00  1.884205e+01 -2.024343e-15 
  900.000  1.203335e+01  7.626025e+01 -6.553523e-16  4.933360e+00  1.145576e+01  3.408835e-17 
  910.000  1.247414e+01  7.541320e+01  1.045847e-15  5.061019e+00  1.135878e+01  3.021487e-16 
  920.000  1.648667e+01  9.439333e+01  1.491304e-15  6.620937e+00  1.446567e+01  1.038166e-15 
  930.000  9.414707e+00  5.300858e+01  8.456755e-16  3.743698e+00  7.808493e+00  8.532838e-17 
  940.000  9.882878e+00  5.318654e+01  1.953351e-15  3.891864e+00  7.829867e+00  7.193351e-16 
  950.000  7.378977e+00  3.879923e+01 -8.296741e-16  2.878428e+00  5.628303e+00 -3.070824e-16 
  960.000  1.110178e+01  5.452135e+01 -3.956591e-15  4.290670e+00  8.128217e+00 -1.125186e-15 
  970.000  1.832711e+01  8.465176e+01 -4.590844e-15  7.018831e+00  1.307171e+01 -1.133998e-15 
  980.000  1.930883e+01  8.547435e+01 -3.782771e-17  7.329329e+00  1.324830e+01 -1.335802e-16 
  990.000  2.238103e+01  9.475213e+01  1.490865e-15  8.421679e+00  1.483909e+01  4.857434e-16 
 1000.000  2.325367e+01  9.446028e+01  3.369183e-15  8.671580e+00  1.483183e+01  1.268715e-15 
 1010.000  2.307976e+01  9.039647e+01  3.554841e-15  8.539212e+00  1.417733e+01  7.861784e-16 
 1020.000  2.353531e+01  8.853154e+01  2.139437e-16  8.632570e+00  1.392707e+01  9.020026e-16 
 1030.000  2.455945e+01  8.895336e+01  3.191390e-15  8.936066e+00  1.401945e+01  1.201765e-15 
 1040.000  2.462571e+01  8.592935e+01 -2.883919e-15  8.889614e+00  1.355851e+01 -2.909880e-16 
 1050.000  2.474556e+01  8.323264e+01  3.045185e-15  8.863616e+00  1.313480e+01  1.146709e-15 
 1060.000  2.458696e+01  7.975861e+01  2.600494e-15  8.739586e+00  1.257570e+01 -5.653727e-16 
 1070.000  2.367361e+01  7.463002e+01 -2.436317e-15  8.365481e+00  1.175783e+01 -8.361581e-16 
 1080.000  2.329503e+01  7.135910e+01  4.689833e-16  8.181200e+00  1.122168e+01  6.197206e-16 
 1090.000  2.211899e+01  6.591273e+01 -3.826102e-15  7.721538e+00  1.034298e+01 -1.030929e-15 
 1100.000  1.625288e+01  4.744976e+01 -9.132506e-16  5.640593e+00  7.303375e+00 -5.059935e-16 
