  300.000  4.264632e-04  1.710436e-02  1.265583e-19  9.922474e-05  2.238083e-03  4.765740e-20 
  310.000  9.429640e-01  7.128491e+00  7.873428e-17  2.193984e-01  1.092839e+00 -1.383863e-16 
  320.000  8.776561e+00  4.587201e+01  2.846420e-15  2.042033e+00  7.469088e+00 -3.459764e-16 
  330.000  3.245980e+01  1.270138e+02 -5.854986e-14  7.552388e+00  2.167254e+01 -9.318501e-15 
  340.000  4.088841e+01  1.208802e+02 -5.724529e-14  9.513464e+00  2.137209e+01 -1.574395e-14 
  350.000  6.260174e+01  1.441082e+02 -3.456646e-13  1.456548e+01  2.634768e+01 -4.788836e-14 
  360.000  7.933463e+01  1.453007e+02 -2.198242e-14  1.845871e+01  2.728656e+01 -8.277802e-15 
  370.000  1.081439e+02  1.611004e+02  2.199984e-13  2.516174e+01  3.119178e+01  7.330661e-14 
  380.000  1.029142e+02  1.266695e+02 -5.973460e-14  2.394495e+01  2.508204e+01 -1.725576e-14 
  390.000  1.378686e+02  1.423855e+02 -4.214766e-13  3.207774e+01  2.887361e+01 -9.475542e-14 
  400.000  2.061940e+02  1.807791e+02  1.680963e-13  4.797494e+01  3.738060e+01 -1.781358e-14 
  410.000  2.079959e+02  1.564421e+02  2.862864e-13  4.839418e+01  3.291507e+01  4.868718e-14 
  420.000  2.167399e+02  1.411244e+02  1.843224e-13  5.042864e+01  3.015321e+01  4.124109e-14 
  430.000  1.788421e+02  1.016111e+02  5.706630e-14  4.161100e+01  2.201110e+01  0.000000e+00 
  440.000  3.025029e+02  1.510166e+02 -6.630224e-13  7.038303e+01  3.311386e+01 -7.144717e-14 
  450.000  3.685324e+02  1.626667e+02 -4.285487e-13  8.574606e+01  3.605708e+01 -6.409401e-14 
  460.000  3.824048e+02  1.500612e+02  2.726399e-14  8.897374e+01  3.359042e+01 -2.804902e-14 
  470.000  4.082052e+02  1.431008e+02  3.797243e-14  9.497667e+01  3.228859e+01  1.429908e-14 
  480.000  4.261015e+02  1.339598e+02 -1.606323e-13  9.914059e+01  3.039781e+01 -1.089211e-14 
  490.000  4.513892e+02  1.280019e+02  3.653275e-13  1.050242e+02  2.932959e+01  4.757850e-14 
  500.000  4.196302e+02  1.076136e+02 -2.326201e-13  9.763492e+01  2.480701e+01 -3.319017e-14 
  510.000  4.382533e+02  1.019948e+02 -1.750816e-13  1.019679e+02  2.363920e+01 -4.742134e-14 
  520.000  4.252638e+02  9.010399e+01 -9.570905e-14  9.894569e+01  2.098353e+01 -9.657062e-15 
  530.000  4.323528e+02  8.360735e+01  1.012231e-13  1.005951e+02  1.953608e+01  2.924069e-14 
  540.000  4.435778e+02  7.854717e+01  3.482406e-14  1.032068e+02  1.843746e+01  1.311351e-14 
  550.000  4.417985e+02  7.180536e+01  6.399150e-14  1.027928e+02  1.691525e+01  6.456755e-15 
  560.000  4.253840e+02  6.359005e+01  3.075356e-14  9.897366e+01  1.501793e+01  3.103040e-15 
  570.000  4.231767e+02  5.822236e+01  3.138349e-14  9.846008e+01  1.363720e+01  5.242833e-15 
  580.000  4.408622e+02  5.604836e+01 -1.732825e-14  1.025750e+02  1.321229e+01 -6.525207e-15 
  590.000  3.861133e+02  4.560930e+01  7.518463e-15  8.983656e+01  1.063294e+01  4.028447e-16 
  600.000  4.338618e+02  4.743148e+01 -5.577512e-14  1.009462e+02  1.126974e+01 -8.300582e-15 
  610.000  4.328907e+02  4.400765e+01 -3.161816e-14  1.007202e+02  1.053143e+01 -1.190628e-14 
  620.000  4.409177e+02  4.171289e+01  2.950905e-14  1.025879e+02  9.990724e+00  2.977469e-15 
  630.000  4.097143e+02  3.606672e+01 -1.328636e-14  9.532780e+01  8.570703e+00 -1.175171e-15 
  640.000  4.291047e+02  3.533962e+01 -1.273216e-14  9.983935e+01  8.496704e+00  2.768095e-15 
  650.000  4.020880e+02  3.095256e+01 -1.538777e-15  9.355339e+01  7.418164e+00 -1.739053e-15 
  660.000  4.355895e+02  3.139530e+01  4.126759e-14  1.013482e+02  7.565679e+00  8.133171e-15 
  670.000  4.448174e+02  3.008204e+01  8.140666e-14  1.034952e+02  7.291545e+00  1.604393e-14 
  680.000  4.376626e+02  2.777507e+01 -5.139111e-14  1.018305e+02  6.739400e+00 -5.185373e-15 
  690.000  3.632731e+02  2.170192e+01 -1.005710e-14  8.452238e+01  5.137955e+00 -3.787148e-15 
  700.000  3.861393e+02  2.167324e+01  1.163349e-14  8.984264e+01  5.153927e+00  8.557964e-16 
  710.000  3.998572e+02  2.109686e+01 -3.542883e-14  9.303437e+01  5.060446e+00 -2.927331e-15 
  720.000  2.696102e+02  1.348060e+01  0.000000e+00  6.272993e+01  3.052136e+00  0.000000e+00 
  730.000  3.210316e+02  1.516571e+01  3.041853e-15  7.469408e+01  3.549653e+00  1.145655e-15 
  740.000  3.824574e+02  1.693573e+01 -1.123868e-14  8.898595e+01  4.097966e+00 -1.096842e-17 
  750.000  3.928507e+02  1.645914e+01  4.645390e-14  9.140417e+01  4.022527e+00  1.749290e-14 
  760.000  6.461235e+01  2.761761e+00 -4.207845e-17  1.503329e+01  5.197712e-01 -1.584526e-17 
  770.000  3.780915e+02  1.417860e+01 -8.331426e-15  8.797017e+01  3.460539e+00 -6.474166e-15 
  780.000  3.800519e+02  1.351413e+01  4.099266e-14  8.842629e+01  3.311368e+00  4.136167e-15 
  790.000  3.495585e+02  1.177321e+01 -5.575897e-15  8.133141e+01  2.843204e+00  6.086975e-16 
  800.000  3.370359e+02  1.077194e+01 -1.167907e-14  7.841778e+01  2.603814e+00 -2.288340e-15 
  810.000  3.350174e+02  1.016701e+01 -7.431691e-15  7.794815e+01  2.467131e+00 -2.662198e-16 
  820.000  2.841419e+02  8.231648e+00  1.019478e-15  6.611100e+01  1.957919e+00 -2.182153e-16 
  830.000  2.998883e+02  8.244225e+00  2.808180e-15  6.977470e+01  1.972913e+00  1.057461e-15 
  840.000  3.197935e+02  8.347380e+00 -5.476379e-15  7.440602e+01  2.027856e+00 -2.062211e-15 
  850.000  2.817765e+02  7.006605e+00  3.712959e-15  6.556065e+01  1.713245e+00  2.149877e-15 
  860.000  3.187268e+02  7.558707e+00 -5.166970e-14  7.415784e+01  1.858956e+00 -1.018326e-14 
  870.000  3.163849e+02  7.154768e+00 -3.326035e-14  7.361295e+01  1.761035e+00 -3.355976e-15 
  880.000  3.073062e+02  6.627409e+00  0.000000e+00  7.150061e+01  1.628945e+00  0.000000e+00 
  890.000  3.011534e+02  6.196527e+00  3.724476e-15  7.006903e+01  1.519732e+00 -8.097372e-16 
  900.000  1.852852e+02  3.668791e+00 -2.386960e-16  4.311012e+01  8.402657e-01 -8.988447e-17 
  910.000  1.836310e+02  3.474896e+00 -2.117764e-16  4.272523e+01  7.978341e-01 -7.974750e-17 
  920.000  2.322506e+02  4.195576e+00  2.893936e-15  5.403750e+01  9.958444e-01  8.514571e-16 
  930.000  1.271494e+02  2.244738e+00  5.664976e-17  2.958372e+01  4.795087e-01  2.133230e-17 
  940.000  1.280513e+02  2.150410e+00 -4.999433e-17  2.979355e+01  4.582749e-01 -1.882612e-17 
  950.000  9.183858e+01  1.539546e+00  2.662005e-17  2.136799e+01  3.108687e-01  1.002417e-17 
  960.000  1.328375e+02  2.039880e+00 -5.064846e-18  3.090717e+01  4.463908e-01 -1.907232e-18 
  970.000  2.109872e+02  3.069417e+00  7.973656e-17  4.909016e+01  7.290537e-01  3.002597e-17 
  980.000  2.141361e+02  2.979870e+00  8.253492e-16  4.982281e+01  7.120750e-01  3.507205e-16 
  990.000  2.392910e+02  3.183433e+00 -4.409522e-15  5.567560e+01  7.796088e-01 -1.660470e-15 
 1000.000  2.393838e+02  3.057876e+00 -3.143490e-15  5.569717e+01  7.518201e-01 -3.171788e-16 
 1010.000  2.300789e+02  2.820881e+00 -1.565008e-15  5.353222e+01  6.892356e-01  7.022233e-16 
 1020.000  2.263029e+02  2.666276e+00 -3.193795e-15  5.265368e+01  6.550550e-01 -1.202670e-15 
 1030.000  2.285135e+02  2.588818e+00  2.137826e-16  5.316800e+01  6.376380e-01  9.013235e-16 
 1040.000  2.218937e+02  2.417249e+00 -3.090975e-15  5.162778e+01  5.957895e-01 -1.163952e-15 
 1050.000  2.160940e+02  2.263035e+00  1.522592e-15  5.027837e+01  5.564380e-01  5.733545e-16 
 1060.000  2.082373e+02  2.096215e+00 -7.506980e-16  4.845036e+01  5.127421e-01 -2.826863e-16 
 1070.000  1.950222e+02  1.888621e+00  2.715603e-16  4.537561e+01  4.591637e-01  1.022600e-16 
 1080.000  1.863974e+02  1.740298e+00 -5.892743e-16  4.336889e+01  4.197405e-01 -2.218998e-16 
 1090.000  1.720232e+02  1.552104e+00  3.243939e-16  4.002446e+01  3.712300e-01  1.221553e-16 
 1100.000  1.229605e+02  1.074043e+00  3.762455e-18  2.860909e+01  2.463018e-01  1.416807e-18 
