  300.000  1.924616e-16  2.568498e-03  4.574780e-20  1.757269e-16  3.268826e-04 -8.437718e-22 
  310.000  1.518490e-06  2.712002e-01  4.951531e-17  1.386456e-06  3.622871e-02  5.755384e-18 
  320.000  6.847390e-04  3.694269e+00 -3.868458e-17  6.252003e-04  5.359664e-01 -1.155137e-16 
  330.000  2.135730e-02  2.648500e+01 -2.384776e-14  1.950026e-02  4.131488e+00 -3.914293e-15 
  340.000  5.817118e-02  2.855414e+01  1.191105e-15  5.311314e-02  4.631815e+00 -1.155614e-15 
  350.000  1.732059e-01  3.859942e+01 -1.419109e-15  1.581455e-01  6.521066e+00 -3.987161e-16 
  360.000  3.506297e-01  4.149172e+01 -1.054065e-14  3.201421e-01  7.247653e+00 -3.022327e-15 
  370.000  7.703223e-01  4.943616e+01  1.111874e-13  7.033421e-01  8.992781e+00  1.682216e-14 
  380.000  1.046195e+00  4.157559e+01  1.059341e-15  9.552275e-01  7.800014e+00 -7.264794e-16 
  390.000  1.991412e+00  5.016336e+01  5.052935e-14  1.818257e+00  9.731213e+00  8.796230e-15 
  400.000  3.969682e+00  6.813380e+01  5.949076e-14  3.624514e+00  1.358914e+01  7.225172e-15 
  410.000  5.152404e+00  6.293496e+01  1.694306e-13  4.704397e+00  1.286772e+01  4.209412e-14 
  420.000  6.698040e+00  6.041968e+01  4.343393e-14  6.115639e+00  1.262785e+01  1.393498e-14 
  430.000  6.713594e+00  4.609474e+01  1.383571e-15  6.129841e+00  9.823232e+00  2.073931e-15 
  440.000  1.345855e+01  7.221288e+01 -7.119459e-14  1.228832e+01  1.565405e+01 -7.183548e-15 
  450.000  1.907427e+01  8.177174e+01  3.501582e-14  1.741574e+01  1.799471e+01  4.673522e-15 
  460.000  2.257998e+01  7.867327e+01  1.170250e-14  2.061663e+01  1.754612e+01 -6.519206e-15 
  470.000  2.699609e+01  7.827866e+01 -1.498626e-14  2.464875e+01  1.764856e+01 -1.675673e-15 
  480.000  3.026571e+01  7.475702e+01  1.409627e-14  2.763408e+01  1.698460e+01  1.588433e-15 
  490.000  3.635220e+01  7.449735e+01  7.627072e-14  3.319134e+01  1.714040e+01  9.035341e-15 
  500.000  3.615475e+01  6.353823e+01 -4.133898e-14  3.301106e+01  1.473321e+01 -5.082245e-15 
  510.000  4.017711e+01  6.114787e+01 -2.180988e-14  3.668368e+01  1.427740e+01 -5.610114e-15 
  520.000  4.122214e+01  5.482935e+01 -1.431583e-16  3.763784e+01  1.288019e+01 -6.035663e-16 
  530.000  4.300914e+01  5.064624e+01  5.057153e-16  3.926946e+01  1.194809e+01  2.132134e-15 
  540.000  4.624769e+01  4.796928e+01 -9.502671e-15  4.222641e+01  1.138025e+01 -2.458783e-15 
  550.000  4.764940e+01  4.399247e+01  4.286618e-15  4.350624e+01  1.048266e+01  1.614189e-15 
  560.000  4.646048e+01  3.854783e+01 -7.688391e-15  4.242070e+01  9.213709e+00 -7.757601e-16 
  570.000  4.291132e+01  3.444384e+01 -1.382443e-15  3.918015e+01  8.176254e+00 -5.415589e-17 
  580.000  4.688438e+01  3.342167e+01 -1.010467e-15  4.280774e+01  7.977656e+00 -1.019564e-16 
  590.000  4.041428e+01  2.796161e+01  1.591506e-15  3.690022e+01  6.607418e+00  5.303442e-16 
  600.000  5.186018e+01  2.959649e+01 -2.273814e-15  4.735089e+01  7.142200e+00 -1.055842e-15 
  610.000  5.529471e+01  2.805067e+01  0.000000e+00  5.048678e+01  6.811994e+00  0.000000e+00 
  620.000  5.842422e+01  2.749361e+01 -1.304263e-14  5.334418e+01  6.684610e+00 -1.860918e-15 
  630.000  5.244056e+01  2.410767e+01 -1.308499e-15  4.788080e+01  5.826513e+00 -3.348766e-16 
  640.000  6.289745e+01  2.513654e+01  1.212547e-14  5.742846e+01  6.141314e+00  1.730059e-15 
  650.000  6.064352e+01  2.293472e+01  8.366626e-15  5.537050e+01  5.597631e+00  1.831925e-15 
  660.000  7.012911e+01  2.399550e+01  1.197022e-15  6.403132e+01  5.887608e+00 -1.863852e-15 
  670.000  7.618528e+01  2.370616e+01  0.000000e+00  6.956090e+01  5.843811e+00  0.000000e+00 
  680.000  7.731478e+01  2.245204e+01  1.721276e-15  7.059219e+01  5.541464e+00  6.481716e-16 
  690.000  5.447336e+01  1.676350e+01 -3.133573e-15  4.973685e+01  4.042581e+00 -9.352396e-16 
  700.000  6.304466e+01  1.788567e+01 -5.664777e-16  5.756287e+01  4.336641e+00 -2.133155e-16 
  710.000  7.043084e+01  1.790979e+01 -3.063793e-16  6.430682e+01  4.386627e+00 -1.136691e-16 
  720.000  3.111558e+01  1.076712e+01  5.675091e-19  2.841005e+01  2.484993e+00  2.402289e-18 
  730.000  4.693927e+01  1.252737e+01 -4.213579e-16  4.285785e+01  2.985011e+00 -2.520933e-16 
  740.000  7.349623e+01  1.492802e+01  1.287760e-15  6.710567e+01  3.688127e+00  6.189909e-16 
  750.000  7.997748e+01  1.460894e+01 -2.708880e-15  7.302336e+01  3.635018e+00 -2.733265e-16 
  760.000  2.387143e+00  1.843303e+00 -1.017515e-17  2.179579e+00  3.619126e-01 -2.475719e-18 
  770.000  7.892136e+01  1.292509e+01  8.349629e-15  7.205907e+01  3.216989e+00  2.940492e-16 
  780.000  8.133161e+01  1.240391e+01 -1.043211e-14  7.425975e+01  3.094746e+00 -1.809573e-15 
  790.000  7.001591e+01  1.083013e+01 -3.406252e-16  6.392796e+01  2.674815e+00 -3.436915e-17 
  800.000  6.820878e+01  9.951169e+00  3.098057e-17  6.227796e+01  2.460097e+00  1.306164e-16 
  810.000  6.958833e+01  9.447065e+00  1.900258e-15  6.353757e+01  2.343549e+00  1.984297e-16 
  820.000  5.131617e+01  7.384820e+00 -2.532398e-16  4.685418e+01  1.791703e+00  5.519074e-17 
  830.000  5.715379e+01  7.538863e+00 -1.137482e-16  5.218421e+01  1.843073e+00 -7.078180e-17 
  840.000  6.767920e+01  7.831347e+00 -2.313645e-15  6.179443e+01  1.945277e+00 -3.512626e-16 
  850.000  6.191340e+01  6.603249e+00  2.502756e-15  5.652997e+01  1.648341e+00  1.626686e-16 
  860.000  7.201848e+01  7.126877e+00  6.156795e-15  6.575640e+01  1.785357e+00  0.000000e+00 
  870.000  7.217048e+01  6.771754e+00 -1.915670e-14  6.589519e+01  1.697695e+00 -3.775473e-15 
  880.000  6.980286e+01  6.279485e+00 -4.206333e-15  6.373344e+01  1.573295e+00 -1.024279e-15 
  890.000  6.798885e+01  5.888268e+00  0.000000e+00  6.207716e+01  1.473723e+00  0.000000e+00 
  900.000  2.506796e+01  3.201841e+00 -1.762674e-22  2.288828e+01  7.483839e-01 -8.750707e-23 
  910.000  2.539432e+01  3.045315e+00  5.832621e-17  2.318626e+01  7.136356e-01  2.124688e-17 
  920.000  4.269244e+01  3.826210e+00 -2.757467e-16  3.898030e+01  9.266790e-01 -1.038421e-16 
  930.000  1.109146e+01  1.842146e+00 -1.403882e-17  1.012705e+01  4.002156e-01 -5.297364e-18 
  940.000  1.014517e+01  1.759521e+00 -1.303363e-17  9.263038e+00  3.808979e-01 -3.173804e-18 
  950.000  5.401824e+00  1.212759e+00 -1.326893e-20  4.932131e+00  2.477598e-01 -2.387513e-21 
  960.000  1.385928e+01  1.724787e+00 -1.135603e-17  1.265420e+01  3.850309e-01  2.562934e-18 
  970.000  3.925189e+01  2.819764e+00  2.092977e-16  3.583890e+01  6.835129e-01  7.881920e-17 
  980.000  4.206828e+01  2.790463e+00  3.895902e-17  3.841041e+01  6.815268e-01  1.467059e-17 
  990.000  5.505449e+01  3.085566e+00  3.029389e-16  5.026744e+01  7.723301e-01  3.586282e-17 
 1000.000  5.609157e+01  2.960217e+00 -8.422957e-16  5.121436e+01  7.429094e-01 -3.171788e-16 
 1010.000  5.251495e+01  2.739636e+00 -1.866157e-17  4.794872e+01  6.847425e-01 -7.027286e-18 
 1020.000  5.286830e+01  2.582748e+00 -7.984487e-16  4.827135e+01  6.479135e-01 -3.006676e-16 
 1030.000  5.375288e+01  2.501853e+00  7.444019e-16  4.907902e+01  6.283301e-01  7.511030e-17 
 1040.000  5.194300e+01  2.327355e+00  7.209797e-16  4.742651e+01  5.844194e-01  7.274699e-17 
 1050.000  4.919183e+01  2.156327e+00  0.000000e+00  4.491455e+01  5.402516e-01  0.000000e+00 
 1060.000  4.487068e+01  1.963783e+00  0.000000e+00  4.096913e+01  4.896275e-01  0.000000e+00 
 1070.000  4.123656e+01  1.781983e+00  1.504176e-16  3.765100e+01  4.428214e-01  5.664195e-17 
 1080.000  3.889731e+01  1.663086e+00 -5.432692e-17  3.551515e+01  4.109770e-01  2.219361e-17 
 1090.000  3.422948e+01  1.465283e+00 -1.613193e-16  3.125320e+01  3.584456e-01 -6.074716e-17 
 1100.000  1.735070e+01  9.578949e-01 -9.405699e-19  1.584204e+01  2.244515e-01 -3.542026e-19 
