  300.000  3.549317e-33  7.903274e-04 -9.039881e-21  5.832466e-30  1.021364e-04 -3.404100e-21 
  310.000  9.113807e-23  9.110355e-02  5.403077e-20  1.737670e-19  1.182470e-02  1.456388e-20 
  320.000  1.814923e-19  1.286781e+00 -9.150661e-18  3.013754e-16  1.673722e-01  3.895561e-19 
  330.000  2.457422e-17  9.461046e+00 -1.402389e-16  3.364964e-14  1.232957e+00 -5.671398e-17 
  340.000  2.951490e-16  1.061696e+01 -3.523701e-16  3.048065e-13  1.385217e+00 -9.799856e-17 
  350.000  3.493849e-15  1.463798e+01 -2.434008e-16  2.712678e-12  1.909916e+00 -1.521161e-18 
  360.000  2.580702e-14  1.607183e+01  5.597339e-17  1.524559e-11  2.096757e+00  4.360607e-18 
  370.000  1.897020e-13  1.944727e+01  1.466510e-16  8.686194e-11  2.538550e+00  5.619742e-18 
  380.000  7.978382e-13  1.667441e+01 -2.334032e-17  2.875351e-10  2.177289e+00 -7.932786e-17 
  390.000  4.377212e-12  2.045840e+01  1.467579e-15  1.260602e-09  2.673782e+00  2.455163e-16 
  400.000  2.356799e-11  2.834868e+01 -8.704600e-16  5.496337e-09  3.708608e+00  3.100639e-17 
  410.000  7.783739e-11  2.677050e+01 -5.191473e-16  1.488288e-08  3.506576e+00 -2.416942e-16 
  420.000  2.437614e-10  2.634149e+01  8.879582e-16  3.865005e-08  3.455802e+00  2.570833e-16 
  430.000  5.596226e-10  2.065196e+01 -7.354046e-16  7.435058e-08  2.714567e+00 -9.324045e-17 
  440.000  2.453702e-09  3.334313e+01 -9.777945e-16  2.757600e-07  4.392663e+00 -3.363093e-17 
  450.000  7.286066e-09  3.901806e+01 -8.142692e-16  6.989631e-07  5.153849e+00 -2.067680e-16 
  460.000  1.738015e-08  3.889011e+01 -5.750130e-15  1.434260e-06  5.152640e+00 -1.678506e-15 
  470.000  4.032800e-08  4.021905e+01 -1.583561e-16  2.886730e-06  5.346278e+00  8.887588e-18 
  480.000  8.502471e-08  4.005763e+01  9.583426e-16  5.306071e-06  5.342922e+00  2.310241e-16 
  490.000  1.855752e-07  4.154270e+01 -3.434681e-16  1.018559e-05  5.567741e+00  1.249701e-16 
  500.000  3.266430e-07  3.703761e+01  1.530683e-16  1.582689e-05  4.986844e+00 -8.893204e-17 
  510.000  6.246029e-07  3.732307e+01 -4.026591e-17  2.688379e-05  5.050385e+00  3.658118e-17 
  520.000  1.074461e-06  3.509615e+01 -1.131441e-15  4.131470e-05  4.774465e+00 -1.212656e-16 
  530.000  1.839033e-06  3.405386e+01 -8.434178e-16  6.337577e-05  4.657912e+00 -2.476483e-16 
  540.000  3.166670e-06  3.389239e+01  6.356667e-16  9.840582e-05  4.664912e+00  7.030023e-17 
  550.000  5.117771e-06  3.270216e+01  7.494846e-16  1.440146e-04  4.530003e+00  5.648905e-17 
  560.000  7.685788e-06  3.017386e+01  3.997822e-15  1.964199e-04  4.206946e+00  1.009240e-15 
  570.000  8.543087e-06  2.827980e+01 -8.141479e-16  2.083976e-04  3.954366e+00 -9.869144e-17 
  580.000  1.734715e-05  2.904767e+01  1.665360e-15  3.709780e-04  4.096214e+00  4.791254e-16 
  590.000  1.717604e-05  2.569103e+01 -1.027498e-15  3.556531e-04  3.626146e+00 -1.734521e-16 
  600.000  3.250927e-05  2.842583e+01  3.342326e-16  6.177037e-04  4.074192e+00  1.702046e-16 
  610.000  6.020060e-05  2.864214e+01 -3.066710e-15  1.018251e-03  4.146860e+00 -7.012700e-16 
  620.000  8.818859e-05  2.961635e+01 -2.816394e-16  1.391842e-03  4.320135e+00 -9.139330e-17 
  630.000  9.083109e-05  2.707505e+01  2.188200e-16  1.387995e-03  3.965080e+00  4.405230e-17 
  640.000  1.755788e-04  3.016142e+01 -5.687662e-16  2.433632e-03  4.473817e+00 -2.457235e-16 
  650.000  1.874312e-04  2.881603e+01 -8.976233e-16  2.539583e-03  4.299697e+00 -1.618120e-16 
  660.000  3.457909e-04  3.211250e+01  1.027440e-15  4.248058e-03  4.845333e+00  1.615399e-16 
  670.000  4.916433e-04  3.353492e+01  1.252539e-16  5.704810e-03  5.112010e+00 -6.834304e-19 
  680.000  6.466066e-04  3.351173e+01  7.991889e-16  7.098619e-03  5.151958e+00  7.872690e-17 
  690.000  4.887991e-04  2.568860e+01  1.819733e-16  5.269800e-03  3.934431e+00 -7.017798e-18 
  700.000  7.230627e-04  2.928706e+01  2.807583e-15  7.398386e-03  4.522404e+00  8.012981e-16 
  710.000  1.032437e-03  3.086687e+01 -3.976324e-16  1.001028e-02  4.831539e+00  3.960341e-17 
  720.000  5.610781e-04  1.928346e+01  9.623085e-16  5.191762e-03  2.935499e+00  2.174455e-16 
  730.000  1.064356e-03  2.378355e+01 -5.881156e-16  9.367528e-03  3.717963e+00 -1.276748e-17 
  740.000  2.111521e-03  3.004176e+01 -8.448499e-16  1.764353e-02  4.839493e+00 -1.043983e-16 
  750.000  3.273934e-03  3.140563e+01  1.405852e-15  2.534663e-02  5.128155e+00  1.547471e-16 
  760.000  1.033897e-04  2.944382e+00 -1.375011e-17  7.725446e-04  4.312424e-01  4.965919e-18 
  770.000  4.192830e-03  3.031476e+01 -2.763444e-16  3.058176e-02  5.024518e+00 -3.442635e-17 
  780.000  5.904580e-03  3.102801e+01  1.044410e-15  4.026321e-02  5.194613e+00  3.260412e-16 
  790.000  5.308870e-03  2.784554e+01  1.550776e-16  3.574494e-02  4.660469e+00 -2.150951e-17 
  800.000  6.174853e-03  2.685629e+01 -2.026103e-16  3.994684e-02  4.531590e+00 -1.247070e-16 
  810.000  7.503260e-03  2.681173e+01 -6.157577e-16  4.666506e-02  4.568225e+00 -5.622570e-17 
  820.000  6.432257e-03  2.172124e+01 -1.305929e-17  3.864650e-02  3.674523e+00  1.999658e-17 
  830.000  8.445186e-03  2.328182e+01 -2.366449e-16  4.888868e-02  3.986008e+00 -2.316720e-17 
  840.000  1.183701e-02  2.558752e+01 -1.781693e-16  6.597030e-02  4.458800e+00 -3.123059e-17 
  850.000  1.266808e-02  2.272669e+01 -3.182184e-16  6.814045e-02  4.001961e+00 -2.648916e-17 
  860.000  1.910724e-02  2.611290e+01  3.476195e-16  9.713141e-02  4.646434e+00  5.448805e-17 
  870.000  2.205094e-02  2.599907e+01  9.959643e-16  1.085355e-01  4.659681e+00  1.640709e-16 
  880.000  2.447110e-02  2.515792e+01  9.569831e-16  1.166908e-01  4.536893e+00  2.488679e-16 
  890.000  2.723816e-02  2.460582e+01  1.895664e-16  1.259425e-01  4.462291e+00  8.164587e-17 
  900.000  1.004309e-02  1.284139e+01 -5.212855e-17  4.623902e-02  2.229464e+00 -3.878007e-17 
  910.000  1.156825e-02  1.275034e+01  6.067242e-16  5.170459e-02  2.231428e+00  1.976525e-16 
  920.000  2.216703e-02  1.740424e+01  8.130495e-16  9.617671e-02  3.142758e+00  1.584972e-16 
  930.000  6.439221e-03  7.732779e+00  1.889293e-16  2.718049e-02  1.305018e+00  3.367218e-17 
  940.000  6.637794e-03  7.580134e+00 -1.173009e-17  2.724101e-02  1.278847e+00  1.090944e-19 
  950.000  3.961745e-03  5.080798e+00 -1.560275e-16  1.582094e-02  8.354945e-01 -6.178887e-17 
  960.000  1.137580e-02  8.308158e+00 -1.324507e-16  4.428773e-02  1.450638e+00 -2.301793e-17 
  970.000  3.625399e-02  1.565744e+01  9.946936e-16  1.374238e-01  2.909904e+00  2.433599e-16 
  980.000  4.330388e-02  1.619897e+01  1.133001e-16  1.599975e-01  3.040823e+00  1.883362e-17 
  990.000  6.383794e-02  1.919067e+01 -1.456828e-15  2.294383e-01  3.679215e+00 -5.032924e-16 
 1000.000  7.859021e-02  1.947184e+01  1.201478e-16  2.708875e-01  3.760815e+00  1.238980e-18 
 1010.000  7.419743e-02  1.831101e+01  4.784039e-16  2.542549e-01  3.540748e+00  7.490618e-17 
 1020.000  8.974371e-02  1.827446e+01  5.443070e-16  2.952650e-01  3.561152e+00  1.632531e-16 
 1030.000  1.000817e-01  1.840291e+01  3.514437e-16  3.219493e-01  3.604884e+00  4.577034e-17 
 1040.000  1.058523e-01  1.773338e+01  3.500334e-16  3.330129e-01  3.488068e+00  3.864684e-17 
 1050.000  1.095487e-01  1.688283e+01  2.838924e-16  3.370118e-01  3.330002e+00  1.007850e-16 
 1060.000  1.089784e-01  1.566474e+01 -2.939990e-16  3.278931e-01  3.092795e+00 -9.110009e-17 
 1070.000  1.006142e-01  1.448556e+01 -1.758025e-16  3.020137e-01  2.864152e+00 -4.397369e-17 
 1080.000  1.023255e-01  1.397569e+01  5.743578e-17  3.024214e-01  2.764715e+00  2.441863e-17 
 1090.000  9.706651e-02  1.269317e+01  6.449052e-17  2.824270e-01  2.506287e+00  2.210356e-17 
 1100.000  5.289434e-02  7.966819e+00 -2.968152e-16  1.514918e-01  1.533122e+00 -9.767989e-17 
