  300.000  0.000000e+00  3.526305e-04 -1.291690e-23  5.223252e-39  4.557416e-05 -1.529050e-24 
  310.000  9.498213e-34  4.284756e-02  2.381105e-18  3.762595e-28  5.555243e-03  2.402540e-19 
  320.000  5.569475e-30  6.353952e-01 -7.177892e-18  1.624679e-24  8.253390e-02 -2.702940e-18 
  330.000  2.147418e-27  4.889170e+00 -7.733136e-17  4.293698e-22  6.361792e-01 -2.912027e-17 
  340.000  7.051863e-26  5.700282e+00 -7.062077e-17  8.715442e-21  7.425386e-01 -2.659363e-17 
  350.000  2.127994e-24  8.061173e+00 -3.057460e-16  1.617533e-19  1.049895e+00 -3.083963e-17 
  360.000  3.766064e-23  9.061021e+00  4.928726e-16  1.803820e-18  1.179750e+00  9.718634e-17 
  370.000  6.255558e-22  1.120543e+01  7.190149e-18  1.947777e-17  1.458921e+00  1.946935e-18 
  380.000  5.641457e-21  9.804213e+00  4.311163e-17  1.172383e-16  1.276185e+00  1.167729e-17 
  390.000  6.322256e-20  1.225762e+01 -4.029867e-17  8.996857e-16  1.595471e+00 -5.000630e-17 
  400.000  6.654403e-19  1.728571e+01 -4.350285e-16  6.632661e-15  2.249691e+00 -3.932760e-17 
  410.000  4.126330e-18  1.659279e+01  2.645440e-15  2.941925e-14  2.159331e+00  7.899941e-16 
  420.000  2.338026e-17  1.657830e+01  3.945271e-16  1.215593e-13  2.157330e+00  1.188212e-16 
  430.000  9.384799e-17  1.318444e+01  1.411600e-16  3.621910e-13  1.715663e+00  1.178671e-17 
  440.000  6.972602e-16  2.157265e+01  1.122404e-15  2.030070e-12  2.807281e+00  2.239426e-16 
  450.000  3.408213e-15  2.556137e+01 -8.822426e-16  7.601232e-12  3.326603e+00 -1.826915e-16 
  460.000  1.302952e-14  2.577647e+01 -1.386688e-16  2.256174e-11  3.355107e+00 -1.054264e-16 
  470.000  4.726176e-14  2.695131e+01  5.932114e-17  6.441506e-11  3.508607e+00 -6.983650e-17 
  480.000  1.522913e-13  2.712316e+01 -7.102959e-16  1.649836e-10  3.531515e+00 -1.802871e-16 
  490.000  4.968838e-13  2.839213e+01 -5.952845e-16  4.337821e-10  3.698903e+00 -1.984082e-16 
  500.000  1.282458e-12  2.554022e+01 -3.192231e-15  9.091892e-10  3.328965e+00 -1.009577e-15 
  510.000  3.529311e-12  2.595290e+01  6.820398e-16  2.052868e-09  3.384748e+00  8.350067e-17 
  520.000  8.587419e-12  2.459584e+01 -7.230303e-16  4.136961e-09  3.210006e+00 -1.921628e-16 
  530.000  2.046061e-11  2.404291e+01  3.944568e-15  8.217134e-09  3.140191e+00  1.143861e-15 
  540.000  4.829026e-11  2.409017e+01  2.899322e-15  1.632285e-08  3.149610e+00  1.004872e-15 
  550.000  1.054821e-10  2.339197e+01 -3.543578e-15  3.022523e-08  3.061747e+00 -1.068583e-15 
  560.000  2.112949e-10  2.171369e+01 -4.362502e-16  5.161750e-08  2.845492e+00 -9.866311e-17 
  570.000  2.640887e-10  2.050139e+01 -1.166300e-16  5.990650e-08  2.686893e+00 -4.685357e-18 
  580.000  8.176210e-10  2.115665e+01 -8.003303e-16  1.484748e-07  2.778303e+00 -1.152833e-16 
  590.000  8.842450e-10  1.885431e+01 -5.850388e-16  1.523449e-07  2.473251e+00 -1.068379e-16 
  600.000  2.171414e-09  2.088698e+01  2.547145e-16  3.241132e-07  2.753959e+00  1.266296e-16 
  610.000  5.858448e-09  2.111285e+01 -1.586547e-16  7.178791e-07  2.791618e+00  6.741073e-18 
  620.000  1.071446e-08  2.192336e+01 -4.082063e-16  1.166938e-06  2.904837e+00 -4.769699e-18 
  630.000  1.209197e-08  2.015559e+01 -1.993828e-16  1.247423e-06  2.673414e+00 -6.760410e-17 
  640.000  3.239576e-08  2.248275e+01 -1.421472e-15  2.827454e-06  2.994424e+00 -4.106377e-16 
  650.000  3.696619e-08  2.157520e+01 -4.804899e-16  3.104030e-06  2.878933e+00 -7.789379e-17 
  660.000  9.390942e-08  2.408395e+01 -1.066834e-15  6.672968e-06  3.226519e+00 -1.047759e-16 
  670.000  1.602500e-07  2.519587e+01  8.303672e-17  1.033212e-05  3.388498e+00 -3.104353e-17 
  680.000  2.513191e-07  2.524423e+01 -9.672874e-16  1.474672e-05  3.406280e+00 -2.240757e-16 
  690.000  1.984066e-07  1.950646e+01  1.026502e-16  1.130779e-05  2.627982e+00  6.193251e-17 
  700.000  3.470535e-07  2.230570e+01 -1.082424e-16  1.808644e-05  3.013731e+00  1.382855e-17 
  710.000  5.849661e-07  2.349272e+01 -1.483601e-18  2.783217e-05  3.193758e+00 -3.426972e-17 
  720.000  3.660144e-07  1.498508e+01 -2.696722e-16  1.609748e-05  2.010226e+00 -8.841444e-17 
  730.000  8.098346e-07  1.834721e+01  5.681181e-16  3.273506e-05  2.491501e+00  6.353037e-17 
  740.000  1.884205e-06  2.292915e+01 -6.569289e-17  6.977166e-05  3.160094e+00  8.958285e-18 
  750.000  3.716312e-06  2.393105e+01  2.065620e-16  1.210056e-04  3.320702e+00 -5.840448e-17 
  760.000  1.201622e-07  2.343178e+00 -1.562193e-17  3.732898e-06  3.106685e-01  1.357007e-18 
  770.000  5.670429e-06  2.316546e+01  9.887544e-16  1.669025e-04  3.241735e+00  1.946059e-16 
  780.000  9.867894e-06  2.371200e+01 -1.158156e-16  2.593653e-04  3.336993e+00 -9.852219e-17 
  790.000  9.112970e-06  2.140562e+01  9.134290e-16  2.346362e-04  3.013791e+00  3.234064e-16 
  800.000  1.194077e-05  2.065948e+01  3.714864e-16  2.875368e-04  2.923348e+00  6.000813e-17 
  810.000  1.632271e-05  2.061590e+01  3.064601e-16  3.679117e-04  2.934975e+00  5.829979e-17 
  820.000  1.547386e-05  1.686277e+01  3.041806e-16  3.293272e-04  2.391663e+00  4.141953e-17 
  830.000  2.269138e-05  1.803921e+01  1.193709e-16  4.537542e-04  2.578368e+00  5.699312e-17 
  840.000  3.564113e-05  1.971066e+01  6.535021e-16  6.685682e-04  2.849747e+00  1.541907e-16 
  850.000  4.239989e-05  1.747583e+01  1.621511e-15  7.493242e-04  2.545062e+00  2.867179e-16 
  860.000  7.627119e-05  2.004388e+01  2.139780e-16  1.225968e-03  2.941042e+00  1.149519e-17 
  870.000  9.678267e-05  1.995765e+01 -2.209052e-16  1.473813e-03  2.944984e+00 -2.690027e-17 
  880.000  1.177892e-04  1.932457e+01 -1.058238e-15  1.701226e-03  2.866314e+00 -3.196966e-16 
  890.000  1.434066e-04  1.891934e+01  4.144379e-16  1.967202e-03  2.819969e+00  1.380369e-16 
  900.000  5.277176e-05  1.022298e+01 -1.380077e-16  7.192655e-04  1.482335e+00 -3.157793e-17 
  910.000  6.626485e-05  1.014571e+01  2.394799e-17  8.594234e-04  1.480091e+00  8.984555e-18 
  920.000  1.386373e-04  1.360601e+01 -1.128156e-16  1.710700e-03  2.028343e+00 -2.694629e-17 
  930.000  4.342246e-05  6.324294e+00 -7.995417e-17  5.118222e-04  9.029999e-01 -1.302935e-17 
  940.000  4.850534e-05  6.233502e+00  1.019286e-16  5.454542e-04  8.907443e-01  5.182619e-17 
  950.000  3.125977e-05  4.237525e+00 -2.992133e-17  3.358393e-04  5.966351e-01 -2.501059e-17 
  960.000  9.680589e-05  6.748025e+00 -2.680032e-16  9.965724e-04  9.876934e-01 -8.322294e-17 
  970.000  3.339344e-04  1.224760e+01  1.785131e-16  3.286862e-03  1.875428e+00  3.110410e-17 
  980.000  4.289960e-04  1.262517e+01 -6.405453e-16  4.045317e-03  1.950661e+00 -2.183820e-16 
  990.000  6.855139e-04  1.476810e+01  7.039081e-17  6.169841e-03  2.323385e+00  2.765576e-17 
 1000.000  9.594913e-04  1.494840e+01 -1.935218e-15  8.051253e-03  2.370317e+00 -5.153768e-16 
 1010.000  9.098135e-04  1.409551e+01 -1.024636e-16  7.561396e-03  2.239842e+00 -8.352581e-18 
 1020.000  1.246366e-03  1.402279e+01  4.438704e-17  9.675842e-03  2.247219e+00  1.200174e-17 
 1030.000  1.478996e-03  1.410340e+01  8.589191e-17  1.105716e-02  2.273852e+00  5.624104e-17 
 1040.000  1.662066e-03  1.358493e+01  4.837878e-16  1.197207e-02  2.201712e+00  1.360809e-16 
 1050.000  1.825174e-03  1.294154e+01 -6.654980e-17  1.266803e-02  2.106122e+00 -3.366498e-17 
 1060.000  1.923903e-03  1.203471e+01  2.202656e-16  1.287178e-02  1.963620e+00  1.808199e-17 
 1070.000  1.779681e-03  1.117061e+01 -2.710937e-16  1.186267e-02  1.827678e+00 -4.747423e-17 
 1080.000  1.904009e-03  1.082598e+01  2.433382e-17  1.236309e-02  1.775502e+00 -7.002624e-18 
 1090.000  1.899737e-03  9.892603e+00 -1.285340e-16  1.201532e-02  1.622738e+00 -3.923870e-17 
 1100.000  1.086883e-03  6.389225e+00  9.303235e-18  6.695435e-03  1.026369e+00  7.909363e-18 
