  300.000  1.511603e-27  1.182048e-03  5.396829e-26  1.863832e-25  1.527331e-04  1.457345e-26 
  310.000  2.638164e-17  1.326342e-01  2.840436e-18  3.635115e-15  1.724250e-02  6.384279e-19 
  320.000  3.146666e-14  1.828755e+00  7.279339e-17  4.036046e-12  2.384918e-01  3.264791e-18 
  330.000  2.566928e-12  1.315012e+01 -4.100595e-16  2.947872e-10  1.720275e+00 -1.920641e-17 
  340.000  1.870336e-11  1.448754e+01 -5.842391e-16  1.785913e-09  1.899306e+00 -1.475689e-16 
  350.000  1.390568e-10  1.973760e+01  1.225175e-15  1.101777e-08  2.591408e+00  1.462590e-16 
  360.000  6.646637e-10  2.143519e+01 -7.444512e-17  4.398614e-08  2.818376e+00  9.916627e-18 
  370.000  3.255318e-09  2.567956e+01 -8.994513e-16  1.821455e-07  3.386908e+00 -8.511542e-17 
  380.000  9.361755e-09  2.181624e+01  7.365651e-16  4.473702e-07  2.885688e+00  1.992754e-16 
  390.000  3.598053e-08  2.654437e+01  1.182081e-15  1.483171e-06  3.526384e+00  3.799143e-16 
  400.000  1.387041e-07  3.650009e+01 -5.225276e-16  4.975276e-06  4.871906e+00 -1.009525e-16 
  410.000  3.346304e-07  3.422652e+01 -3.380728e-16  1.053010e-05  4.593482e+00 -5.344635e-17 
  420.000  7.797384e-07  3.346208e+01  1.016083e-16  2.168704e-05  4.518787e+00 -1.679855e-16 
  430.000  1.354797e-06  2.608104e+01 -5.615429e-17  3.353232e-05  3.546512e+00  9.410434e-17 
  440.000  4.566187e-06  4.188348e+01 -1.791124e-15  1.011967e-04  5.738744e+00 -1.683653e-16 
  450.000  1.057411e-05  4.877319e+01  1.168993e-15  2.110934e-04  6.738055e+00  1.975630e-16 
  460.000  1.993338e-05  4.839844e+01 -4.557336e-16  3.602281e-04  6.746071e+00 -1.194262e-16 
  470.000  3.701042e-05  4.984650e+01 -4.007102e-15  6.088819e-04  7.011451e+00 -6.050451e-16 
  480.000  6.312982e-05  4.945166e+01 -1.401228e-15  9.481944e-04  7.018207e+00 -3.051786e-16 
  490.000  1.127412e-04  5.113304e+01 -2.071878e-15  1.555526e-03  7.342002e+00 -6.466899e-17 
  500.000  1.638939e-04  4.545015e+01  1.310710e-15  2.081215e-03  6.595893e+00  2.038966e-16 
  510.000  2.612676e-04  4.567474e+01  3.658749e-15  3.066388e-03  6.701537e+00  5.222914e-16 
  520.000  3.779476e-04  4.284206e+01  5.439734e-17  4.115392e-03  6.356554e+00  3.102254e-16 
  530.000  5.482173e-04  4.146880e+01 -2.301037e-15  5.547460e-03  6.219749e+00 -2.807696e-16 
  540.000  8.063284e-04  4.119289e+01  9.470104e-16  7.615572e-03  6.252669e+00  3.687399e-16 
  550.000  1.120888e-03  3.967325e+01  1.512357e-15  9.908053e-03  6.092793e+00  2.243598e-16 
  560.000  1.457257e-03  3.654004e+01 -1.565179e-16  1.207539e-02  5.675334e+00  2.275102e-17 
  570.000  1.527530e-03  3.411124e+01 -4.857239e-16  1.225081e-02  5.320791e+00 -9.889865e-17 
  580.000  2.511548e-03  3.501373e+01 -3.991580e-16  1.848014e-02  5.538363e+00 -2.128737e-16 
  590.000  2.379611e-03  3.082205e+01 -5.556716e-17  1.712637e-02  4.881827e+00 -4.101199e-17 
  600.000  3.956167e-03  3.420282e+01  1.330341e-15  2.688174e-02  5.548721e+00  4.106406e-16 
  610.000  6.069137e-03  3.447110e+01  1.536319e-15  3.822594e-02  5.677257e+00  2.606134e-16 
  620.000  7.960514e-03  3.559541e+01 -2.595399e-15  4.792549e-02  5.923026e+00 -4.917622e-16 
  630.000  7.839680e-03  3.243341e+01 -3.098388e-16  4.618844e-02  5.419888e+00  1.388765e-17 
  640.000  1.287255e-02  3.619034e+01 -2.530086e-15  7.121896e-02  6.157035e+00 -5.516253e-16 
  650.000  1.329962e-02  3.449824e+01  2.293264e-16  7.248542e-02  5.910805e+00  1.369126e-16 
  660.000  2.091267e-02  3.847256e+01 -3.301244e-15  1.069605e-01  6.686042e+00 -9.406957e-16 
  670.000  2.715077e-02  4.019016e+01 -1.513827e-16  1.337966e-01  7.072494e+00 -3.916974e-17 
  680.000  3.271037e-02  4.013232e+01 -5.768091e-16  1.554773e-01  7.130663e+00 -1.471679e-16 
  690.000  2.419358e-02  3.055422e+01  1.214132e-16  1.135685e-01  5.387916e+00  1.877958e-16 
  700.000  3.292745e-02  3.478800e+01 -1.219598e-15  1.494163e-01  6.194175e+00 -2.694300e-16 
  710.000  4.328847e-02  3.674709e+01  9.628670e-16  1.896015e-01  6.646969e+00  2.270937e-16 
  720.000  2.191934e-02  2.249357e+01 -5.906009e-17  9.312720e-02  3.913695e+00 -1.145419e-17 
  730.000  3.850890e-02  2.799268e+01 -5.703642e-16  1.582784e-01  5.034362e+00 -1.354747e-16 
  740.000  7.058211e-02  3.579027e+01  1.398530e-15  2.802917e-01  6.670239e+00  4.765361e-16 
  750.000  9.701480e-02  3.750990e+01 -3.854945e-16  3.664342e-01  7.088147e+00 -5.765481e-17 
  760.000  3.016175e-03  3.361037e+00 -6.478248e-17  1.108973e-02  5.461761e-01 -1.805904e-17 
  770.000  1.139152e-01  3.616026e+01  2.006535e-15  4.137017e-01  6.925017e+00  7.091137e-16 
  780.000  1.442517e-01  3.702534e+01 -1.097133e-15  5.012150e-01  7.153788e+00 -5.483249e-16 
  790.000  1.280003e-01  3.305849e+01  2.879845e-16  4.408667e-01  6.373338e+00  6.165610e-17 
  800.000  1.402747e-01  3.187634e+01 -4.189134e-16  4.705119e-01  6.187897e+00 -9.283305e-17 
  810.000  1.607241e-01  3.184768e+01  2.169376e-16  5.252131e-01  6.234962e+00  2.794396e-17 
  820.000  1.309853e-01  2.557331e+01 -6.539103e-16  4.183301e-01  4.956605e+00 -8.435066e-17 
  830.000  1.627418e-01  2.746800e+01  1.554655e-15  5.070895e-01  5.381935e+00  3.095887e-16 
  840.000  2.155377e-01  3.035589e+01 -5.437465e-16  6.549258e-01  6.046848e+00 -8.641371e-17 
  850.000  2.188168e-01  2.700645e+01 -7.640119e-16  6.494513e-01  5.426147e+00 -6.624383e-17 
  860.000  3.021348e-01  3.106709e+01 -1.044385e-15  8.639799e-01  6.290158e+00 -2.121512e-16 
  870.000  3.325394e-01  3.092306e+01  8.887259e-16  9.307886e-01  6.292249e+00  2.048325e-16 
  880.000  3.523979e-01  2.989661e+01  8.271617e-16  9.658143e-01  6.106982e+00  1.584432e-16 
  890.000  3.750540e-01  2.920420e+01  6.036484e-17  1.007072e+00  5.985182e+00 -6.800528e-17 
  900.000  1.384037e-01  1.477503e+01 -1.789823e-16  3.705434e-01  2.895750e+00 -5.874021e-17 
  910.000  1.526939e-01  1.467408e+01  1.412182e-15  4.008355e-01  2.894017e+00  4.257166e-16 
  920.000  2.800528e-01  2.034331e+01  2.875117e-16  7.207456e-01  4.129370e+00  1.677584e-16 
  930.000  7.833210e-02  8.682346e+00  2.638039e-17  1.979995e-01  1.641430e+00  1.558211e-17 
  940.000  7.756813e-02  8.467681e+00  3.779750e-17  1.924450e-01  1.598048e+00  4.039698e-18 
  950.000  4.455088e-02  5.605614e+00 -2.725195e-16  1.085594e-01  1.026098e+00 -8.832194e-17 
  960.000  1.232021e-01  9.379063e+00  6.595335e-17  2.951266e-01  1.827616e+00  1.909398e-17 
  970.000  3.774635e-01  1.824463e+01  5.373837e-17  8.881816e-01  3.767838e+00  2.288059e-17 
  980.000  4.347669e-01  1.892229e+01 -4.948912e-16  1.005767e+00  3.935616e+00 -1.246426e-16 
  990.000  6.157706e-01  2.263548e+01  7.214056e-16  1.398680e+00  4.785818e+00  1.477051e-16 
 1000.000  7.108155e-01  2.297016e+01 -1.652600e-15  1.570563e+00  4.873726e+00 -2.973551e-16 
 1010.000  6.697511e-01  2.155460e+01  5.961217e-17  1.473879e+00  4.573637e+00  3.675581e-17 
 1020.000  7.610610e-01  2.152317e+01  3.891958e-16  1.630372e+00  4.583920e+00  1.080524e-16 
 1030.000  8.228043e-01  2.167409e+01  4.821928e-16  1.736517e+00  4.627224e+00  3.098300e-16 
 1040.000  8.442649e-01  2.086945e+01 -5.408510e-16  1.755620e+00  4.462441e+00 -1.477673e-16 
 1050.000  8.481877e-01  1.983634e+01  5.612958e-16  1.737516e+00  4.243817e+00  8.286764e-17 
 1060.000  8.196361e-01  1.835198e+01  4.472985e-16  1.654187e+00  3.923203e+00  1.744705e-16 
 1070.000  7.561190e-01  1.692672e+01 -2.460950e-16  1.523365e+00  3.619805e+00 -6.133737e-17 
 1080.000  7.497393e-01  1.626175e+01  2.065757e-16  1.495238e+00  3.473487e+00  2.111860e-17 
 1090.000  6.934587e-01  1.468911e+01  1.855746e-16  1.368819e+00  3.127583e+00  2.777708e-17 
 1100.000  3.687641e-01  9.010912e+00 -5.749485e-17  7.203997e-01  1.878029e+00 -1.852346e-17 
