  300.000  7.632319e-39  5.280231e-04  1.686865e-20  1.766213e-34  6.824073e-05  1.702050e-21 
  310.000  2.988732e-28  6.250000e-02 -1.743088e-18  8.136799e-24  8.106462e-03  6.775624e-25 
  320.000  1.014323e-24  9.045144e-01  1.436338e-17  2.221072e-20  1.175462e-01  5.407931e-18 
  330.000  2.308825e-22  6.802991e+00  7.870679e-17  3.809692e-18  8.856413e-01  2.949161e-17 
  340.000  4.582067e-21  7.780637e+00 -3.860984e-16  5.164448e-17  1.014012e+00 -7.472671e-17 
  350.000  8.654822e-20  1.086317e+01 -6.533020e-17  6.635750e-16  1.415515e+00  3.412836e-17 
  360.000  9.891820e-19  1.206660e+01  2.250245e-16  5.252565e-15  1.571821e+00  6.000987e-17 
  370.000  1.092655e-17  1.475878e+01  3.513653e-16  4.119366e-14  1.922650e+00  4.858285e-17 
  380.000  6.727373e-17  1.278146e+01 -2.750620e-16  1.838556e-13  1.664780e+00 -5.963979e-17 
  390.000  5.273693e-16  1.582791e+01 -3.249717e-19  1.066317e-12  2.061828e+00 -7.439598e-17 
  400.000  3.969161e-15  2.212219e+01  9.109834e-16  6.044941e-12  2.881990e+00  1.135708e-16 
  410.000  1.795868e-14  2.105887e+01 -8.135732e-16  2.094763e-11  2.743934e+00 -1.061945e-16 
  420.000  7.563591e-14  2.087671e+01 -7.587996e-17  6.861371e-11  2.720938e+00  7.476674e-18 
  430.000  2.295700e-13  1.648174e+01 -2.066352e-16  1.642569e-10  2.148973e+00 -6.909289e-17 
  440.000  1.310105e-12  2.678313e+01  3.048081e-16  7.488721e-10  3.493956e+00 -1.777323e-16 
  450.000  4.990670e-12  3.153126e+01 -7.291230e-16  2.306930e-09  4.116148e+00 -1.692383e-16 
  460.000  1.506947e-11  3.160470e+01  5.702781e-16  5.693063e-09  4.129286e+00  2.103736e-16 
  470.000  4.371440e-11  3.285717e+01  2.634322e-16  1.364655e-08  4.297041e+00  9.510429e-17 
  480.000  1.139350e-10  3.288860e+01 -1.472905e-17  2.960896e-08  4.305479e+00  6.332486e-17 
  490.000  3.040180e-10  3.425724e+01  1.617653e-16  6.651656e-08  4.492491e+00 -5.691367e-17 
  500.000  6.479763e-10  3.067100e+01 -1.824641e-15  1.200385e-07  4.028852e+00 -6.774905e-16 
  510.000  1.486409e-09  3.102849e+01  4.401309e-16  2.350809e-07  4.083488e+00  1.112995e-16 
  520.000  3.040926e-09  2.928349e+01 -2.481785e-16  4.136930e-07  3.861975e+00 -1.478998e-16 
  530.000  6.141031e-09  2.851204e+01  7.197630e-16  7.221232e-07  3.768595e+00  3.739173e-16 
  540.000  1.237986e-08  2.846398e+01  2.047355e-15  1.268228e-06  3.772473e+00  5.325059e-16 
  550.000  2.326029e-08  2.754381e+01 -9.697628e-16  2.087744e-06  3.661032e+00 -4.157179e-16 
  560.000  4.034495e-08  2.548407e+01  4.194933e-16  3.186310e-06  3.397475e+00 -8.176371e-17 
  570.000  4.754803e-08  2.397278e+01  9.253277e-16  3.535434e-06  3.199742e+00  2.258390e-16 
  580.000  1.192354e-07  2.467233e+01  1.322902e-15  7.426767e-06  3.307247e+00  8.976934e-17 
  590.000  1.233808e-07  2.190700e+01 -7.309430e-17  7.365726e-06  2.935728e+00 -6.850145e-17 
  600.000  2.659420e-07  2.423570e+01  4.179175e-17  1.415737e-05  3.276662e+00  6.235776e-17 
  610.000  5.945050e-07  2.444863e+01  6.995831e-16  2.705396e-05  3.323955e+00  2.020997e-16 
  620.000  9.730136e-07  2.532809e+01 -1.316194e-16  4.032526e-05  3.458225e+00  4.660388e-17 
  630.000  1.048700e-06  2.322089e+01  6.762087e-17  4.162659e-05  3.178104e+00 -7.434314e-17 
  640.000  2.386881e-06  2.587086e+01 -1.346346e-15  8.299319e-05  3.567640e+00 -2.524060e-16 
  650.000  2.633832e-06  2.477000e+01 -6.149037e-16  8.882029e-05  3.428475e+00 -1.614150e-16 
  660.000  5.702248e-06  2.761570e+01 -6.168488e-16  1.684363e-04  3.849279e+00 -1.839762e-16 
  670.000  8.881342e-06  2.885500e+01 -2.365702e-16  2.428742e-04  4.048867e+00 -8.696524e-18 
  680.000  1.275445e-05  2.886685e+01 -5.364039e-16  3.236575e-04  4.073678e+00 -4.087729e-17 
  690.000  9.853241e-06  2.222852e+01  7.185713e-16  2.441940e-04  3.130484e+00  1.471695e-16 
  700.000  1.584813e-05  2.537723e+01  9.847921e-16  3.659063e-04  3.592900e+00  3.620432e-16 
  710.000  2.458373e-05  2.672373e+01  5.985580e-16  5.279577e-04  3.819949e+00  5.652088e-17 
  720.000  1.433692e-05  1.690455e+01  2.568172e-16  2.891659e-04  2.371058e+00  9.720377e-17 
  730.000  2.937084e-05  2.074761e+01 -8.155123e-17  5.538934e-04  2.964350e+00 -6.189110e-17 
  740.000  6.309013e-05  2.602707e+01 -6.693826e-16  1.109699e-03  3.800139e+00 -1.263093e-16 
  750.000  1.103403e-04  2.717298e+01 -8.893942e-16  1.751712e-03  4.008039e+00 -3.762076e-16 
  760.000  3.528926e-06  2.617088e+00 -5.949864e-17  5.372783e-05  3.595545e-01 -8.157680e-18 
  770.000  1.542052e-04  2.626130e+01  6.803681e-16  2.259430e-03  3.921073e+00  1.377518e-16 
  780.000  2.414455e-04  2.687359e+01  7.009658e-17  3.232145e-03  4.045194e+00 -1.399529e-17 
  790.000  2.199921e-04  2.419873e+01 -2.571564e-16  2.896422e-03  3.644438e+00  5.433426e-18 
  800.000  2.715826e-04  2.334419e+01 -3.514290e-16  3.389555e-03  3.540108e+00 -7.358611e-17 
  810.000  3.500106e-04  2.329491e+01  4.518717e-16  4.143957e-03  3.561916e+00  7.587614e-17 
  820.000  3.155636e-04  1.897846e+01 -4.513624e-16  3.568123e-03  2.887535e+00 -1.295766e-16 
  830.000  4.378555e-04  2.031497e+01 -1.088174e-15  4.710651e-03  3.122669e+00 -1.878873e-16 
  840.000  6.496106e-04  2.224592e+01  6.866021e-17  6.641890e-03  3.471170e+00 -5.331880e-18 
  850.000  7.329545e-04  1.973535e+01  8.990561e-16  7.146155e-03  3.108410e+00  2.433974e-16 
  860.000  1.207441e-03  2.264924e+01  5.252249e-16  1.091398e-02  3.601753e+00  2.445488e-16 
  870.000  1.461154e-03  2.254943e+01  1.005351e-15  1.264938e-02  3.611013e+00  1.921585e-16 
  880.000  1.698095e-03  2.182684e+01  2.841758e-16  1.409160e-02  3.517142e+00  1.241589e-16 
  890.000  1.976763e-03  2.135926e+01  1.027155e-15  1.574237e-02  3.461853e+00  2.820786e-16 
  900.000  7.281665e-04  1.137948e+01  1.322481e-16  5.767695e-03  1.779578e+00  1.353462e-17 
  910.000  8.757272e-04  1.129479e+01 -7.680635e-17  6.666845e-03  1.779646e+00 -3.117727e-17 
  920.000  1.753367e-03  1.525523e+01 -6.375190e-17  1.282845e-02  2.470268e+00 -6.441290e-19 
  930.000  5.289012e-04  6.961838e+00  3.700612e-17  3.730193e-03  1.066405e+00 -1.494515e-18 
  940.000  5.675561e-04  6.846289e+00 -4.422442e-18  3.855061e-03  1.049317e+00 -1.899904e-19 
  950.000  3.520027e-04  4.627306e+00  1.545514e-17  2.305244e-03  6.953917e-01 -1.477669e-17 
  960.000  1.049617e-03  7.447986e+00 -2.484364e-17  6.644126e-03  1.176479e+00  7.588165e-18 
  970.000  3.479986e-03  1.372800e+01  1.824335e-16  2.125529e-02  2.292024e+00  6.628369e-17 
  980.000  4.310752e-03  1.417257e+01 -1.292106e-16  2.544345e-02  2.390527e+00 -4.632649e-17 
  990.000  6.615659e-03  1.666610e+01 -1.053709e-16  3.762643e-02  2.870124e+00 -3.129956e-17 
 1000.000  8.684864e-03  1.688815e+01  5.121086e-17  4.670567e-02  2.933273e+00  1.378365e-17 
 1010.000  8.216731e-03  1.590671e+01 -1.458247e-16  4.384902e-02  2.768090e+00 -3.933157e-17 
 1020.000  1.057746e-02  1.584765e+01  1.600414e-15  5.345547e-02  2.782876e+00  4.215659e-16 
 1030.000  1.216787e-02  1.594851e+01 -4.269501e-16  5.966995e-02  2.818208e+00 -5.897332e-17 
 1040.000  1.326561e-02  1.536617e+01  5.561894e-16  6.314727e-02  2.729619e+00  1.892559e-16 
 1050.000  1.414203e-02  1.463603e+01 -3.484766e-16  6.534583e-02  2.610273e+00 -8.762693e-17 
 1060.000  1.448185e-02  1.359920e+01 -7.749567e-16  6.497232e-02  2.430703e+00 -2.273361e-16 
 1070.000  1.338246e-02  1.260218e+01 -9.092723e-17  5.985903e-02  2.257733e+00 -1.538782e-17 
 1080.000  1.395947e-02  1.219059e+01  2.795834e-16  6.115039e-02  2.187895e+00  5.990913e-17 
 1090.000  1.358096e-02  1.111119e+01  5.159940e-17  5.825772e-02  1.992978e+00 -1.884700e-17 
 1100.000  7.583280e-03  7.090632e+00 -2.211867e-16  3.185043e-02  1.241221e+00 -8.351267e-17 
