  300.000  5.737716e-22  1.764743e-03 -2.923805e-20  5.747289e-21  2.276871e-04  7.351735e-21 
  310.000  6.983315e-12  1.926697e-01  2.318146e-18  7.368302e-11  2.519001e-02  1.367204e-18 
  320.000  5.129390e-09  2.598226e+00 -3.948831e-17  5.280212e-08  3.436859e-01 -3.009949e-17 
  330.000  2.574619e-07  1.831704e+01  6.349174e-16  2.540140e-06  2.453781e+00  1.973725e-16 
  340.000  1.142861e-06  1.985481e+01 -2.180917e-16  1.030617e-05  2.683581e+00 -1.557338e-16 
  350.000  5.357801e-06  2.679456e+01  4.285683e-16  4.412867e-05  3.658081e+00  1.143991e-16 
  360.000  1.661155e-05  2.885235e+01  2.045478e-15  1.252410e-04  3.978001e+00  1.464474e-16 
  370.000  5.433062e-05  3.432358e+01 -1.393642e-16  3.771865e-04  4.802309e+00 -1.824623e-16 
  380.000  1.070529e-04  2.897254e+01  3.003955e-16  6.878329e-04  4.108593e+00 -1.343937e-18 
  390.000  2.887636e-04  3.507009e+01 -4.389686e-16  1.725442e-03  5.058740e+00 -6.605847e-17 
  400.000  7.983480e-04  4.800314e+01  2.790729e-16  4.455626e-03  7.042736e+00 -5.624279e-17 
  410.000  1.409109e-03  4.483858e+01  1.062699e-15  7.374984e-03  6.696488e+00  2.494724e-16 
  420.000  2.446490e-03  4.369326e+01  1.522776e-16  1.205189e-02  6.646037e+00 -1.359658e-16 
  430.000  3.221118e-03  3.396173e+01  2.646540e-15  1.498474e-02  5.263210e+00  8.309227e-16 
  440.000  8.354459e-03  5.441265e+01  1.880305e-15  3.681210e-02  8.592180e+00  4.190150e-16 
  450.000  1.510339e-02  6.324047e+01 -4.222383e-17  6.322069e-02  1.017463e+01 -1.824508e-16 
  460.000  2.251896e-02  6.265543e+01 -3.222744e-16  8.974963e-02  1.026981e+01  1.686297e-16 
  470.000  3.348575e-02  6.442867e+01 -1.694715e-15  1.274457e-01  1.074680e+01 -6.757239e-16 
  480.000  4.622933e-02  6.380134e+01  2.549798e-15  1.681774e-01  1.080964e+01  7.361570e-16 
  490.000  6.760032e-02  6.596809e+01 -2.971924e-15  2.358437e-01  1.140186e+01 -5.039490e-16 
  500.000  8.117768e-02  5.858460e+01  1.602365e-15  2.717202e-01  1.029269e+01 -1.183048e-16 
  510.000  1.079067e-01  5.882664e+01  2.524321e-15  3.472839e-01  1.049862e+01  2.547044e-16 
  520.000  1.312962e-01  5.513482e+01 -1.275170e-15  4.070793e-01  9.987569e+00 -1.516775e-16 
  530.000  1.613663e-01  5.330706e+01  4.031018e-16  4.821581e-01  9.785110e+00 -1.507088e-17 
  540.000  2.027387e-01  5.292852e+01 -1.315728e-15  5.852055e-01  9.854364e+00 -1.936932e-16 
  550.000  2.424063e-01  5.093870e+01 -2.247458e-15  6.768377e-01  9.606214e+00 -2.175372e-16 
  560.000  2.727338e-01  4.686523e+01 -1.663048e-15  7.369987e-01  8.939323e+00 -5.848504e-16 
  570.000  2.693154e-01  4.349948e+01 -9.617434e-16  7.147205e-01  8.309695e+00 -1.106782e-16 
  580.000  3.588790e-01  4.466397e+01  4.423237e-16  9.140130e-01  8.646999e+00  2.405533e-16 
  590.000  3.253306e-01  3.901482e+01 -6.353774e-16  8.188116e-01  7.538870e+00 -9.441082e-17 
  600.000  4.751116e-01  4.361919e+01 -9.075774e-16  1.161293e+00  8.645466e+00 -2.630124e-16 
  610.000  6.044504e-01  4.399432e+01  2.316961e-15  1.425183e+00  8.828241e+00  1.656880e-16 
  620.000  7.104971e-01  4.533166e+01  2.116087e-15  1.639637e+00  9.159973e+00  2.645993e-16 
  630.000  6.692826e-01  4.108280e+01  1.169030e-15  1.527667e+00  8.306580e+00  1.455322e-16 
  640.000  9.348386e-01  4.594926e+01 -2.335631e-16  2.072624e+00  9.422394e+00 -1.027223e-16 
  650.000  9.352335e-01  4.364758e+01 -2.636418e-15  2.057887e+00  8.984841e+00 -4.063981e-16 
  660.000  1.254828e+00  4.866196e+01  4.047525e-16  2.680348e+00  1.010488e+01 -2.118013e-17 
  670.000  1.488726e+00  5.082365e+01 -1.996091e-16  3.124103e+00  1.063454e+01  1.044526e-17 
  680.000  1.644057e+00  5.062868e+01  1.562992e-15  3.391501e+00  1.064269e+01  1.873621e-16 
  690.000  1.189356e+00  3.810366e+01  1.632464e-15  2.437561e+00  7.919985e+00  5.641356e-16 
  700.000  1.490653e+00  4.321896e+01 -6.702062e-16  3.006695e+00  9.034227e+00 -8.703352e-17 
  710.000  1.805127e+00  4.576460e+01  1.182302e-15  3.578853e+00  9.663973e+00  9.373648e-18 
  720.000  8.519529e-01  2.701252e+01  1.156215e-16  1.665993e+00  5.484601e+00  8.522049e-17 
  730.000  1.386503e+00  3.407398e+01 -5.464046e-16  2.666895e+00  7.105635e+00  2.503711e-18 
  740.000  2.348707e+00  4.438007e+01 -3.011296e-15  4.439714e+00  9.495814e+00 -8.164008e-16 
  750.000  2.862810e+00  4.650237e+01  6.290341e-16  5.282730e+00  1.000716e+01  2.135363e-16 
  760.000  8.721375e-02  3.897911e+00  8.253577e-17  1.586842e-01  7.199345e-01  3.585405e-17 
  770.000  3.084117e+00  4.461622e+01 -3.078170e-16  5.583004e+00  9.636116e+00  1.338782e-16 
  780.000  3.512424e+00  4.548439e+01  1.647262e-15  6.225052e+00  9.842624e+00  3.554518e-16 
  790.000  3.075697e+00  4.029284e+01  5.119553e-16  5.425217e+00  8.688238e+00  8.735686e-17 
  800.000  3.176180e+00  3.873404e+01  2.512558e-15  5.529745e+00  8.365131e+00  6.280530e-16 
  810.000  3.432026e+00  3.863276e+01 -3.555906e-15  5.898732e+00  8.364542e+00 -1.195138e-15 
  820.000  2.658887e+00  3.053914e+01  6.456180e-16  4.519191e+00  6.546197e+00  2.612197e-16 
  830.000  3.126448e+00  3.281232e+01  5.304768e-16  5.249212e+00  7.065073e+00  1.336564e-16 
  840.000  3.913471e+00  3.643385e+01  3.509796e-16  6.489184e+00  7.906053e+00  1.595567e-16 
  850.000  3.769490e+00  3.238336e+01 -1.458784e-15  6.178341e+00  7.042367e+00 -2.653827e-16 
  860.000  4.765238e+00  3.707887e+01  1.595808e-15  7.671065e+00  8.069451e+00  2.386701e-16 
  870.000  5.002426e+00  3.676737e+01 -9.647615e-16  7.968231e+00  8.003029e+00  2.097485e-16 
  880.000  5.062321e+00  3.538657e+01 -1.758930e-15  7.979931e+00  7.699877e+00 -6.273712e-16 
  890.000  5.151898e+00  3.439361e+01 -1.128534e-15  8.039349e+00  7.479913e+00 -1.138693e-16 
  900.000  1.902628e+00  1.672707e+01 -1.378045e-16  2.965718e+00  3.546764e+00  1.899936e-17 
  910.000  2.010632e+00  1.657238e+01  1.663202e-16  3.103662e+00  3.520153e+00 -2.622561e-17 
  920.000  3.529893e+00  2.334971e+01 -1.023871e-15  5.393542e+00  5.021069e+00 -2.894672e-16 
  930.000  9.508145e-01  9.468335e+00  5.792259e-17  1.441307e+00  1.941799e+00  3.382350e-17 
  940.000  9.045131e-01  9.155414e+00 -8.551819e-17  1.358671e+00  1.875512e+00  6.195602e-19 
  950.000  4.999634e-01  5.968937e+00  5.954049e-18  7.446086e-01  1.188422e+00  3.686586e-19 
  960.000  1.331595e+00  1.021534e+01  7.464159e-17  1.965155e+00  2.128592e+00  8.403945e-18 
  970.000  3.922140e+00  2.053064e+01 -3.847539e-17  5.733435e+00  4.410761e+00  1.137667e-17 
  980.000  4.356491e+00  2.128720e+01  1.414066e-17  6.314539e+00  4.579991e+00 -9.619187e-17 
  990.000  5.929119e+00  2.564569e+01 -1.309790e-15  8.515839e+00  5.546351e+00 -5.186729e-16 
 1000.000  6.417870e+00  2.583996e+01 -1.823624e-16  9.094668e+00  5.583077e+00  3.964735e-17 
 1010.000  6.035329e+00  2.420140e+01 -2.158969e-16  8.533766e+00  5.223556e+00 -9.430763e-17 
 1020.000  6.443355e+00  2.400218e+01  9.980609e-16  8.991951e+00  5.176003e+00  3.758344e-16 
 1030.000  6.753729e+00  2.408583e+01 -1.382872e-15  9.355699e+00  5.188976e+00 -4.694394e-16 
 1040.000  6.723190e+00  2.309306e+01 -1.414219e-16  9.245209e+00  4.969933e+00  1.454940e-16 
 1050.000  6.556342e+00  2.183986e+01  1.509843e-15  8.947952e+00  4.695103e+00  5.196025e-16 
 1060.000  6.153661e+00  2.008218e+01 -2.128181e-16  8.335747e+00  4.312344e+00 -1.766790e-16 
 1070.000  5.672298e+00  1.848180e+01  1.617292e-16  7.675482e+00  3.965820e+00  3.090067e-17 
 1080.000  5.484490e+00  1.762548e+01 -3.520092e-17  7.385318e+00  3.775192e+00  3.151888e-17 
 1090.000  4.946713e+00  1.578410e+01 -1.130559e-16  6.628034e+00  3.370466e+00 -2.672939e-17 
 1100.000  2.567203e+00  9.448803e+00 -2.496703e-16  3.423622e+00  2.005551e+00 -7.278283e-17 
